<?xml version="1.0" encoding="UTF-8" ?>
<testsuite errors="157" failures="4" hostname="ysera" name="com.ibm.support.electronic.cache.AllTests" tests="352" time="2.401" timestamp="2011-10-14T12:00:50">
  <properties>
[...]
</properties>
  <testcase classname="com.ibm.support.electronic.cache.HelperTest" name="testCheckNull1" time="0.0040" />
  <testcase classname="com.ibm.support.electronic.cache.HelperTest" name="testCheckNull2" time="0.0" />
  <testcase classname="com.ibm.support.electronic.cache.HelperTest" name="testCheckNullOrEmpty1" time="0.0" />
  <testcase classname="com.ibm.support.electronic.cache.HelperTest" name="testCheckNullOrEmpty2" time="0.0" />
  <testcase classname="com.ibm.support.electronic.cache.HelperTest" name="testCheckNullOrEmpty3" time="0.0" />
  <testcase classname="com.ibm.support.electronic.cache.HelperTest" name="testGetProperty1_Exists" time="0.0010" />
  <testcase classname="com.ibm.support.electronic.cache.HelperTest" name="testGetProperty1_NotExist" time="0.0" />
  <testcase classname="com.ibm.support.electronic.cache.HelperTest" name="testGetProperty1_NotString" time="0.0" />
  <testcase classname="com.ibm.support.electronic.cache.HelperTest" name="testGetProperty1_EmptyString" time="0.0" />
  <testcase classname="com.ibm.support.electronic.cache.HelperTest" name="testGetProperty2_Exists" time="0.0" />
  <testcase classname="com.ibm.support.electronic.cache.HelperTest" name="testGetProperty2_MissingRequired" time="0.0" />
  <testcase classname="com.ibm.support.electronic.cache.HelperTest" name="testGetProperty2_MissingOptional" time="0.0" />
  <testcase classname="com.ibm.support.electronic.cache.HelperTest" name="testGetProperty2_NotString" time="0.0" />
  <testcase classname="com.ibm.support.electronic.cache.HelperTest" name="testGetProperty2_EmptyString" time="0.0" />
  <testcase classname="com.ibm.support.electronic.cache.HelperTest" name="testGetIntProperty_Exists" time="0.0" />
  <testcase classname="com.ibm.support.electronic.cache.HelperTest" name="testGetProperty_NotExist" time="0.0010" />
  <testcase classname="com.ibm.support.electronic.cache.HelperTest" name="testGetIntProperty_NotString" time="0.0" />
  <testcase classname="com.ibm.support.electronic.cache.HelperTest" name="testGetIntProperty_EmptyString" time="0.0" />
  <testcase classname="com.ibm.support.electronic.cache.HelperTest" name="testGetIntProperty_Invalid" time="0.0" />
  <testcase classname="com.ibm.support.electronic.cache.HelperTest" name="testGetIntProperty_Illegal" time="0.0010" />
  <testcase classname="com.ibm.support.electronic.cache.HelperTest" name="testConcat" time="0.0" />
  <testcase classname="com.ibm.support.electronic.cache.ObjectCacheConfigurationExceptionTest" name="testCtor1" time="0.0" />
  <testcase classname="com.ibm.support.electronic.cache.ObjectCacheConfigurationExceptionTest" name="testCtor2" time="0.0" />
  <testcase classname="com.ibm.support.electronic.cache.ObjectCacheExceptionTest" name="testCtor1" time="0.0" />
  <testcase classname="com.ibm.support.electronic.cache.ObjectCacheExceptionTest" name="testCtor2" time="0.0" />
  <testcase classname="com.ibm.support.electronic.cache.PersistenceExceptionTest" name="testCtor1" time="0.0" />
  <testcase classname="com.ibm.support.electronic.cache.PersistenceExceptionTest" name="testCtor2" time="0.0" />
  <testcase classname="com.ibm.support.electronic.cache.StatisticsPrintingExceptionTest" name="testCtor1" time="0.0010" />
  <testcase classname="com.ibm.support.electronic.cache.StatisticsPrintingExceptionTest" name="testCtor2" time="0.0" />
  <testcase classname="com.ibm.support.electronic.cache.cachemanager.CacheManagerImplConstructorTest" name="testCtor1" time="0.046">
    <error message="Error in CacheManagerImpl#loadProperties" type="com.ibm.support.electronic.cache.ObjectCacheConfigurationException">com.ibm.support.electronic.cache.ObjectCacheConfigurationException: Error in CacheManagerImpl#loadProperties
	at com.ibm.support.electronic.cache.cachemanager.CacheManagerImpl.loadProperties(CacheManagerImpl.java:835)
	at com.ibm.support.electronic.cache.cachemanager.CacheManagerImpl.&lt;init&gt;(CacheManagerImpl.java:180)
	at com.ibm.support.electronic.cache.cachemanager.CacheManagerImpl.&lt;init&gt;(CacheManagerImpl.java:159)
	at com.ibm.support.electronic.cache.cachemanager.CacheManagerImplConstructorTest.testCtor1(CacheManagerImplConstructorTest.java:90)
Caused by: java.io.FileNotFoundException: config.properties (No such file or directory)
	at java.io.FileInputStream.open(Native Method)
	at java.io.FileInputStream.&lt;init&gt;(FileInputStream.java:106)
	at java.io.FileInputStream.&lt;init&gt;(FileInputStream.java:66)
	at com.ibm.support.electronic.cache.cachemanager.CacheManagerImpl.loadProperties(CacheManagerImpl.java:831)
</error>
  </testcase>
  <testcase classname="com.ibm.support.electronic.cache.cachemanager.CacheManagerImplConstructorTest" name="testCtor2" time="0.102">
    <error message="Instance of the &apos;com.ibm.support.electronic.cache.printer.CacheStatisticsPrinterImpl&apos; must can be assigned to &apos;com.ibm.support.electronic.cache.CacheStatisticsPrinter&apos;" type="com.ibm.support.electronic.cache.ObjectCacheConfigurationException">com.ibm.support.electronic.cache.ObjectCacheConfigurationException: Instance of the &apos;com.ibm.support.electronic.cache.printer.CacheStatisticsPrinterImpl&apos; must can be assigned to &apos;com.ibm.support.electronic.cache.CacheStatisticsPrinter&apos;
	at com.ibm.support.electronic.cache.cachemanager.CacheManagerImpl.createReflectively(CacheManagerImpl.java:915)
	at com.ibm.support.electronic.cache.cachemanager.CacheManagerImpl.&lt;init&gt;(CacheManagerImpl.java:239)
	at com.ibm.support.electronic.cache.cachemanager.CacheManagerImpl.&lt;init&gt;(CacheManagerImpl.java:180)
	at com.ibm.support.electronic.cache.cachemanager.CacheManagerImplConstructorTest.testCtor2(CacheManagerImplConstructorTest.java:629)
</error>
  </testcase>
  <testcase classname="com.ibm.support.electronic.cache.cachemanager.CacheManagerImplConstructorTest" name="testCtor1_MissingConfigFile" time="0.0040" />
  <testcase classname="com.ibm.support.electronic.cache.cachemanager.CacheManagerImplConstructorTest" name="testCtor1_MalformedUnicodeConfigFile" time="0.0010" />
  <testcase classname="com.ibm.support.electronic.cache.cachemanager.CacheManagerImplConstructorTest" name="testCtor1_EmptyCachedObjectDAOClass" time="0.0" />
  <testcase classname="com.ibm.support.electronic.cache.cachemanager.CacheManagerImplConstructorTest" name="testCtor1_CachedObjectDAOClassNotFound" time="0.0" />
  <testcase classname="com.ibm.support.electronic.cache.cachemanager.CacheManagerImplConstructorTest" name="testCtor1_InvalidCachedObjectDAOClass" time="0.0010" />
  <testcase classname="com.ibm.support.electronic.cache.cachemanager.CacheManagerImplConstructorTest" name="testCtor1_AbstractCachedObjectDAOClass" time="0.0" />
  <testcase classname="com.ibm.support.electronic.cache.cachemanager.CacheManagerImplConstructorTest" name="testCtor1_NoMatchingCtorCachedObjectDAOClass" time="0.0010" />
  <testcase classname="com.ibm.support.electronic.cache.cachemanager.CacheManagerImplConstructorTest" name="testCtor1_ErrorCachedObjectDAOClass" time="0.0" />
  <testcase classname="com.ibm.support.electronic.cache.cachemanager.CacheManagerImplConstructorTest" name="testCtor1_InaccessibleCachedObjectDAOClass" time="0.0" />
  <testcase classname="com.ibm.support.electronic.cache.cachemanager.CacheManagerImplConstructorTest" name="testCtor1_EmptyMemoryCacheClass" time="0.0010" />
  <testcase classname="com.ibm.support.electronic.cache.cachemanager.CacheManagerImplConstructorTest" name="testCtor1_MemoryCacheClassNotFound" time="0.0" />
  <testcase classname="com.ibm.support.electronic.cache.cachemanager.CacheManagerImplConstructorTest" name="testCtor1_InvalidMemoryCacheClass" time="0.0" />
  <testcase classname="com.ibm.support.electronic.cache.cachemanager.CacheManagerImplConstructorTest" name="testCtor1_AbstractMemoryCacheClass" time="0.0010" />
  <testcase classname="com.ibm.support.electronic.cache.cachemanager.CacheManagerImplConstructorTest" name="testCtor1_NoMatchingCtorMemoryCacheClass" time="0.0020" />
  <testcase classname="com.ibm.support.electronic.cache.cachemanager.CacheManagerImplConstructorTest" name="testCtor1_ErrorMemoryCacheClass" time="0.0010" />
  <testcase classname="com.ibm.support.electronic.cache.cachemanager.CacheManagerImplConstructorTest" name="testCtor1_InaccessibleMemoryCacheClass" time="0.0010" />
  <testcase classname="com.ibm.support.electronic.cache.cachemanager.CacheManagerImplConstructorTest" name="testCtor1_EmptyCacheStatisticsPrinterClass" time="0.0" />
  <testcase classname="com.ibm.support.electronic.cache.cachemanager.CacheManagerImplConstructorTest" name="testCtor1_CacheStatisticsPrinterClassNotFound" time="0.0010" />
  <testcase classname="com.ibm.support.electronic.cache.cachemanager.CacheManagerImplConstructorTest" name="testCtor1_InvalidCacheStatisticsPrinterClass" time="0.0010" />
  <testcase classname="com.ibm.support.electronic.cache.cachemanager.CacheManagerImplConstructorTest" name="testCtor1_AbstractCacheStatisticsPrinterClass" time="0.0" />
  <testcase classname="com.ibm.support.electronic.cache.cachemanager.CacheManagerImplConstructorTest" name="testCtor1_NoMatchingCtorCacheStatisticsPrinterClass" time="0.0" />
  <testcase classname="com.ibm.support.electronic.cache.cachemanager.CacheManagerImplConstructorTest" name="testCtor1_ErrorCacheStatisticsPrinterClass" time="0.0010" />
  <testcase classname="com.ibm.support.electronic.cache.cachemanager.CacheManagerImplConstructorTest" name="testCtor1_InaccessibleCacheStatisticsPrinterClass" time="0.0010" />
  <testcase classname="com.ibm.support.electronic.cache.cachemanager.CacheManagerImplConstructorTest" name="testCtor1_EmptyMaxMemorySize" time="0.0070" />
  <testcase classname="com.ibm.support.electronic.cache.cachemanager.CacheManagerImplConstructorTest" name="testCtor1_IllegalMaxMemorySize" time="0.0010" />
  <testcase classname="com.ibm.support.electronic.cache.cachemanager.CacheManagerImplConstructorTest" name="testCtor1_InvalidMaxMemorySize" time="0.0010" />
  <testcase classname="com.ibm.support.electronic.cache.cachemanager.CacheManagerImplConstructorTest" name="testCtor1_EmptyCacheSetName" time="0.0" />
  <testcase classname="com.ibm.support.electronic.cache.cachemanager.CacheManagerImplConstructorTest" name="testCtor2_NullConfigFilePath" time="0.0060">
    <error message="Unexpected exception, expected&lt;java.lang.IllegalArgumentException&gt; but was&lt;java.lang.NullPointerException&gt;" type="java.lang.Exception">java.lang.Exception: Unexpected exception, expected&lt;java.lang.IllegalArgumentException&gt; but was&lt;java.lang.NullPointerException&gt;
Caused by: java.lang.NullPointerException
	at java.io.FileInputStream.&lt;init&gt;(FileInputStream.java:103)
	at java.io.FileInputStream.&lt;init&gt;(FileInputStream.java:66)
	at com.ibm.support.electronic.cache.cachemanager.CacheManagerImpl.loadProperties(CacheManagerImpl.java:831)
	at com.ibm.support.electronic.cache.cachemanager.CacheManagerImpl.&lt;init&gt;(CacheManagerImpl.java:180)
	at com.ibm.support.electronic.cache.cachemanager.CacheManagerImplConstructorTest.testCtor2_NullConfigFilePath(CacheManagerImplConstructorTest.java:651)
</error>
  </testcase>
  <testcase classname="com.ibm.support.electronic.cache.cachemanager.CacheManagerImplConstructorTest" name="testCtor2_EmptyConfigFilePath" time="0.0010">
    <error message="Unexpected exception, expected&lt;java.lang.IllegalArgumentException&gt; but was&lt;com.ibm.support.electronic.cache.ObjectCacheConfigurationException&gt;" type="java.lang.Exception">java.lang.Exception: Unexpected exception, expected&lt;java.lang.IllegalArgumentException&gt; but was&lt;com.ibm.support.electronic.cache.ObjectCacheConfigurationException&gt;
Caused by: com.ibm.support.electronic.cache.ObjectCacheConfigurationException: Error in CacheManagerImpl#loadProperties
	at com.ibm.support.electronic.cache.cachemanager.CacheManagerImpl.loadProperties(CacheManagerImpl.java:835)
	at com.ibm.support.electronic.cache.cachemanager.CacheManagerImpl.&lt;init&gt;(CacheManagerImpl.java:180)
	at com.ibm.support.electronic.cache.cachemanager.CacheManagerImplConstructorTest.testCtor2_EmptyConfigFilePath(CacheManagerImplConstructorTest.java:662)
Caused by: java.io.FileNotFoundException:   (No such file or directory)
	at java.io.FileInputStream.open(Native Method)
	at java.io.FileInputStream.&lt;init&gt;(FileInputStream.java:106)
	at java.io.FileInputStream.&lt;init&gt;(FileInputStream.java:66)
	at com.ibm.support.electronic.cache.cachemanager.CacheManagerImpl.loadProperties(CacheManagerImpl.java:831)
</error>
  </testcase>
  <testcase classname="com.ibm.support.electronic.cache.cachemanager.CacheManagerImplConstructorTest" name="testCtor2_MissingConfigFile" time="0.0" />
  <testcase classname="com.ibm.support.electronic.cache.cachemanager.CacheManagerImplConstructorTest" name="testCtor2_MalformedUnicodeConfigFile" time="0.0010">
    <error message="Unexpected exception, expected&lt;com.ibm.support.electronic.cache.ObjectCacheConfigurationException&gt; but was&lt;java.lang.IllegalArgumentException&gt;" type="java.lang.Exception">java.lang.Exception: Unexpected exception, expected&lt;com.ibm.support.electronic.cache.ObjectCacheConfigurationException&gt; but was&lt;java.lang.IllegalArgumentException&gt;
Caused by: java.lang.IllegalArgumentException: Malformed \uxxxx encoding.
	at java.util.Properties.loadConvert(Properties.java:552)
	at java.util.Properties.load0(Properties.java:375)
	at java.util.Properties.load(Properties.java:325)
	at com.ibm.support.electronic.cache.cachemanager.CacheManagerImpl.loadProperties(CacheManagerImpl.java:832)
	at com.ibm.support.electronic.cache.cachemanager.CacheManagerImpl.&lt;init&gt;(CacheManagerImpl.java:180)
	at com.ibm.support.electronic.cache.cachemanager.CacheManagerImplConstructorTest.testCtor2_MalformedUnicodeConfigFile(CacheManagerImplConstructorTest.java:684)
</error>
  </testcase>
  <testcase classname="com.ibm.support.electronic.cache.cachemanager.CacheManagerImplConstructorTest" name="testCtor2_EmptyCachedObjectDAOClass" time="0.0" />
  <testcase classname="com.ibm.support.electronic.cache.cachemanager.CacheManagerImplConstructorTest" name="testCtor2_CachedObjectDAOClassNotFound" time="0.0010" />
  <testcase classname="com.ibm.support.electronic.cache.cachemanager.CacheManagerImplConstructorTest" name="testCtor2_InvalidCachedObjectDAOClass" time="0.0010" />
  <testcase classname="com.ibm.support.electronic.cache.cachemanager.CacheManagerImplConstructorTest" name="testCtor2_AbstractCachedObjectDAOClass" time="0.0" />
  <testcase classname="com.ibm.support.electronic.cache.cachemanager.CacheManagerImplConstructorTest" name="testCtor2_NoMatchingCtorCachedObjectDAOClass" time="0.0" />
  <testcase classname="com.ibm.support.electronic.cache.cachemanager.CacheManagerImplConstructorTest" name="testCtor2_ErrorCachedObjectDAOClass" time="0.0010" />
  <testcase classname="com.ibm.support.electronic.cache.cachemanager.CacheManagerImplConstructorTest" name="testCtor2_InaccessibleCachedObjectDAOClass" time="0.0010" />
  <testcase classname="com.ibm.support.electronic.cache.cachemanager.CacheManagerImplConstructorTest" name="testCtor2_EmptyMemoryCacheClass" time="0.0" />
  <testcase classname="com.ibm.support.electronic.cache.cachemanager.CacheManagerImplConstructorTest" name="testCtor2_MemoryCacheClassNotFound" time="0.0010" />
  <testcase classname="com.ibm.support.electronic.cache.cachemanager.CacheManagerImplConstructorTest" name="testCtor2_InvalidMemoryCacheClass" time="0.0010" />
  <testcase classname="com.ibm.support.electronic.cache.cachemanager.CacheManagerImplConstructorTest" name="testCtor2_AbstractMemoryCacheClass" time="0.0" />
  <testcase classname="com.ibm.support.electronic.cache.cachemanager.CacheManagerImplConstructorTest" name="testCtor2_NoMatchingCtorMemoryCacheClass" time="0.0010" />
  <testcase classname="com.ibm.support.electronic.cache.cachemanager.CacheManagerImplConstructorTest" name="testCtor2_ErrorMemoryCacheClass" time="0.0" />
  <testcase classname="com.ibm.support.electronic.cache.cachemanager.CacheManagerImplConstructorTest" name="testCtor2_InaccessibleMemoryCacheClass" time="0.0010" />
  <testcase classname="com.ibm.support.electronic.cache.cachemanager.CacheManagerImplConstructorTest" name="testCtor2_EmptyCacheStatisticsPrinterClass" time="0.0" />
  <testcase classname="com.ibm.support.electronic.cache.cachemanager.CacheManagerImplConstructorTest" name="testCtor2_CacheStatisticsPrinterClassNotFound" time="0.0" />
  <testcase classname="com.ibm.support.electronic.cache.cachemanager.CacheManagerImplConstructorTest" name="testCtor2_InvalidCacheStatisticsPrinterClass" time="0.0010" />
  <testcase classname="com.ibm.support.electronic.cache.cachemanager.CacheManagerImplConstructorTest" name="testCtor2_AbstractCacheStatisticsPrinterClass" time="0.0010" />
  <testcase classname="com.ibm.support.electronic.cache.cachemanager.CacheManagerImplConstructorTest" name="testCtor2_NoMatchingCtorCacheStatisticsPrinterClass" time="0.0010" />
  <testcase classname="com.ibm.support.electronic.cache.cachemanager.CacheManagerImplConstructorTest" name="testCtor2_ErrorCacheStatisticsPrinterClass" time="0.0010" />
  <testcase classname="com.ibm.support.electronic.cache.cachemanager.CacheManagerImplConstructorTest" name="testCtor2_InaccessibleCacheStatisticsPrinterClass" time="0.0" />
  <testcase classname="com.ibm.support.electronic.cache.cachemanager.CacheManagerImplConstructorTest" name="testCtor2_EmptyMaxMemorySize" time="0.0" />
  <testcase classname="com.ibm.support.electronic.cache.cachemanager.CacheManagerImplConstructorTest" name="testCtor2_IllegalMaxMemorySize" time="0.0010" />
  <testcase classname="com.ibm.support.electronic.cache.cachemanager.CacheManagerImplConstructorTest" name="testCtor2_InvalidMaxMemorySize" time="0.0010" />
  <testcase classname="com.ibm.support.electronic.cache.cachemanager.CacheManagerImplConstructorTest" name="testCtor2_EmptyCacheSetName" time="0.0" />
  <testcase classname="com.ibm.support.electronic.cache.cachemanager.CacheManagerImplConstructorTest" name="testCtor3" time="0.0010">
    <error message="Instance of the &apos;com.ibm.support.electronic.cache.printer.CacheStatisticsPrinterImpl&apos; must can be assigned to &apos;com.ibm.support.electronic.cache.CacheStatisticsPrinter&apos;" type="com.ibm.support.electronic.cache.ObjectCacheConfigurationException">com.ibm.support.electronic.cache.ObjectCacheConfigurationException: Instance of the &apos;com.ibm.support.electronic.cache.printer.CacheStatisticsPrinterImpl&apos; must can be assigned to &apos;com.ibm.support.electronic.cache.CacheStatisticsPrinter&apos;
	at com.ibm.support.electronic.cache.cachemanager.CacheManagerImpl.createReflectively(CacheManagerImpl.java:915)
	at com.ibm.support.electronic.cache.cachemanager.CacheManagerImpl.&lt;init&gt;(CacheManagerImpl.java:239)
	at com.ibm.support.electronic.cache.cachemanager.CacheManagerImpl.&lt;init&gt;(CacheManagerImpl.java:205)
	at com.ibm.support.electronic.cache.cachemanager.CacheManagerImplConstructorTest.testCtor3(CacheManagerImplConstructorTest.java:973)
</error>
  </testcase>
  <testcase classname="com.ibm.support.electronic.cache.cachemanager.CacheManagerImplConstructorTest" name="testCtor3_NullProp" time="0.0" />
  <testcase classname="com.ibm.support.electronic.cache.cachemanager.CacheManagerImplConstructorTest" name="testCtor3_NullCacheSetName" time="0.0" />
  <testcase classname="com.ibm.support.electronic.cache.cachemanager.CacheManagerImplConstructorTest" name="testCtor3_EmptyConfigFilePath" time="0.0010" />
  <testcase classname="com.ibm.support.electronic.cache.cachemanager.CacheManagerImplConstructorTest" name="testCtor3_EmptyCachedObjectDAOClass" time="0.0" />
  <testcase classname="com.ibm.support.electronic.cache.cachemanager.CacheManagerImplConstructorTest" name="testCtor3_CachedObjectDAOClassNotFound" time="0.0010" />
  <testcase classname="com.ibm.support.electronic.cache.cachemanager.CacheManagerImplConstructorTest" name="testCtor3_InvalidCachedObjectDAOClass" time="0.0" />
  <testcase classname="com.ibm.support.electronic.cache.cachemanager.CacheManagerImplConstructorTest" name="testCtor3_AbstractCachedObjectDAOClass" time="0.0" />
  <testcase classname="com.ibm.support.electronic.cache.cachemanager.CacheManagerImplConstructorTest" name="testCtor3_NoMatchingCtorCachedObjectDAOClass" time="0.0010" />
  <testcase classname="com.ibm.support.electronic.cache.cachemanager.CacheManagerImplConstructorTest" name="testCtor3_ErrorCachedObjectDAOClass" time="0.0" />
  <testcase classname="com.ibm.support.electronic.cache.cachemanager.CacheManagerImplConstructorTest" name="testCtor3_InaccessibleCachedObjectDAOClass" time="0.0010" />
  <testcase classname="com.ibm.support.electronic.cache.cachemanager.CacheManagerImplConstructorTest" name="testCtor3_EmptyMemoryCacheClass" time="0.0" />
  <testcase classname="com.ibm.support.electronic.cache.cachemanager.CacheManagerImplConstructorTest" name="testCtor3_MemoryCacheClassNotFound" time="0.0010" />
  <testcase classname="com.ibm.support.electronic.cache.cachemanager.CacheManagerImplConstructorTest" name="testCtor3_InvalidMemoryCacheClass" time="0.0" />
  <testcase classname="com.ibm.support.electronic.cache.cachemanager.CacheManagerImplConstructorTest" name="testCtor3_AbstractMemoryCacheClass" time="0.0070" />
  <testcase classname="com.ibm.support.electronic.cache.cachemanager.CacheManagerImplConstructorTest" name="testCtor3_NoMatchingCtorMemoryCacheClass" time="0.0010" />
  <testcase classname="com.ibm.support.electronic.cache.cachemanager.CacheManagerImplConstructorTest" name="testCtor3_ErrorMemoryCacheClass" time="0.0" />
  <testcase classname="com.ibm.support.electronic.cache.cachemanager.CacheManagerImplConstructorTest" name="testCtor3_InaccessibleMemoryCacheClass" time="0.0" />
  <testcase classname="com.ibm.support.electronic.cache.cachemanager.CacheManagerImplConstructorTest" name="testCtor3_EmptyCacheStatisticsPrinterClass" time="0.0010" />
  <testcase classname="com.ibm.support.electronic.cache.cachemanager.CacheManagerImplConstructorTest" name="testCtor3_CacheStatisticsPrinterClassNotFound" time="0.0" />
  <testcase classname="com.ibm.support.electronic.cache.cachemanager.CacheManagerImplConstructorTest" name="testCtor3_InvalidCacheStatisticsPrinterClass" time="0.0" />
  <testcase classname="com.ibm.support.electronic.cache.cachemanager.CacheManagerImplConstructorTest" name="testCtor3_AbstractCacheStatisticsPrinterClass" time="0.0010" />
  <testcase classname="com.ibm.support.electronic.cache.cachemanager.CacheManagerImplConstructorTest" name="testCtor3_NoMatchingCtorCacheStatisticsPrinterClass" time="0.0" />
  <testcase classname="com.ibm.support.electronic.cache.cachemanager.CacheManagerImplConstructorTest" name="testCtor3_ErrorCacheStatisticsPrinterClass" time="0.0010" />
  <testcase classname="com.ibm.support.electronic.cache.cachemanager.CacheManagerImplConstructorTest" name="testCtor3_InaccessibleCacheStatisticsPrinterClass" time="0.0" />
  <testcase classname="com.ibm.support.electronic.cache.cachemanager.CacheManagerImplConstructorTest" name="testCtor3_EmptyMaxMemorySize" time="0.0" />
  <testcase classname="com.ibm.support.electronic.cache.cachemanager.CacheManagerImplConstructorTest" name="testCtor3_IllegalMaxMemorySize" time="0.0010" />
  <testcase classname="com.ibm.support.electronic.cache.cachemanager.CacheManagerImplConstructorTest" name="testCtor3_InvalidMaxMemorySize" time="0.0" />
  <testcase classname="com.ibm.support.electronic.cache.cachemanager.CacheManagerImplConstructorTest" name="testCtor4" time="0.0020">
    <error message="Instance of the &apos;com.ibm.support.electronic.cache.printer.CacheStatisticsPrinterImpl&apos; must can be assigned to &apos;com.ibm.support.electronic.cache.CacheStatisticsPrinter&apos;" type="com.ibm.support.electronic.cache.ObjectCacheConfigurationException">com.ibm.support.electronic.cache.ObjectCacheConfigurationException: Instance of the &apos;com.ibm.support.electronic.cache.printer.CacheStatisticsPrinterImpl&apos; must can be assigned to &apos;com.ibm.support.electronic.cache.CacheStatisticsPrinter&apos;
	at com.ibm.support.electronic.cache.cachemanager.CacheManagerImpl.createReflectively(CacheManagerImpl.java:915)
	at com.ibm.support.electronic.cache.cachemanager.CacheManagerImpl.&lt;init&gt;(CacheManagerImpl.java:239)
	at com.ibm.support.electronic.cache.cachemanager.CacheManagerImplConstructorTest.testCtor4(CacheManagerImplConstructorTest.java:1346)
</error>
  </testcase>
  <testcase classname="com.ibm.support.electronic.cache.cachemanager.CacheManagerImplConstructorTest" name="testCtor4_NoOptional" time="0.0020">
    <error message="An exception was thrown by the invoked constructor" type="com.ibm.support.electronic.cache.ObjectCacheConfigurationException">com.ibm.support.electronic.cache.ObjectCacheConfigurationException: An exception was thrown by the invoked constructor
	at com.ibm.support.electronic.cache.cachemanager.CacheManagerImpl.createReflectively(CacheManagerImpl.java:934)
	at com.ibm.support.electronic.cache.cachemanager.CacheManagerImpl.&lt;init&gt;(CacheManagerImpl.java:236)
	at com.ibm.support.electronic.cache.cachemanager.CacheManagerImplConstructorTest.testCtor4_NoOptional(CacheManagerImplConstructorTest.java:1372)
Caused by: java.lang.reflect.InvocationTargetException
	at java.lang.reflect.Constructor.newInstance(Constructor.java:513)
	at com.ibm.support.electronic.cache.cachemanager.CacheManagerImpl.createReflectively(CacheManagerImpl.java:919)
Caused by: java.lang.NullPointerException
	at com.ibm.support.electronic.cache.dao.CachedObjectDAOImpl.&lt;init&gt;(CachedObjectDAOImpl.java:96)
</error>
  </testcase>
  <testcase classname="com.ibm.support.electronic.cache.cachemanager.CacheManagerImplConstructorTest" name="testCtor4_NullProp" time="0.0" />
  <testcase classname="com.ibm.support.electronic.cache.cachemanager.CacheManagerImplConstructorTest" name="testCtor4_EmptyCachedObjectDAOClass" time="0.0" />
  <testcase classname="com.ibm.support.electronic.cache.cachemanager.CacheManagerImplConstructorTest" name="testCtor4_CachedObjectDAOClassNotFound" time="0.0010" />
  <testcase classname="com.ibm.support.electronic.cache.cachemanager.CacheManagerImplConstructorTest" name="testCtor4_InvalidCachedObjectDAOClass" time="0.0" />
  <testcase classname="com.ibm.support.electronic.cache.cachemanager.CacheManagerImplConstructorTest" name="testCtor4_AbstractCachedObjectDAOClass" time="0.0" />
  <testcase classname="com.ibm.support.electronic.cache.cachemanager.CacheManagerImplConstructorTest" name="testCtor4_NoMatchingCtorCachedObjectDAOClass" time="0.0" />
  <testcase classname="com.ibm.support.electronic.cache.cachemanager.CacheManagerImplConstructorTest" name="testCtor4_ErrorCachedObjectDAOClass" time="0.0" />
  <testcase classname="com.ibm.support.electronic.cache.cachemanager.CacheManagerImplConstructorTest" name="testCtor4_InaccessibleCachedObjectDAOClass" time="0.0010" />
  <testcase classname="com.ibm.support.electronic.cache.cachemanager.CacheManagerImplConstructorTest" name="testCtor4_EmptyMemoryCacheClass" time="0.0" />
  <testcase classname="com.ibm.support.electronic.cache.cachemanager.CacheManagerImplConstructorTest" name="testCtor4_MemoryCacheClassNotFound" time="0.0010" />
  <testcase classname="com.ibm.support.electronic.cache.cachemanager.CacheManagerImplConstructorTest" name="testCtor4_InvalidMemoryCacheClass" time="0.0" />
  <testcase classname="com.ibm.support.electronic.cache.cachemanager.CacheManagerImplConstructorTest" name="testCtor4_AbstractMemoryCacheClass" time="0.0010" />
  <testcase classname="com.ibm.support.electronic.cache.cachemanager.CacheManagerImplConstructorTest" name="testCtor4_NoMatchingCtorMemoryCacheClass" time="0.0010" />
  <testcase classname="com.ibm.support.electronic.cache.cachemanager.CacheManagerImplConstructorTest" name="testCtor4_ErrorMemoryCacheClass" time="0.0" />
  <testcase classname="com.ibm.support.electronic.cache.cachemanager.CacheManagerImplConstructorTest" name="testCtor4_InaccessibleMemoryCacheClass" time="0.0010" />
  <testcase classname="com.ibm.support.electronic.cache.cachemanager.CacheManagerImplConstructorTest" name="testCtor4_EmptyCacheStatisticsPrinterClass" time="0.0" />
  <testcase classname="com.ibm.support.electronic.cache.cachemanager.CacheManagerImplConstructorTest" name="testCtor4_CacheStatisticsPrinterClassNotFound" time="0.0010" />
  <testcase classname="com.ibm.support.electronic.cache.cachemanager.CacheManagerImplConstructorTest" name="testCtor4_InvalidCacheStatisticsPrinterClass" time="0.0010" />
  <testcase classname="com.ibm.support.electronic.cache.cachemanager.CacheManagerImplConstructorTest" name="testCtor4_AbstractCacheStatisticsPrinterClass" time="0.0" />
  <testcase classname="com.ibm.support.electronic.cache.cachemanager.CacheManagerImplConstructorTest" name="testCtor4_NoMatchingCtorCacheStatisticsPrinterClass" time="0.0" />
  <testcase classname="com.ibm.support.electronic.cache.cachemanager.CacheManagerImplConstructorTest" name="testCtor4_ErrorCacheStatisticsPrinterClass" time="0.0010" />
  <testcase classname="com.ibm.support.electronic.cache.cachemanager.CacheManagerImplConstructorTest" name="testCtor4_InaccessibleCacheStatisticsPrinterClass" time="0.0" />
  <testcase classname="com.ibm.support.electronic.cache.cachemanager.CacheManagerImplConstructorTest" name="testCtor4_EmptyMaxMemorySize" time="0.0010" />
  <testcase classname="com.ibm.support.electronic.cache.cachemanager.CacheManagerImplConstructorTest" name="testCtor4_IllegalMaxMemorySize" time="0.0" />
  <testcase classname="com.ibm.support.electronic.cache.cachemanager.CacheManagerImplConstructorTest" name="testCtor4_InvalidMaxMemorySize" time="0.0" />
  <testcase classname="com.ibm.support.electronic.cache.cachemanager.CacheManagerImplTest" name="testPrintStatistics" time="0.0020">
    <error message="Instance of the &apos;com.ibm.support.electronic.cache.printer.CacheStatisticsPrinterImpl&apos; must can be assigned to &apos;com.ibm.support.electronic.cache.CacheStatisticsPrinter&apos;" type="com.ibm.support.electronic.cache.ObjectCacheConfigurationException">com.ibm.support.electronic.cache.ObjectCacheConfigurationException: Instance of the &apos;com.ibm.support.electronic.cache.printer.CacheStatisticsPrinterImpl&apos; must can be assigned to &apos;com.ibm.support.electronic.cache.CacheStatisticsPrinter&apos;
	at com.ibm.support.electronic.cache.cachemanager.CacheManagerImpl.createReflectively(CacheManagerImpl.java:915)
	at com.ibm.support.electronic.cache.cachemanager.CacheManagerImpl.&lt;init&gt;(CacheManagerImpl.java:239)
	at com.ibm.support.electronic.cache.cachemanager.CacheManagerImplTest.setUp(CacheManagerImplTest.java:79)
</error>
  </testcase>
  <testcase classname="com.ibm.support.electronic.cache.cachemanager.CacheManagerImplTest" name="testPrintStatistics_PrintingFail1" time="0.0010">
    <error message="Instance of the &apos;com.ibm.support.electronic.cache.printer.CacheStatisticsPrinterImpl&apos; must can be assigned to &apos;com.ibm.support.electronic.cache.CacheStatisticsPrinter&apos;" type="com.ibm.support.electronic.cache.ObjectCacheConfigurationException">com.ibm.support.electronic.cache.ObjectCacheConfigurationException: Instance of the &apos;com.ibm.support.electronic.cache.printer.CacheStatisticsPrinterImpl&apos; must can be assigned to &apos;com.ibm.support.electronic.cache.CacheStatisticsPrinter&apos;
	at com.ibm.support.electronic.cache.cachemanager.CacheManagerImpl.createReflectively(CacheManagerImpl.java:915)
	at com.ibm.support.electronic.cache.cachemanager.CacheManagerImpl.&lt;init&gt;(CacheManagerImpl.java:239)
	at com.ibm.support.electronic.cache.cachemanager.CacheManagerImplTest.setUp(CacheManagerImplTest.java:79)
</error>
  </testcase>
  <testcase classname="com.ibm.support.electronic.cache.cachemanager.CacheManagerImplTest" name="testPrintStatistics_NullPrintWriter" time="0.0010">
    <error message="Instance of the &apos;com.ibm.support.electronic.cache.printer.CacheStatisticsPrinterImpl&apos; must can be assigned to &apos;com.ibm.support.electronic.cache.CacheStatisticsPrinter&apos;" type="com.ibm.support.electronic.cache.ObjectCacheConfigurationException">com.ibm.support.electronic.cache.ObjectCacheConfigurationException: Instance of the &apos;com.ibm.support.electronic.cache.printer.CacheStatisticsPrinterImpl&apos; must can be assigned to &apos;com.ibm.support.electronic.cache.CacheStatisticsPrinter&apos;
	at com.ibm.support.electronic.cache.cachemanager.CacheManagerImpl.createReflectively(CacheManagerImpl.java:915)
	at com.ibm.support.electronic.cache.cachemanager.CacheManagerImpl.&lt;init&gt;(CacheManagerImpl.java:239)
	at com.ibm.support.electronic.cache.cachemanager.CacheManagerImplTest.setUp(CacheManagerImplTest.java:79)
</error>
  </testcase>
  <testcase classname="com.ibm.support.electronic.cache.cachemanager.CacheManagerImplTest" name="testGet1" time="0.0010">
    <error message="Instance of the &apos;com.ibm.support.electronic.cache.printer.CacheStatisticsPrinterImpl&apos; must can be assigned to &apos;com.ibm.support.electronic.cache.CacheStatisticsPrinter&apos;" type="com.ibm.support.electronic.cache.ObjectCacheConfigurationException">com.ibm.support.electronic.cache.ObjectCacheConfigurationException: Instance of the &apos;com.ibm.support.electronic.cache.printer.CacheStatisticsPrinterImpl&apos; must can be assigned to &apos;com.ibm.support.electronic.cache.CacheStatisticsPrinter&apos;
	at com.ibm.support.electronic.cache.cachemanager.CacheManagerImpl.createReflectively(CacheManagerImpl.java:915)
	at com.ibm.support.electronic.cache.cachemanager.CacheManagerImpl.&lt;init&gt;(CacheManagerImpl.java:239)
	at com.ibm.support.electronic.cache.cachemanager.CacheManagerImplTest.setUp(CacheManagerImplTest.java:79)
</error>
  </testcase>
  <testcase classname="com.ibm.support.electronic.cache.cachemanager.CacheManagerImplTest" name="testGet2" time="0.0010">
    <error message="Instance of the &apos;com.ibm.support.electronic.cache.printer.CacheStatisticsPrinterImpl&apos; must can be assigned to &apos;com.ibm.support.electronic.cache.CacheStatisticsPrinter&apos;" type="com.ibm.support.electronic.cache.ObjectCacheConfigurationException">com.ibm.support.electronic.cache.ObjectCacheConfigurationException: Instance of the &apos;com.ibm.support.electronic.cache.printer.CacheStatisticsPrinterImpl&apos; must can be assigned to &apos;com.ibm.support.electronic.cache.CacheStatisticsPrinter&apos;
	at com.ibm.support.electronic.cache.cachemanager.CacheManagerImpl.createReflectively(CacheManagerImpl.java:915)
	at com.ibm.support.electronic.cache.cachemanager.CacheManagerImpl.&lt;init&gt;(CacheManagerImpl.java:239)
	at com.ibm.support.electronic.cache.cachemanager.CacheManagerImplTest.setUp(CacheManagerImplTest.java:79)
</error>
  </testcase>
  <testcase classname="com.ibm.support.electronic.cache.cachemanager.CacheManagerImplTest" name="testGet3" time="0.0010">
    <error message="Instance of the &apos;com.ibm.support.electronic.cache.printer.CacheStatisticsPrinterImpl&apos; must can be assigned to &apos;com.ibm.support.electronic.cache.CacheStatisticsPrinter&apos;" type="com.ibm.support.electronic.cache.ObjectCacheConfigurationException">com.ibm.support.electronic.cache.ObjectCacheConfigurationException: Instance of the &apos;com.ibm.support.electronic.cache.printer.CacheStatisticsPrinterImpl&apos; must can be assigned to &apos;com.ibm.support.electronic.cache.CacheStatisticsPrinter&apos;
	at com.ibm.support.electronic.cache.cachemanager.CacheManagerImpl.createReflectively(CacheManagerImpl.java:915)
	at com.ibm.support.electronic.cache.cachemanager.CacheManagerImpl.&lt;init&gt;(CacheManagerImpl.java:239)
	at com.ibm.support.electronic.cache.cachemanager.CacheManagerImplTest.setUp(CacheManagerImplTest.java:79)
</error>
  </testcase>
  <testcase classname="com.ibm.support.electronic.cache.cachemanager.CacheManagerImplTest" name="testGet4" time="0.0010">
    <error message="Instance of the &apos;com.ibm.support.electronic.cache.printer.CacheStatisticsPrinterImpl&apos; must can be assigned to &apos;com.ibm.support.electronic.cache.CacheStatisticsPrinter&apos;" type="com.ibm.support.electronic.cache.ObjectCacheConfigurationException">com.ibm.support.electronic.cache.ObjectCacheConfigurationException: Instance of the &apos;com.ibm.support.electronic.cache.printer.CacheStatisticsPrinterImpl&apos; must can be assigned to &apos;com.ibm.support.electronic.cache.CacheStatisticsPrinter&apos;
	at com.ibm.support.electronic.cache.cachemanager.CacheManagerImpl.createReflectively(CacheManagerImpl.java:915)
	at com.ibm.support.electronic.cache.cachemanager.CacheManagerImpl.&lt;init&gt;(CacheManagerImpl.java:239)
	at com.ibm.support.electronic.cache.cachemanager.CacheManagerImplTest.setUp(CacheManagerImplTest.java:79)
</error>
  </testcase>
  <testcase classname="com.ibm.support.electronic.cache.cachemanager.CacheManagerImplTest" name="testGet5" time="0.0010">
    <error message="Instance of the &apos;com.ibm.support.electronic.cache.printer.CacheStatisticsPrinterImpl&apos; must can be assigned to &apos;com.ibm.support.electronic.cache.CacheStatisticsPrinter&apos;" type="com.ibm.support.electronic.cache.ObjectCacheConfigurationException">com.ibm.support.electronic.cache.ObjectCacheConfigurationException: Instance of the &apos;com.ibm.support.electronic.cache.printer.CacheStatisticsPrinterImpl&apos; must can be assigned to &apos;com.ibm.support.electronic.cache.CacheStatisticsPrinter&apos;
	at com.ibm.support.electronic.cache.cachemanager.CacheManagerImpl.createReflectively(CacheManagerImpl.java:915)
	at com.ibm.support.electronic.cache.cachemanager.CacheManagerImpl.&lt;init&gt;(CacheManagerImpl.java:239)
	at com.ibm.support.electronic.cache.cachemanager.CacheManagerImplTest.setUp(CacheManagerImplTest.java:79)
</error>
  </testcase>
  <testcase classname="com.ibm.support.electronic.cache.cachemanager.CacheManagerImplTest" name="testGet6" time="0.0010">
    <error message="Instance of the &apos;com.ibm.support.electronic.cache.printer.CacheStatisticsPrinterImpl&apos; must can be assigned to &apos;com.ibm.support.electronic.cache.CacheStatisticsPrinter&apos;" type="com.ibm.support.electronic.cache.ObjectCacheConfigurationException">com.ibm.support.electronic.cache.ObjectCacheConfigurationException: Instance of the &apos;com.ibm.support.electronic.cache.printer.CacheStatisticsPrinterImpl&apos; must can be assigned to &apos;com.ibm.support.electronic.cache.CacheStatisticsPrinter&apos;
	at com.ibm.support.electronic.cache.cachemanager.CacheManagerImpl.createReflectively(CacheManagerImpl.java:915)
	at com.ibm.support.electronic.cache.cachemanager.CacheManagerImpl.&lt;init&gt;(CacheManagerImpl.java:239)
	at com.ibm.support.electronic.cache.cachemanager.CacheManagerImplTest.setUp(CacheManagerImplTest.java:79)
</error>
  </testcase>
  <testcase classname="com.ibm.support.electronic.cache.cachemanager.CacheManagerImplTest" name="testGet7" time="0.0010">
    <error message="Instance of the &apos;com.ibm.support.electronic.cache.printer.CacheStatisticsPrinterImpl&apos; must can be assigned to &apos;com.ibm.support.electronic.cache.CacheStatisticsPrinter&apos;" type="com.ibm.support.electronic.cache.ObjectCacheConfigurationException">com.ibm.support.electronic.cache.ObjectCacheConfigurationException: Instance of the &apos;com.ibm.support.electronic.cache.printer.CacheStatisticsPrinterImpl&apos; must can be assigned to &apos;com.ibm.support.electronic.cache.CacheStatisticsPrinter&apos;
	at com.ibm.support.electronic.cache.cachemanager.CacheManagerImpl.createReflectively(CacheManagerImpl.java:915)
	at com.ibm.support.electronic.cache.cachemanager.CacheManagerImpl.&lt;init&gt;(CacheManagerImpl.java:239)
	at com.ibm.support.electronic.cache.cachemanager.CacheManagerImplTest.setUp(CacheManagerImplTest.java:79)
</error>
  </testcase>
  <testcase classname="com.ibm.support.electronic.cache.cachemanager.CacheManagerImplTest" name="testPut1" time="0.0010">
    <error message="Instance of the &apos;com.ibm.support.electronic.cache.printer.CacheStatisticsPrinterImpl&apos; must can be assigned to &apos;com.ibm.support.electronic.cache.CacheStatisticsPrinter&apos;" type="com.ibm.support.electronic.cache.ObjectCacheConfigurationException">com.ibm.support.electronic.cache.ObjectCacheConfigurationException: Instance of the &apos;com.ibm.support.electronic.cache.printer.CacheStatisticsPrinterImpl&apos; must can be assigned to &apos;com.ibm.support.electronic.cache.CacheStatisticsPrinter&apos;
	at com.ibm.support.electronic.cache.cachemanager.CacheManagerImpl.createReflectively(CacheManagerImpl.java:915)
	at com.ibm.support.electronic.cache.cachemanager.CacheManagerImpl.&lt;init&gt;(CacheManagerImpl.java:239)
	at com.ibm.support.electronic.cache.cachemanager.CacheManagerImplTest.setUp(CacheManagerImplTest.java:79)
</error>
  </testcase>
  <testcase classname="com.ibm.support.electronic.cache.cachemanager.CacheManagerImplTest" name="testPut2" time="0.0010">
    <error message="Instance of the &apos;com.ibm.support.electronic.cache.printer.CacheStatisticsPrinterImpl&apos; must can be assigned to &apos;com.ibm.support.electronic.cache.CacheStatisticsPrinter&apos;" type="com.ibm.support.electronic.cache.ObjectCacheConfigurationException">com.ibm.support.electronic.cache.ObjectCacheConfigurationException: Instance of the &apos;com.ibm.support.electronic.cache.printer.CacheStatisticsPrinterImpl&apos; must can be assigned to &apos;com.ibm.support.electronic.cache.CacheStatisticsPrinter&apos;
	at com.ibm.support.electronic.cache.cachemanager.CacheManagerImpl.createReflectively(CacheManagerImpl.java:915)
	at com.ibm.support.electronic.cache.cachemanager.CacheManagerImpl.&lt;init&gt;(CacheManagerImpl.java:239)
	at com.ibm.support.electronic.cache.cachemanager.CacheManagerImplTest.setUp(CacheManagerImplTest.java:79)
</error>
  </testcase>
  <testcase classname="com.ibm.support.electronic.cache.cachemanager.CacheManagerImplTest" name="testPut3" time="0.0010">
    <error message="Instance of the &apos;com.ibm.support.electronic.cache.printer.CacheStatisticsPrinterImpl&apos; must can be assigned to &apos;com.ibm.support.electronic.cache.CacheStatisticsPrinter&apos;" type="com.ibm.support.electronic.cache.ObjectCacheConfigurationException">com.ibm.support.electronic.cache.ObjectCacheConfigurationException: Instance of the &apos;com.ibm.support.electronic.cache.printer.CacheStatisticsPrinterImpl&apos; must can be assigned to &apos;com.ibm.support.electronic.cache.CacheStatisticsPrinter&apos;
	at com.ibm.support.electronic.cache.cachemanager.CacheManagerImpl.createReflectively(CacheManagerImpl.java:915)
	at com.ibm.support.electronic.cache.cachemanager.CacheManagerImpl.&lt;init&gt;(CacheManagerImpl.java:239)
	at com.ibm.support.electronic.cache.cachemanager.CacheManagerImplTest.setUp(CacheManagerImplTest.java:79)
</error>
  </testcase>
  <testcase classname="com.ibm.support.electronic.cache.cachemanager.CacheManagerImplTest" name="testPut4" time="0.0010">
    <error message="Instance of the &apos;com.ibm.support.electronic.cache.printer.CacheStatisticsPrinterImpl&apos; must can be assigned to &apos;com.ibm.support.electronic.cache.CacheStatisticsPrinter&apos;" type="com.ibm.support.electronic.cache.ObjectCacheConfigurationException">com.ibm.support.electronic.cache.ObjectCacheConfigurationException: Instance of the &apos;com.ibm.support.electronic.cache.printer.CacheStatisticsPrinterImpl&apos; must can be assigned to &apos;com.ibm.support.electronic.cache.CacheStatisticsPrinter&apos;
	at com.ibm.support.electronic.cache.cachemanager.CacheManagerImpl.createReflectively(CacheManagerImpl.java:915)
	at com.ibm.support.electronic.cache.cachemanager.CacheManagerImpl.&lt;init&gt;(CacheManagerImpl.java:239)
	at com.ibm.support.electronic.cache.cachemanager.CacheManagerImplTest.setUp(CacheManagerImplTest.java:79)
</error>
  </testcase>
  <testcase classname="com.ibm.support.electronic.cache.cachemanager.CacheManagerImplTest" name="testPut5" time="0.0010">
    <error message="Instance of the &apos;com.ibm.support.electronic.cache.printer.CacheStatisticsPrinterImpl&apos; must can be assigned to &apos;com.ibm.support.electronic.cache.CacheStatisticsPrinter&apos;" type="com.ibm.support.electronic.cache.ObjectCacheConfigurationException">com.ibm.support.electronic.cache.ObjectCacheConfigurationException: Instance of the &apos;com.ibm.support.electronic.cache.printer.CacheStatisticsPrinterImpl&apos; must can be assigned to &apos;com.ibm.support.electronic.cache.CacheStatisticsPrinter&apos;
	at com.ibm.support.electronic.cache.cachemanager.CacheManagerImpl.createReflectively(CacheManagerImpl.java:915)
	at com.ibm.support.electronic.cache.cachemanager.CacheManagerImpl.&lt;init&gt;(CacheManagerImpl.java:239)
	at com.ibm.support.electronic.cache.cachemanager.CacheManagerImplTest.setUp(CacheManagerImplTest.java:79)
</error>
  </testcase>
  <testcase classname="com.ibm.support.electronic.cache.cachemanager.CacheManagerImplTest" name="testPut_NullId" time="0.0030">
    <error message="Instance of the &apos;com.ibm.support.electronic.cache.printer.CacheStatisticsPrinterImpl&apos; must can be assigned to &apos;com.ibm.support.electronic.cache.CacheStatisticsPrinter&apos;" type="com.ibm.support.electronic.cache.ObjectCacheConfigurationException">com.ibm.support.electronic.cache.ObjectCacheConfigurationException: Instance of the &apos;com.ibm.support.electronic.cache.printer.CacheStatisticsPrinterImpl&apos; must can be assigned to &apos;com.ibm.support.electronic.cache.CacheStatisticsPrinter&apos;
	at com.ibm.support.electronic.cache.cachemanager.CacheManagerImpl.createReflectively(CacheManagerImpl.java:915)
	at com.ibm.support.electronic.cache.cachemanager.CacheManagerImpl.&lt;init&gt;(CacheManagerImpl.java:239)
	at com.ibm.support.electronic.cache.cachemanager.CacheManagerImplTest.setUp(CacheManagerImplTest.java:79)
</error>
  </testcase>
  <testcase classname="com.ibm.support.electronic.cache.cachemanager.CacheManagerImplTest" name="testPut_EmptyId" time="0.0010">
    <error message="Instance of the &apos;com.ibm.support.electronic.cache.printer.CacheStatisticsPrinterImpl&apos; must can be assigned to &apos;com.ibm.support.electronic.cache.CacheStatisticsPrinter&apos;" type="com.ibm.support.electronic.cache.ObjectCacheConfigurationException">com.ibm.support.electronic.cache.ObjectCacheConfigurationException: Instance of the &apos;com.ibm.support.electronic.cache.printer.CacheStatisticsPrinterImpl&apos; must can be assigned to &apos;com.ibm.support.electronic.cache.CacheStatisticsPrinter&apos;
	at com.ibm.support.electronic.cache.cachemanager.CacheManagerImpl.createReflectively(CacheManagerImpl.java:915)
	at com.ibm.support.electronic.cache.cachemanager.CacheManagerImpl.&lt;init&gt;(CacheManagerImpl.java:239)
	at com.ibm.support.electronic.cache.cachemanager.CacheManagerImplTest.setUp(CacheManagerImplTest.java:79)
</error>
  </testcase>
  <testcase classname="com.ibm.support.electronic.cache.cachemanager.CacheManagerImplTest" name="testClear" time="0.0080">
    <error message="Instance of the &apos;com.ibm.support.electronic.cache.printer.CacheStatisticsPrinterImpl&apos; must can be assigned to &apos;com.ibm.support.electronic.cache.CacheStatisticsPrinter&apos;" type="com.ibm.support.electronic.cache.ObjectCacheConfigurationException">com.ibm.support.electronic.cache.ObjectCacheConfigurationException: Instance of the &apos;com.ibm.support.electronic.cache.printer.CacheStatisticsPrinterImpl&apos; must can be assigned to &apos;com.ibm.support.electronic.cache.CacheStatisticsPrinter&apos;
	at com.ibm.support.electronic.cache.cachemanager.CacheManagerImpl.createReflectively(CacheManagerImpl.java:915)
	at com.ibm.support.electronic.cache.cachemanager.CacheManagerImpl.&lt;init&gt;(CacheManagerImpl.java:239)
	at com.ibm.support.electronic.cache.cachemanager.CacheManagerImplTest.setUp(CacheManagerImplTest.java:79)
</error>
  </testcase>
  <testcase classname="com.ibm.support.electronic.cache.cachemanager.CacheManagerImplTest" name="testGetCacheStatistics1" time="0.0010">
    <error message="Instance of the &apos;com.ibm.support.electronic.cache.printer.CacheStatisticsPrinterImpl&apos; must can be assigned to &apos;com.ibm.support.electronic.cache.CacheStatisticsPrinter&apos;" type="com.ibm.support.electronic.cache.ObjectCacheConfigurationException">com.ibm.support.electronic.cache.ObjectCacheConfigurationException: Instance of the &apos;com.ibm.support.electronic.cache.printer.CacheStatisticsPrinterImpl&apos; must can be assigned to &apos;com.ibm.support.electronic.cache.CacheStatisticsPrinter&apos;
	at com.ibm.support.electronic.cache.cachemanager.CacheManagerImpl.createReflectively(CacheManagerImpl.java:915)
	at com.ibm.support.electronic.cache.cachemanager.CacheManagerImpl.&lt;init&gt;(CacheManagerImpl.java:239)
	at com.ibm.support.electronic.cache.cachemanager.CacheManagerImplTest.setUp(CacheManagerImplTest.java:79)
</error>
  </testcase>
  <testcase classname="com.ibm.support.electronic.cache.cachemanager.CacheManagerImplTest" name="testGetCacheStatistics2" time="0.0010">
    <error message="Instance of the &apos;com.ibm.support.electronic.cache.printer.CacheStatisticsPrinterImpl&apos; must can be assigned to &apos;com.ibm.support.electronic.cache.CacheStatisticsPrinter&apos;" type="com.ibm.support.electronic.cache.ObjectCacheConfigurationException">com.ibm.support.electronic.cache.ObjectCacheConfigurationException: Instance of the &apos;com.ibm.support.electronic.cache.printer.CacheStatisticsPrinterImpl&apos; must can be assigned to &apos;com.ibm.support.electronic.cache.CacheStatisticsPrinter&apos;
	at com.ibm.support.electronic.cache.cachemanager.CacheManagerImpl.createReflectively(CacheManagerImpl.java:915)
	at com.ibm.support.electronic.cache.cachemanager.CacheManagerImpl.&lt;init&gt;(CacheManagerImpl.java:239)
	at com.ibm.support.electronic.cache.cachemanager.CacheManagerImplTest.setUp(CacheManagerImplTest.java:79)
</error>
  </testcase>
  <testcase classname="com.ibm.support.electronic.cache.dao.CachedObjectDAOImplTest" name="testCtor1" time="0.128">
    <error message="[jcc][t4][2030][11211][3.57.82] Une erreur de communication est survenue lors des opérations effectuées sur le socket sous-jacent de la connexion, le flux d&apos;entrée du socket &#xa;ou le flux de sortie du socket.  Emplacement de l&apos;erreur : Reply.fill().  Message : Données insuffisantes. ERRORCODE=-4499, SQLSTATE=08001" type="com.ibm.db2.jcc.am.yn">com.ibm.db2.jcc.am.yn: [jcc][t4][2030][11211][3.57.82] Une erreur de communication est survenue lors des opérations effectuées sur le socket sous-jacent de la connexion, le flux d&apos;entrée du socket 
ou le flux de sortie du socket.  Emplacement de l&apos;erreur : Reply.fill().  Message : Données insuffisantes. ERRORCODE=-4499, SQLSTATE=08001
	at com.ibm.db2.jcc.am.bd.a(bd.java:319)
	at com.ibm.db2.jcc.t4.a.a(a.java:365)
	at com.ibm.db2.jcc.t4.a.a(a.java:360)
	at com.ibm.db2.jcc.t4.ab.b(ab.java:222)
	at com.ibm.db2.jcc.t4.ab.c(ab.java:243)
	at com.ibm.db2.jcc.t4.ab.c(ab.java:354)
	at com.ibm.db2.jcc.t4.ab.v(ab.java:1139)
	at com.ibm.db2.jcc.t4.bb.a(bb.java:42)
	at com.ibm.db2.jcc.t4.b.m(b.java:1240)
	at com.ibm.db2.jcc.t4.b.b(b.java:1114)
	at com.ibm.db2.jcc.t4.b.c(b.java:701)
	at com.ibm.db2.jcc.t4.b.b(b.java:687)
	at com.ibm.db2.jcc.t4.b.a(b.java:374)
	at com.ibm.db2.jcc.t4.b.&lt;init&gt;(b.java:310)
	at com.ibm.db2.jcc.DB2SimpleDataSource.getConnection(DB2SimpleDataSource.java:214)
	at com.ibm.db2.jcc.DB2Driver.connect(DB2Driver.java:224)
	at java.sql.DriverManager.getConnection(DriverManager.java:582)
	at java.sql.DriverManager.getConnection(DriverManager.java:154)
	at com.ibm.support.electronic.cache.TestHelper.getConnection(TestHelper.java:212)
	at com.ibm.support.electronic.cache.TestHelper.executeUpdate(TestHelper.java:179)
	at com.ibm.support.electronic.cache.TestHelper.initDB(TestHelper.java:227)
	at com.ibm.support.electronic.cache.dao.CachedObjectDAOImplTest.setUp(CachedObjectDAOImplTest.java:74)
</error>
    <error message="[jcc][t4][2043][11550][3.57.82] Exception java.net.ConnectException : Erreur lors de l&apos;ouverture du socket vers le serveur /127.0.0.1 sur le port 50 000 avec le message : Connection refused. ERRORCODE=-4499, SQLSTATE=08001" type="com.ibm.db2.jcc.am.yn">com.ibm.db2.jcc.am.yn: [jcc][t4][2043][11550][3.57.82] Exception java.net.ConnectException : Erreur lors de l&apos;ouverture du socket vers le serveur /127.0.0.1 sur le port 50 000 avec le message : Connection refused. ERRORCODE=-4499, SQLSTATE=08001
	at com.ibm.db2.jcc.am.bd.a(bd.java:319)
	at com.ibm.db2.jcc.am.bd.a(bd.java:337)
	at com.ibm.db2.jcc.t4.xb.a(xb.java:378)
	at com.ibm.db2.jcc.t4.xb.&lt;init&gt;(xb.java:76)
	at com.ibm.db2.jcc.t4.a.y(a.java:263)
	at com.ibm.db2.jcc.t4.b.a(b.java:1787)
	at com.ibm.db2.jcc.am.jb.a(jb.java:540)
	at com.ibm.db2.jcc.am.jb.&lt;init&gt;(jb.java:496)
	at com.ibm.db2.jcc.t4.b.&lt;init&gt;(b.java:308)
	at com.ibm.db2.jcc.DB2SimpleDataSource.getConnection(DB2SimpleDataSource.java:214)
	at com.ibm.db2.jcc.DB2Driver.connect(DB2Driver.java:224)
	at java.sql.DriverManager.getConnection(DriverManager.java:582)
	at java.sql.DriverManager.getConnection(DriverManager.java:154)
	at com.ibm.support.electronic.cache.TestHelper.getConnection(TestHelper.java:212)
	at com.ibm.support.electronic.cache.TestHelper.executeUpdate(TestHelper.java:179)
	at com.ibm.support.electronic.cache.TestHelper.clearDB(TestHelper.java:238)
	at com.ibm.support.electronic.cache.dao.CachedObjectDAOImplTest.tearDown(CachedObjectDAOImplTest.java:88)
Caused by: java.net.ConnectException: Connection refused
	at java.net.PlainSocketImpl.socketConnect(Native Method)
	at java.net.PlainSocketImpl.doConnect(PlainSocketImpl.java:333)
	at java.net.PlainSocketImpl.connectToAddress(PlainSocketImpl.java:195)
	at java.net.PlainSocketImpl.connect(PlainSocketImpl.java:182)
	at java.net.SocksSocketImpl.connect(SocksSocketImpl.java:366)
	at java.net.Socket.connect(Socket.java:529)
	at com.ibm.db2.jcc.t4.y.run(y.java:34)
	at java.security.AccessController.doPrivileged(Native Method)
	at com.ibm.db2.jcc.t4.xb.a(xb.java:372)
</error>
  </testcase>
  <testcase classname="com.ibm.support.electronic.cache.dao.CachedObjectDAOImplTest" name="testCtor2" time="0.0040">
    <error message="[jcc][t4][2043][11550][3.57.82] Exception java.net.ConnectException : Erreur lors de l&apos;ouverture du socket vers le serveur /127.0.0.1 sur le port 50 000 avec le message : Connection refused. ERRORCODE=-4499, SQLSTATE=08001" type="com.ibm.db2.jcc.am.yn">com.ibm.db2.jcc.am.yn: [jcc][t4][2043][11550][3.57.82] Exception java.net.ConnectException : Erreur lors de l&apos;ouverture du socket vers le serveur /127.0.0.1 sur le port 50 000 avec le message : Connection refused. ERRORCODE=-4499, SQLSTATE=08001
	at com.ibm.db2.jcc.am.bd.a(bd.java:319)
	at com.ibm.db2.jcc.am.bd.a(bd.java:337)
	at com.ibm.db2.jcc.t4.xb.a(xb.java:378)
	at com.ibm.db2.jcc.t4.xb.&lt;init&gt;(xb.java:76)
	at com.ibm.db2.jcc.t4.a.y(a.java:263)
	at com.ibm.db2.jcc.t4.b.a(b.java:1787)
	at com.ibm.db2.jcc.am.jb.a(jb.java:540)
	at com.ibm.db2.jcc.am.jb.&lt;init&gt;(jb.java:496)
	at com.ibm.db2.jcc.t4.b.&lt;init&gt;(b.java:308)
	at com.ibm.db2.jcc.DB2SimpleDataSource.getConnection(DB2SimpleDataSource.java:214)
	at com.ibm.db2.jcc.DB2Driver.connect(DB2Driver.java:224)
	at java.sql.DriverManager.getConnection(DriverManager.java:582)
	at java.sql.DriverManager.getConnection(DriverManager.java:154)
	at com.ibm.support.electronic.cache.TestHelper.getConnection(TestHelper.java:212)
	at com.ibm.support.electronic.cache.TestHelper.executeUpdate(TestHelper.java:179)
	at com.ibm.support.electronic.cache.TestHelper.initDB(TestHelper.java:227)
	at com.ibm.support.electronic.cache.dao.CachedObjectDAOImplTest.setUp(CachedObjectDAOImplTest.java:74)
Caused by: java.net.ConnectException: Connection refused
	at java.net.PlainSocketImpl.socketConnect(Native Method)
	at java.net.PlainSocketImpl.doConnect(PlainSocketImpl.java:333)
	at java.net.PlainSocketImpl.connectToAddress(PlainSocketImpl.java:195)
	at java.net.PlainSocketImpl.connect(PlainSocketImpl.java:182)
	at java.net.SocksSocketImpl.connect(SocksSocketImpl.java:366)
	at java.net.Socket.connect(Socket.java:529)
	at com.ibm.db2.jcc.t4.y.run(y.java:34)
	at java.security.AccessController.doPrivileged(Native Method)
	at com.ibm.db2.jcc.t4.xb.a(xb.java:372)
</error>
    <error message="[jcc][t4][2043][11550][3.57.82] Exception java.net.ConnectException : Erreur lors de l&apos;ouverture du socket vers le serveur /127.0.0.1 sur le port 50 000 avec le message : Connection refused. ERRORCODE=-4499, SQLSTATE=08001" type="com.ibm.db2.jcc.am.yn">com.ibm.db2.jcc.am.yn: [jcc][t4][2043][11550][3.57.82] Exception java.net.ConnectException : Erreur lors de l&apos;ouverture du socket vers le serveur /127.0.0.1 sur le port 50 000 avec le message : Connection refused. ERRORCODE=-4499, SQLSTATE=08001
	at com.ibm.db2.jcc.am.bd.a(bd.java:319)
	at com.ibm.db2.jcc.am.bd.a(bd.java:337)
	at com.ibm.db2.jcc.t4.xb.a(xb.java:378)
	at com.ibm.db2.jcc.t4.xb.&lt;init&gt;(xb.java:76)
	at com.ibm.db2.jcc.t4.a.y(a.java:263)
	at com.ibm.db2.jcc.t4.b.a(b.java:1787)
	at com.ibm.db2.jcc.am.jb.a(jb.java:540)
	at com.ibm.db2.jcc.am.jb.&lt;init&gt;(jb.java:496)
	at com.ibm.db2.jcc.t4.b.&lt;init&gt;(b.java:308)
	at com.ibm.db2.jcc.DB2SimpleDataSource.getConnection(DB2SimpleDataSource.java:214)
	at com.ibm.db2.jcc.DB2Driver.connect(DB2Driver.java:224)
	at java.sql.DriverManager.getConnection(DriverManager.java:582)
	at java.sql.DriverManager.getConnection(DriverManager.java:154)
	at com.ibm.support.electronic.cache.TestHelper.getConnection(TestHelper.java:212)
	at com.ibm.support.electronic.cache.TestHelper.executeUpdate(TestHelper.java:179)
	at com.ibm.support.electronic.cache.TestHelper.clearDB(TestHelper.java:238)
	at com.ibm.support.electronic.cache.dao.CachedObjectDAOImplTest.tearDown(CachedObjectDAOImplTest.java:88)
Caused by: java.net.ConnectException: Connection refused
	at java.net.PlainSocketImpl.socketConnect(Native Method)
	at java.net.PlainSocketImpl.doConnect(PlainSocketImpl.java:333)
	at java.net.PlainSocketImpl.connectToAddress(PlainSocketImpl.java:195)
	at java.net.PlainSocketImpl.connect(PlainSocketImpl.java:182)
	at java.net.SocksSocketImpl.connect(SocksSocketImpl.java:366)
	at java.net.Socket.connect(Socket.java:529)
	at com.ibm.db2.jcc.t4.y.run(y.java:34)
	at java.security.AccessController.doPrivileged(Native Method)
	at com.ibm.db2.jcc.t4.xb.a(xb.java:372)
</error>
  </testcase>
  <testcase classname="com.ibm.support.electronic.cache.dao.CachedObjectDAOImplTest" name="testGet1" time="0.0040">
    <error message="[jcc][t4][2043][11550][3.57.82] Exception java.net.ConnectException : Erreur lors de l&apos;ouverture du socket vers le serveur /127.0.0.1 sur le port 50 000 avec le message : Connection refused. ERRORCODE=-4499, SQLSTATE=08001" type="com.ibm.db2.jcc.am.yn">com.ibm.db2.jcc.am.yn: [jcc][t4][2043][11550][3.57.82] Exception java.net.ConnectException : Erreur lors de l&apos;ouverture du socket vers le serveur /127.0.0.1 sur le port 50 000 avec le message : Connection refused. ERRORCODE=-4499, SQLSTATE=08001
	at com.ibm.db2.jcc.am.bd.a(bd.java:319)
	at com.ibm.db2.jcc.am.bd.a(bd.java:337)
	at com.ibm.db2.jcc.t4.xb.a(xb.java:378)
	at com.ibm.db2.jcc.t4.xb.&lt;init&gt;(xb.java:76)
	at com.ibm.db2.jcc.t4.a.y(a.java:263)
	at com.ibm.db2.jcc.t4.b.a(b.java:1787)
	at com.ibm.db2.jcc.am.jb.a(jb.java:540)
	at com.ibm.db2.jcc.am.jb.&lt;init&gt;(jb.java:496)
	at com.ibm.db2.jcc.t4.b.&lt;init&gt;(b.java:308)
	at com.ibm.db2.jcc.DB2SimpleDataSource.getConnection(DB2SimpleDataSource.java:214)
	at com.ibm.db2.jcc.DB2Driver.connect(DB2Driver.java:224)
	at java.sql.DriverManager.getConnection(DriverManager.java:582)
	at java.sql.DriverManager.getConnection(DriverManager.java:154)
	at com.ibm.support.electronic.cache.TestHelper.getConnection(TestHelper.java:212)
	at com.ibm.support.electronic.cache.TestHelper.executeUpdate(TestHelper.java:179)
	at com.ibm.support.electronic.cache.TestHelper.initDB(TestHelper.java:227)
	at com.ibm.support.electronic.cache.dao.CachedObjectDAOImplTest.setUp(CachedObjectDAOImplTest.java:74)
Caused by: java.net.ConnectException: Connection refused
	at java.net.PlainSocketImpl.socketConnect(Native Method)
	at java.net.PlainSocketImpl.doConnect(PlainSocketImpl.java:333)
	at java.net.PlainSocketImpl.connectToAddress(PlainSocketImpl.java:195)
	at java.net.PlainSocketImpl.connect(PlainSocketImpl.java:182)
	at java.net.SocksSocketImpl.connect(SocksSocketImpl.java:366)
	at java.net.Socket.connect(Socket.java:529)
	at com.ibm.db2.jcc.t4.y.run(y.java:34)
	at java.security.AccessController.doPrivileged(Native Method)
	at com.ibm.db2.jcc.t4.xb.a(xb.java:372)
</error>
    <error message="[jcc][t4][2043][11550][3.57.82] Exception java.net.ConnectException : Erreur lors de l&apos;ouverture du socket vers le serveur /127.0.0.1 sur le port 50 000 avec le message : Connection refused. ERRORCODE=-4499, SQLSTATE=08001" type="com.ibm.db2.jcc.am.yn">com.ibm.db2.jcc.am.yn: [jcc][t4][2043][11550][3.57.82] Exception java.net.ConnectException : Erreur lors de l&apos;ouverture du socket vers le serveur /127.0.0.1 sur le port 50 000 avec le message : Connection refused. ERRORCODE=-4499, SQLSTATE=08001
	at com.ibm.db2.jcc.am.bd.a(bd.java:319)
	at com.ibm.db2.jcc.am.bd.a(bd.java:337)
	at com.ibm.db2.jcc.t4.xb.a(xb.java:378)
	at com.ibm.db2.jcc.t4.xb.&lt;init&gt;(xb.java:76)
	at com.ibm.db2.jcc.t4.a.y(a.java:263)
	at com.ibm.db2.jcc.t4.b.a(b.java:1787)
	at com.ibm.db2.jcc.am.jb.a(jb.java:540)
	at com.ibm.db2.jcc.am.jb.&lt;init&gt;(jb.java:496)
	at com.ibm.db2.jcc.t4.b.&lt;init&gt;(b.java:308)
	at com.ibm.db2.jcc.DB2SimpleDataSource.getConnection(DB2SimpleDataSource.java:214)
	at com.ibm.db2.jcc.DB2Driver.connect(DB2Driver.java:224)
	at java.sql.DriverManager.getConnection(DriverManager.java:582)
	at java.sql.DriverManager.getConnection(DriverManager.java:154)
	at com.ibm.support.electronic.cache.TestHelper.getConnection(TestHelper.java:212)
	at com.ibm.support.electronic.cache.TestHelper.executeUpdate(TestHelper.java:179)
	at com.ibm.support.electronic.cache.TestHelper.clearDB(TestHelper.java:238)
	at com.ibm.support.electronic.cache.dao.CachedObjectDAOImplTest.tearDown(CachedObjectDAOImplTest.java:88)
Caused by: java.net.ConnectException: Connection refused
	at java.net.PlainSocketImpl.socketConnect(Native Method)
	at java.net.PlainSocketImpl.doConnect(PlainSocketImpl.java:333)
	at java.net.PlainSocketImpl.connectToAddress(PlainSocketImpl.java:195)
	at java.net.PlainSocketImpl.connect(PlainSocketImpl.java:182)
	at java.net.SocksSocketImpl.connect(SocksSocketImpl.java:366)
	at java.net.Socket.connect(Socket.java:529)
	at com.ibm.db2.jcc.t4.y.run(y.java:34)
	at java.security.AccessController.doPrivileged(Native Method)
	at com.ibm.db2.jcc.t4.xb.a(xb.java:372)
</error>
  </testcase>
  <testcase classname="com.ibm.support.electronic.cache.dao.CachedObjectDAOImplTest" name="testGet2" time="0.0040">
    <error message="[jcc][t4][2043][11550][3.57.82] Exception java.net.ConnectException : Erreur lors de l&apos;ouverture du socket vers le serveur /127.0.0.1 sur le port 50 000 avec le message : Connection refused. ERRORCODE=-4499, SQLSTATE=08001" type="com.ibm.db2.jcc.am.yn">com.ibm.db2.jcc.am.yn: [jcc][t4][2043][11550][3.57.82] Exception java.net.ConnectException : Erreur lors de l&apos;ouverture du socket vers le serveur /127.0.0.1 sur le port 50 000 avec le message : Connection refused. ERRORCODE=-4499, SQLSTATE=08001
	at com.ibm.db2.jcc.am.bd.a(bd.java:319)
	at com.ibm.db2.jcc.am.bd.a(bd.java:337)
	at com.ibm.db2.jcc.t4.xb.a(xb.java:378)
	at com.ibm.db2.jcc.t4.xb.&lt;init&gt;(xb.java:76)
	at com.ibm.db2.jcc.t4.a.y(a.java:263)
	at com.ibm.db2.jcc.t4.b.a(b.java:1787)
	at com.ibm.db2.jcc.am.jb.a(jb.java:540)
	at com.ibm.db2.jcc.am.jb.&lt;init&gt;(jb.java:496)
	at com.ibm.db2.jcc.t4.b.&lt;init&gt;(b.java:308)
	at com.ibm.db2.jcc.DB2SimpleDataSource.getConnection(DB2SimpleDataSource.java:214)
	at com.ibm.db2.jcc.DB2Driver.connect(DB2Driver.java:224)
	at java.sql.DriverManager.getConnection(DriverManager.java:582)
	at java.sql.DriverManager.getConnection(DriverManager.java:154)
	at com.ibm.support.electronic.cache.TestHelper.getConnection(TestHelper.java:212)
	at com.ibm.support.electronic.cache.TestHelper.executeUpdate(TestHelper.java:179)
	at com.ibm.support.electronic.cache.TestHelper.initDB(TestHelper.java:227)
	at com.ibm.support.electronic.cache.dao.CachedObjectDAOImplTest.setUp(CachedObjectDAOImplTest.java:74)
Caused by: java.net.ConnectException: Connection refused
	at java.net.PlainSocketImpl.socketConnect(Native Method)
	at java.net.PlainSocketImpl.doConnect(PlainSocketImpl.java:333)
	at java.net.PlainSocketImpl.connectToAddress(PlainSocketImpl.java:195)
	at java.net.PlainSocketImpl.connect(PlainSocketImpl.java:182)
	at java.net.SocksSocketImpl.connect(SocksSocketImpl.java:366)
	at java.net.Socket.connect(Socket.java:529)
	at com.ibm.db2.jcc.t4.y.run(y.java:34)
	at java.security.AccessController.doPrivileged(Native Method)
	at com.ibm.db2.jcc.t4.xb.a(xb.java:372)
</error>
    <error message="[jcc][t4][2043][11550][3.57.82] Exception java.net.ConnectException : Erreur lors de l&apos;ouverture du socket vers le serveur /127.0.0.1 sur le port 50 000 avec le message : Connection refused. ERRORCODE=-4499, SQLSTATE=08001" type="com.ibm.db2.jcc.am.yn">com.ibm.db2.jcc.am.yn: [jcc][t4][2043][11550][3.57.82] Exception java.net.ConnectException : Erreur lors de l&apos;ouverture du socket vers le serveur /127.0.0.1 sur le port 50 000 avec le message : Connection refused. ERRORCODE=-4499, SQLSTATE=08001
	at com.ibm.db2.jcc.am.bd.a(bd.java:319)
	at com.ibm.db2.jcc.am.bd.a(bd.java:337)
	at com.ibm.db2.jcc.t4.xb.a(xb.java:378)
	at com.ibm.db2.jcc.t4.xb.&lt;init&gt;(xb.java:76)
	at com.ibm.db2.jcc.t4.a.y(a.java:263)
	at com.ibm.db2.jcc.t4.b.a(b.java:1787)
	at com.ibm.db2.jcc.am.jb.a(jb.java:540)
	at com.ibm.db2.jcc.am.jb.&lt;init&gt;(jb.java:496)
	at com.ibm.db2.jcc.t4.b.&lt;init&gt;(b.java:308)
	at com.ibm.db2.jcc.DB2SimpleDataSource.getConnection(DB2SimpleDataSource.java:214)
	at com.ibm.db2.jcc.DB2Driver.connect(DB2Driver.java:224)
	at java.sql.DriverManager.getConnection(DriverManager.java:582)
	at java.sql.DriverManager.getConnection(DriverManager.java:154)
	at com.ibm.support.electronic.cache.TestHelper.getConnection(TestHelper.java:212)
	at com.ibm.support.electronic.cache.TestHelper.executeUpdate(TestHelper.java:179)
	at com.ibm.support.electronic.cache.TestHelper.clearDB(TestHelper.java:238)
	at com.ibm.support.electronic.cache.dao.CachedObjectDAOImplTest.tearDown(CachedObjectDAOImplTest.java:88)
Caused by: java.net.ConnectException: Connection refused
	at java.net.PlainSocketImpl.socketConnect(Native Method)
	at java.net.PlainSocketImpl.doConnect(PlainSocketImpl.java:333)
	at java.net.PlainSocketImpl.connectToAddress(PlainSocketImpl.java:195)
	at java.net.PlainSocketImpl.connect(PlainSocketImpl.java:182)
	at java.net.SocksSocketImpl.connect(SocksSocketImpl.java:366)
	at java.net.Socket.connect(Socket.java:529)
	at com.ibm.db2.jcc.t4.y.run(y.java:34)
	at java.security.AccessController.doPrivileged(Native Method)
	at com.ibm.db2.jcc.t4.xb.a(xb.java:372)
</error>
  </testcase>
  <testcase classname="com.ibm.support.electronic.cache.dao.CachedObjectDAOImplTest" name="testCtor_NullProp" time="0.0040">
    <error message="[jcc][t4][2043][11550][3.57.82] Exception java.net.ConnectException : Erreur lors de l&apos;ouverture du socket vers le serveur /127.0.0.1 sur le port 50 000 avec le message : Connection refused. ERRORCODE=-4499, SQLSTATE=08001" type="com.ibm.db2.jcc.am.yn">com.ibm.db2.jcc.am.yn: [jcc][t4][2043][11550][3.57.82] Exception java.net.ConnectException : Erreur lors de l&apos;ouverture du socket vers le serveur /127.0.0.1 sur le port 50 000 avec le message : Connection refused. ERRORCODE=-4499, SQLSTATE=08001
	at com.ibm.db2.jcc.am.bd.a(bd.java:319)
	at com.ibm.db2.jcc.am.bd.a(bd.java:337)
	at com.ibm.db2.jcc.t4.xb.a(xb.java:378)
	at com.ibm.db2.jcc.t4.xb.&lt;init&gt;(xb.java:76)
	at com.ibm.db2.jcc.t4.a.y(a.java:263)
	at com.ibm.db2.jcc.t4.b.a(b.java:1787)
	at com.ibm.db2.jcc.am.jb.a(jb.java:540)
	at com.ibm.db2.jcc.am.jb.&lt;init&gt;(jb.java:496)
	at com.ibm.db2.jcc.t4.b.&lt;init&gt;(b.java:308)
	at com.ibm.db2.jcc.DB2SimpleDataSource.getConnection(DB2SimpleDataSource.java:214)
	at com.ibm.db2.jcc.DB2Driver.connect(DB2Driver.java:224)
	at java.sql.DriverManager.getConnection(DriverManager.java:582)
	at java.sql.DriverManager.getConnection(DriverManager.java:154)
	at com.ibm.support.electronic.cache.TestHelper.getConnection(TestHelper.java:212)
	at com.ibm.support.electronic.cache.TestHelper.executeUpdate(TestHelper.java:179)
	at com.ibm.support.electronic.cache.TestHelper.initDB(TestHelper.java:227)
	at com.ibm.support.electronic.cache.dao.CachedObjectDAOImplTest.setUp(CachedObjectDAOImplTest.java:74)
Caused by: java.net.ConnectException: Connection refused
	at java.net.PlainSocketImpl.socketConnect(Native Method)
	at java.net.PlainSocketImpl.doConnect(PlainSocketImpl.java:333)
	at java.net.PlainSocketImpl.connectToAddress(PlainSocketImpl.java:195)
	at java.net.PlainSocketImpl.connect(PlainSocketImpl.java:182)
	at java.net.SocksSocketImpl.connect(SocksSocketImpl.java:366)
	at java.net.Socket.connect(Socket.java:529)
	at com.ibm.db2.jcc.t4.y.run(y.java:34)
	at java.security.AccessController.doPrivileged(Native Method)
	at com.ibm.db2.jcc.t4.xb.a(xb.java:372)
</error>
    <error message="[jcc][t4][2043][11550][3.57.82] Exception java.net.ConnectException : Erreur lors de l&apos;ouverture du socket vers le serveur /127.0.0.1 sur le port 50 000 avec le message : Connection refused. ERRORCODE=-4499, SQLSTATE=08001" type="com.ibm.db2.jcc.am.yn">com.ibm.db2.jcc.am.yn: [jcc][t4][2043][11550][3.57.82] Exception java.net.ConnectException : Erreur lors de l&apos;ouverture du socket vers le serveur /127.0.0.1 sur le port 50 000 avec le message : Connection refused. ERRORCODE=-4499, SQLSTATE=08001
	at com.ibm.db2.jcc.am.bd.a(bd.java:319)
	at com.ibm.db2.jcc.am.bd.a(bd.java:337)
	at com.ibm.db2.jcc.t4.xb.a(xb.java:378)
	at com.ibm.db2.jcc.t4.xb.&lt;init&gt;(xb.java:76)
	at com.ibm.db2.jcc.t4.a.y(a.java:263)
	at com.ibm.db2.jcc.t4.b.a(b.java:1787)
	at com.ibm.db2.jcc.am.jb.a(jb.java:540)
	at com.ibm.db2.jcc.am.jb.&lt;init&gt;(jb.java:496)
	at com.ibm.db2.jcc.t4.b.&lt;init&gt;(b.java:308)
	at com.ibm.db2.jcc.DB2SimpleDataSource.getConnection(DB2SimpleDataSource.java:214)
	at com.ibm.db2.jcc.DB2Driver.connect(DB2Driver.java:224)
	at java.sql.DriverManager.getConnection(DriverManager.java:582)
	at java.sql.DriverManager.getConnection(DriverManager.java:154)
	at com.ibm.support.electronic.cache.TestHelper.getConnection(TestHelper.java:212)
	at com.ibm.support.electronic.cache.TestHelper.executeUpdate(TestHelper.java:179)
	at com.ibm.support.electronic.cache.TestHelper.clearDB(TestHelper.java:238)
	at com.ibm.support.electronic.cache.dao.CachedObjectDAOImplTest.tearDown(CachedObjectDAOImplTest.java:88)
Caused by: java.net.ConnectException: Connection refused
	at java.net.PlainSocketImpl.socketConnect(Native Method)
	at java.net.PlainSocketImpl.doConnect(PlainSocketImpl.java:333)
	at java.net.PlainSocketImpl.connectToAddress(PlainSocketImpl.java:195)
	at java.net.PlainSocketImpl.connect(PlainSocketImpl.java:182)
	at java.net.SocksSocketImpl.connect(SocksSocketImpl.java:366)
	at java.net.Socket.connect(Socket.java:529)
	at com.ibm.db2.jcc.t4.y.run(y.java:34)
	at java.security.AccessController.doPrivileged(Native Method)
	at com.ibm.db2.jcc.t4.xb.a(xb.java:372)
</error>
  </testcase>
  <testcase classname="com.ibm.support.electronic.cache.dao.CachedObjectDAOImplTest" name="testCtor_EmptyUser" time="0.0040">
    <error message="[jcc][t4][2043][11550][3.57.82] Exception java.net.ConnectException : Erreur lors de l&apos;ouverture du socket vers le serveur /127.0.0.1 sur le port 50 000 avec le message : Connection refused. ERRORCODE=-4499, SQLSTATE=08001" type="com.ibm.db2.jcc.am.yn">com.ibm.db2.jcc.am.yn: [jcc][t4][2043][11550][3.57.82] Exception java.net.ConnectException : Erreur lors de l&apos;ouverture du socket vers le serveur /127.0.0.1 sur le port 50 000 avec le message : Connection refused. ERRORCODE=-4499, SQLSTATE=08001
	at com.ibm.db2.jcc.am.bd.a(bd.java:319)
	at com.ibm.db2.jcc.am.bd.a(bd.java:337)
	at com.ibm.db2.jcc.t4.xb.a(xb.java:378)
	at com.ibm.db2.jcc.t4.xb.&lt;init&gt;(xb.java:76)
	at com.ibm.db2.jcc.t4.a.y(a.java:263)
	at com.ibm.db2.jcc.t4.b.a(b.java:1787)
	at com.ibm.db2.jcc.am.jb.a(jb.java:540)
	at com.ibm.db2.jcc.am.jb.&lt;init&gt;(jb.java:496)
	at com.ibm.db2.jcc.t4.b.&lt;init&gt;(b.java:308)
	at com.ibm.db2.jcc.DB2SimpleDataSource.getConnection(DB2SimpleDataSource.java:214)
	at com.ibm.db2.jcc.DB2Driver.connect(DB2Driver.java:224)
	at java.sql.DriverManager.getConnection(DriverManager.java:582)
	at java.sql.DriverManager.getConnection(DriverManager.java:154)
	at com.ibm.support.electronic.cache.TestHelper.getConnection(TestHelper.java:212)
	at com.ibm.support.electronic.cache.TestHelper.executeUpdate(TestHelper.java:179)
	at com.ibm.support.electronic.cache.TestHelper.initDB(TestHelper.java:227)
	at com.ibm.support.electronic.cache.dao.CachedObjectDAOImplTest.setUp(CachedObjectDAOImplTest.java:74)
Caused by: java.net.ConnectException: Connection refused
	at java.net.PlainSocketImpl.socketConnect(Native Method)
	at java.net.PlainSocketImpl.doConnect(PlainSocketImpl.java:333)
	at java.net.PlainSocketImpl.connectToAddress(PlainSocketImpl.java:195)
	at java.net.PlainSocketImpl.connect(PlainSocketImpl.java:182)
	at java.net.SocksSocketImpl.connect(SocksSocketImpl.java:366)
	at java.net.Socket.connect(Socket.java:529)
	at com.ibm.db2.jcc.t4.y.run(y.java:34)
	at java.security.AccessController.doPrivileged(Native Method)
	at com.ibm.db2.jcc.t4.xb.a(xb.java:372)
</error>
    <error message="[jcc][t4][2043][11550][3.57.82] Exception java.net.ConnectException : Erreur lors de l&apos;ouverture du socket vers le serveur /127.0.0.1 sur le port 50 000 avec le message : Connection refused. ERRORCODE=-4499, SQLSTATE=08001" type="com.ibm.db2.jcc.am.yn">com.ibm.db2.jcc.am.yn: [jcc][t4][2043][11550][3.57.82] Exception java.net.ConnectException : Erreur lors de l&apos;ouverture du socket vers le serveur /127.0.0.1 sur le port 50 000 avec le message : Connection refused. ERRORCODE=-4499, SQLSTATE=08001
	at com.ibm.db2.jcc.am.bd.a(bd.java:319)
	at com.ibm.db2.jcc.am.bd.a(bd.java:337)
	at com.ibm.db2.jcc.t4.xb.a(xb.java:378)
	at com.ibm.db2.jcc.t4.xb.&lt;init&gt;(xb.java:76)
	at com.ibm.db2.jcc.t4.a.y(a.java:263)
	at com.ibm.db2.jcc.t4.b.a(b.java:1787)
	at com.ibm.db2.jcc.am.jb.a(jb.java:540)
	at com.ibm.db2.jcc.am.jb.&lt;init&gt;(jb.java:496)
	at com.ibm.db2.jcc.t4.b.&lt;init&gt;(b.java:308)
	at com.ibm.db2.jcc.DB2SimpleDataSource.getConnection(DB2SimpleDataSource.java:214)
	at com.ibm.db2.jcc.DB2Driver.connect(DB2Driver.java:224)
	at java.sql.DriverManager.getConnection(DriverManager.java:582)
	at java.sql.DriverManager.getConnection(DriverManager.java:154)
	at com.ibm.support.electronic.cache.TestHelper.getConnection(TestHelper.java:212)
	at com.ibm.support.electronic.cache.TestHelper.executeUpdate(TestHelper.java:179)
	at com.ibm.support.electronic.cache.TestHelper.clearDB(TestHelper.java:238)
	at com.ibm.support.electronic.cache.dao.CachedObjectDAOImplTest.tearDown(CachedObjectDAOImplTest.java:88)
Caused by: java.net.ConnectException: Connection refused
	at java.net.PlainSocketImpl.socketConnect(Native Method)
	at java.net.PlainSocketImpl.doConnect(PlainSocketImpl.java:333)
	at java.net.PlainSocketImpl.connectToAddress(PlainSocketImpl.java:195)
	at java.net.PlainSocketImpl.connect(PlainSocketImpl.java:182)
	at java.net.SocksSocketImpl.connect(SocksSocketImpl.java:366)
	at java.net.Socket.connect(Socket.java:529)
	at com.ibm.db2.jcc.t4.y.run(y.java:34)
	at java.security.AccessController.doPrivileged(Native Method)
	at com.ibm.db2.jcc.t4.xb.a(xb.java:372)
</error>
  </testcase>
  <testcase classname="com.ibm.support.electronic.cache.dao.CachedObjectDAOImplTest" name="testCtor_InvalidUser" time="0.0060">
    <error message="[jcc][t4][2043][11550][3.57.82] Exception java.net.ConnectException : Erreur lors de l&apos;ouverture du socket vers le serveur /127.0.0.1 sur le port 50 000 avec le message : Connection refused. ERRORCODE=-4499, SQLSTATE=08001" type="com.ibm.db2.jcc.am.yn">com.ibm.db2.jcc.am.yn: [jcc][t4][2043][11550][3.57.82] Exception java.net.ConnectException : Erreur lors de l&apos;ouverture du socket vers le serveur /127.0.0.1 sur le port 50 000 avec le message : Connection refused. ERRORCODE=-4499, SQLSTATE=08001
	at com.ibm.db2.jcc.am.bd.a(bd.java:319)
	at com.ibm.db2.jcc.am.bd.a(bd.java:337)
	at com.ibm.db2.jcc.t4.xb.a(xb.java:378)
	at com.ibm.db2.jcc.t4.xb.&lt;init&gt;(xb.java:76)
	at com.ibm.db2.jcc.t4.a.y(a.java:263)
	at com.ibm.db2.jcc.t4.b.a(b.java:1787)
	at com.ibm.db2.jcc.am.jb.a(jb.java:540)
	at com.ibm.db2.jcc.am.jb.&lt;init&gt;(jb.java:496)
	at com.ibm.db2.jcc.t4.b.&lt;init&gt;(b.java:308)
	at com.ibm.db2.jcc.DB2SimpleDataSource.getConnection(DB2SimpleDataSource.java:214)
	at com.ibm.db2.jcc.DB2Driver.connect(DB2Driver.java:224)
	at java.sql.DriverManager.getConnection(DriverManager.java:582)
	at java.sql.DriverManager.getConnection(DriverManager.java:154)
	at com.ibm.support.electronic.cache.TestHelper.getConnection(TestHelper.java:212)
	at com.ibm.support.electronic.cache.TestHelper.executeUpdate(TestHelper.java:179)
	at com.ibm.support.electronic.cache.TestHelper.initDB(TestHelper.java:227)
	at com.ibm.support.electronic.cache.dao.CachedObjectDAOImplTest.setUp(CachedObjectDAOImplTest.java:74)
Caused by: java.net.ConnectException: Connection refused
	at java.net.PlainSocketImpl.socketConnect(Native Method)
	at java.net.PlainSocketImpl.doConnect(PlainSocketImpl.java:333)
	at java.net.PlainSocketImpl.connectToAddress(PlainSocketImpl.java:195)
	at java.net.PlainSocketImpl.connect(PlainSocketImpl.java:182)
	at java.net.SocksSocketImpl.connect(SocksSocketImpl.java:366)
	at java.net.Socket.connect(Socket.java:529)
	at com.ibm.db2.jcc.t4.y.run(y.java:34)
	at java.security.AccessController.doPrivileged(Native Method)
	at com.ibm.db2.jcc.t4.xb.a(xb.java:372)
</error>
    <error message="[jcc][t4][2043][11550][3.57.82] Exception java.net.ConnectException : Erreur lors de l&apos;ouverture du socket vers le serveur /127.0.0.1 sur le port 50 000 avec le message : Connection refused. ERRORCODE=-4499, SQLSTATE=08001" type="com.ibm.db2.jcc.am.yn">com.ibm.db2.jcc.am.yn: [jcc][t4][2043][11550][3.57.82] Exception java.net.ConnectException : Erreur lors de l&apos;ouverture du socket vers le serveur /127.0.0.1 sur le port 50 000 avec le message : Connection refused. ERRORCODE=-4499, SQLSTATE=08001
	at com.ibm.db2.jcc.am.bd.a(bd.java:319)
	at com.ibm.db2.jcc.am.bd.a(bd.java:337)
	at com.ibm.db2.jcc.t4.xb.a(xb.java:378)
	at com.ibm.db2.jcc.t4.xb.&lt;init&gt;(xb.java:76)
	at com.ibm.db2.jcc.t4.a.y(a.java:263)
	at com.ibm.db2.jcc.t4.b.a(b.java:1787)
	at com.ibm.db2.jcc.am.jb.a(jb.java:540)
	at com.ibm.db2.jcc.am.jb.&lt;init&gt;(jb.java:496)
	at com.ibm.db2.jcc.t4.b.&lt;init&gt;(b.java:308)
	at com.ibm.db2.jcc.DB2SimpleDataSource.getConnection(DB2SimpleDataSource.java:214)
	at com.ibm.db2.jcc.DB2Driver.connect(DB2Driver.java:224)
	at java.sql.DriverManager.getConnection(DriverManager.java:582)
	at java.sql.DriverManager.getConnection(DriverManager.java:154)
	at com.ibm.support.electronic.cache.TestHelper.getConnection(TestHelper.java:212)
[...]
</error>
  </testcase>
  <testcase classname="com.ibm.support.electronic.cache.failuretests.CacheManagerImplFailureTest" name="testCtorStr_Failure2" time="0.0">
    <error message="Instance of the &apos;com.ibm.support.electronic.cache.printer.CacheStatisticsPrinterImpl&apos; must can be assigned to &apos;com.ibm.support.electronic.cache.CacheStatisticsPrinter&apos;" type="com.ibm.support.electronic.cache.ObjectCacheConfigurationException">com.ibm.support.electronic.cache.ObjectCacheConfigurationException: Instance of the &apos;com.ibm.support.electronic.cache.printer.CacheStatisticsPrinterImpl&apos; must can be assigned to &apos;com.ibm.support.electronic.cache.CacheStatisticsPrinter&apos;
	at com.ibm.support.electronic.cache.cachemanager.CacheManagerImpl.createReflectively(CacheManagerImpl.java:915)
	at com.ibm.support.electronic.cache.cachemanager.CacheManagerImpl.&lt;init&gt;(CacheManagerImpl.java:239)
	at com.ibm.support.electronic.cache.failuretests.CacheManagerImplFailureTest.setUp(CacheManagerImplFailureTest.java:71)
</error>
  </testcase>
  <testcase classname="com.ibm.support.electronic.cache.failuretests.CacheManagerImplFailureTest" name="testCtorStr_Failure3" time="0.0">
    <error message="Instance of the &apos;com.ibm.support.electronic.cache.printer.CacheStatisticsPrinterImpl&apos; must can be assigned to &apos;com.ibm.support.electronic.cache.CacheStatisticsPrinter&apos;" type="com.ibm.support.electronic.cache.ObjectCacheConfigurationException">com.ibm.support.electronic.cache.ObjectCacheConfigurationException: Instance of the &apos;com.ibm.support.electronic.cache.printer.CacheStatisticsPrinterImpl&apos; must can be assigned to &apos;com.ibm.support.electronic.cache.CacheStatisticsPrinter&apos;
	at com.ibm.support.electronic.cache.cachemanager.CacheManagerImpl.createReflectively(CacheManagerImpl.java:915)
	at com.ibm.support.electronic.cache.cachemanager.CacheManagerImpl.&lt;init&gt;(CacheManagerImpl.java:239)
	at com.ibm.support.electronic.cache.failuretests.CacheManagerImplFailureTest.setUp(CacheManagerImplFailureTest.java:71)
</error>
  </testcase>
  <testcase classname="com.ibm.support.electronic.cache.failuretests.CacheManagerImplFailureTest" name="testCtorPropsStr_Failure1" time="0.0010">
    <error message="Instance of the &apos;com.ibm.support.electronic.cache.printer.CacheStatisticsPrinterImpl&apos; must can be assigned to &apos;com.ibm.support.electronic.cache.CacheStatisticsPrinter&apos;" type="com.ibm.support.electronic.cache.ObjectCacheConfigurationException">com.ibm.support.electronic.cache.ObjectCacheConfigurationException: Instance of the &apos;com.ibm.support.electronic.cache.printer.CacheStatisticsPrinterImpl&apos; must can be assigned to &apos;com.ibm.support.electronic.cache.CacheStatisticsPrinter&apos;
	at com.ibm.support.electronic.cache.cachemanager.CacheManagerImpl.createReflectively(CacheManagerImpl.java:915)
	at com.ibm.support.electronic.cache.cachemanager.CacheManagerImpl.&lt;init&gt;(CacheManagerImpl.java:239)
	at com.ibm.support.electronic.cache.failuretests.CacheManagerImplFailureTest.setUp(CacheManagerImplFailureTest.java:71)
</error>
  </testcase>
  <testcase classname="com.ibm.support.electronic.cache.failuretests.CacheManagerImplFailureTest" name="testCtorPropsStr_Failure2" time="0.0">
    <error message="Instance of the &apos;com.ibm.support.electronic.cache.printer.CacheStatisticsPrinterImpl&apos; must can be assigned to &apos;com.ibm.support.electronic.cache.CacheStatisticsPrinter&apos;" type="com.ibm.support.electronic.cache.ObjectCacheConfigurationException">com.ibm.support.electronic.cache.ObjectCacheConfigurationException: Instance of the &apos;com.ibm.support.electronic.cache.printer.CacheStatisticsPrinterImpl&apos; must can be assigned to &apos;com.ibm.support.electronic.cache.CacheStatisticsPrinter&apos;
	at com.ibm.support.electronic.cache.cachemanager.CacheManagerImpl.createReflectively(CacheManagerImpl.java:915)
	at com.ibm.support.electronic.cache.cachemanager.CacheManagerImpl.&lt;init&gt;(CacheManagerImpl.java:239)
	at com.ibm.support.electronic.cache.failuretests.CacheManagerImplFailureTest.setUp(CacheManagerImplFailureTest.java:71)
</error>
  </testcase>
  <testcase classname="com.ibm.support.electronic.cache.failuretests.CacheManagerImplFailureTest" name="testCtorPropsStr_Failure3" time="0.0010">
    <error message="Instance of the &apos;com.ibm.support.electronic.cache.printer.CacheStatisticsPrinterImpl&apos; must can be assigned to &apos;com.ibm.support.electronic.cache.CacheStatisticsPrinter&apos;" type="com.ibm.support.electronic.cache.ObjectCacheConfigurationException">com.ibm.support.electronic.cache.ObjectCacheConfigurationException: Instance of the &apos;com.ibm.support.electronic.cache.printer.CacheStatisticsPrinterImpl&apos; must can be assigned to &apos;com.ibm.support.electronic.cache.CacheStatisticsPrinter&apos;
	at com.ibm.support.electronic.cache.cachemanager.CacheManagerImpl.createReflectively(CacheManagerImpl.java:915)
	at com.ibm.support.electronic.cache.cachemanager.CacheManagerImpl.&lt;init&gt;(CacheManagerImpl.java:239)
	at com.ibm.support.electronic.cache.failuretests.CacheManagerImplFailureTest.setUp(CacheManagerImplFailureTest.java:71)
</error>
  </testcase>
  <testcase classname="com.ibm.support.electronic.cache.failuretests.CacheManagerImplFailureTest" name="testPrintStatistics_Failure1" time="0.0020">
    <error message="Instance of the &apos;com.ibm.support.electronic.cache.printer.CacheStatisticsPrinterImpl&apos; must can be assigned to &apos;com.ibm.support.electronic.cache.CacheStatisticsPrinter&apos;" type="com.ibm.support.electronic.cache.ObjectCacheConfigurationException">com.ibm.support.electronic.cache.ObjectCacheConfigurationException: Instance of the &apos;com.ibm.support.electronic.cache.printer.CacheStatisticsPrinterImpl&apos; must can be assigned to &apos;com.ibm.support.electronic.cache.CacheStatisticsPrinter&apos;
	at com.ibm.support.electronic.cache.cachemanager.CacheManagerImpl.createReflectively(CacheManagerImpl.java:915)
	at com.ibm.support.electronic.cache.cachemanager.CacheManagerImpl.&lt;init&gt;(CacheManagerImpl.java:239)
	at com.ibm.support.electronic.cache.failuretests.CacheManagerImplFailureTest.setUp(CacheManagerImplFailureTest.java:71)
</error>
  </testcase>
  <testcase classname="com.ibm.support.electronic.cache.failuretests.CacheManagerImplFailureTest" name="testPut_Failure1" time="0.0010">
    <error message="Instance of the &apos;com.ibm.support.electronic.cache.printer.CacheStatisticsPrinterImpl&apos; must can be assigned to &apos;com.ibm.support.electronic.cache.CacheStatisticsPrinter&apos;" type="com.ibm.support.electronic.cache.ObjectCacheConfigurationException">com.ibm.support.electronic.cache.ObjectCacheConfigurationException: Instance of the &apos;com.ibm.support.electronic.cache.printer.CacheStatisticsPrinterImpl&apos; must can be assigned to &apos;com.ibm.support.electronic.cache.CacheStatisticsPrinter&apos;
	at com.ibm.support.electronic.cache.cachemanager.CacheManagerImpl.createReflectively(CacheManagerImpl.java:915)
	at com.ibm.support.electronic.cache.cachemanager.CacheManagerImpl.&lt;init&gt;(CacheManagerImpl.java:239)
	at com.ibm.support.electronic.cache.failuretests.CacheManagerImplFailureTest.setUp(CacheManagerImplFailureTest.java:71)
</error>
  </testcase>
  <testcase classname="com.ibm.support.electronic.cache.failuretests.CacheManagerImplFailureTest" name="testPut_Failure2" time="0.0">
    <error message="Instance of the &apos;com.ibm.support.electronic.cache.printer.CacheStatisticsPrinterImpl&apos; must can be assigned to &apos;com.ibm.support.electronic.cache.CacheStatisticsPrinter&apos;" type="com.ibm.support.electronic.cache.ObjectCacheConfigurationException">com.ibm.support.electronic.cache.ObjectCacheConfigurationException: Instance of the &apos;com.ibm.support.electronic.cache.printer.CacheStatisticsPrinterImpl&apos; must can be assigned to &apos;com.ibm.support.electronic.cache.CacheStatisticsPrinter&apos;
	at com.ibm.support.electronic.cache.cachemanager.CacheManagerImpl.createReflectively(CacheManagerImpl.java:915)
	at com.ibm.support.electronic.cache.cachemanager.CacheManagerImpl.&lt;init&gt;(CacheManagerImpl.java:239)
	at com.ibm.support.electronic.cache.failuretests.CacheManagerImplFailureTest.setUp(CacheManagerImplFailureTest.java:71)
</error>
  </testcase>
  <testcase classname="com.ibm.support.electronic.cache.failuretests.CacheManagerImplFailureTest" name="testPut_Failure3" time="0.0010">
    <error message="Instance of the &apos;com.ibm.support.electronic.cache.printer.CacheStatisticsPrinterImpl&apos; must can be assigned to &apos;com.ibm.support.electronic.cache.CacheStatisticsPrinter&apos;" type="com.ibm.support.electronic.cache.ObjectCacheConfigurationException">com.ibm.support.electronic.cache.ObjectCacheConfigurationException: Instance of the &apos;com.ibm.support.electronic.cache.printer.CacheStatisticsPrinterImpl&apos; must can be assigned to &apos;com.ibm.support.electronic.cache.CacheStatisticsPrinter&apos;
	at com.ibm.support.electronic.cache.cachemanager.CacheManagerImpl.createReflectively(CacheManagerImpl.java:915)
	at com.ibm.support.electronic.cache.cachemanager.CacheManagerImpl.&lt;init&gt;(CacheManagerImpl.java:239)
	at com.ibm.support.electronic.cache.failuretests.CacheManagerImplFailureTest.setUp(CacheManagerImplFailureTest.java:71)
</error>
  </testcase>
  <testcase classname="com.ibm.support.electronic.cache.failuretests.CacheManagerImplFailureTest" name="testClear_Failure1" time="0.0">
    <error message="Instance of the &apos;com.ibm.support.electronic.cache.printer.CacheStatisticsPrinterImpl&apos; must can be assigned to &apos;com.ibm.support.electronic.cache.CacheStatisticsPrinter&apos;" type="com.ibm.support.electronic.cache.ObjectCacheConfigurationException">com.ibm.support.electronic.cache.ObjectCacheConfigurationException: Instance of the &apos;com.ibm.support.electronic.cache.printer.CacheStatisticsPrinterImpl&apos; must can be assigned to &apos;com.ibm.support.electronic.cache.CacheStatisticsPrinter&apos;
	at com.ibm.support.electronic.cache.cachemanager.CacheManagerImpl.createReflectively(CacheManagerImpl.java:915)
	at com.ibm.support.electronic.cache.cachemanager.CacheManagerImpl.&lt;init&gt;(CacheManagerImpl.java:239)
	at com.ibm.support.electronic.cache.failuretests.CacheManagerImplFailureTest.setUp(CacheManagerImplFailureTest.java:71)
</error>
  </testcase>
  <testcase classname="com.ibm.support.electronic.cache.failuretests.MemoryCacheImplFailureTest" name="testGet_Failure1" time="0.0" />
  <testcase classname="com.ibm.support.electronic.cache.failuretests.MemoryCacheImplFailureTest" name="testGet_Failure2" time="0.0" />
  <testcase classname="com.ibm.support.electronic.cache.failuretests.MemoryCacheImplFailureTest" name="testPut_Failure1" time="0.0" />
  <testcase classname="com.ibm.support.electronic.cache.failuretests.MemoryCacheImplFailureTest" name="testPut_Failure2" time="0.0" />
  <testcase classname="com.ibm.support.electronic.cache.failuretests.MemoryCacheImplFailureTest" name="testPut_Failure3" time="0.0" />
  <testcase classname="com.ibm.support.electronic.cache.failuretests.MemoryCacheImplFailureTest" name="testCtor_Failure1" time="0.0" />
  <testcase classname="com.ibm.support.electronic.cache.failuretests.MemoryCacheImplFailureTest" name="testCtor_Failure2" time="0.0" />
  <testcase classname="com.ibm.support.electronic.cache.failuretests.MemoryCacheImplFailureTest" name="testCtor_Failure3" time="0.0010" />
  <testcase classname="com.ibm.support.electronic.cache.failuretests.MemoryCacheImplFailureTest" name="testCtor_Failure4" time="0.0" />
  <testcase classname="com.ibm.support.electronic.cache.failuretests.MemoryCacheImplFailureTest" name="testCtor_Failure5" time="0.0" />
  <testcase classname="com.ibm.support.electronic.cache.failuretests.MemoryCacheImplFailureTest" name="testCtor_Failure6" time="0.0" />
  <testcase classname="com.ibm.support.electronic.cache.failuretests.MemoryCacheImplFailureTest" name="testRemove_Failure1" time="0.0" />
  <testcase classname="com.ibm.support.electronic.cache.failuretests.MemoryCacheImplFailureTest" name="testRemove_Failure2" time="0.0" />
  <testcase classname="com.ibm.support.electronic.cache.stresstests.CacheStatisticsPrinterImplStressTest" name="test_printStatistics" time="0.022" />
  <testcase classname="com.ibm.support.electronic.cache.stresstests.CachedObjectDAOImplStressTest" name="test_save" time="0.047">
    <error message="CachedObjectDAOImpl#getConnection" type="com.ibm.support.electronic.cache.PersistenceException">com.ibm.support.electronic.cache.PersistenceException: CachedObjectDAOImpl#getConnection
	at com.ibm.support.electronic.cache.dao.CachedObjectDAOImpl.getConnection(CachedObjectDAOImpl.java:449)
	at com.ibm.support.electronic.cache.dao.CachedObjectDAOImpl.save(CachedObjectDAOImpl.java:332)
	at com.ibm.support.electronic.cache.stresstests.CachedObjectDAOImplStressTest$1.run(CachedObjectDAOImplStressTest.java:97)
Caused by: com.ibm.db2.jcc.am.yn: [jcc][t4][2043][11550][3.57.82] Exception java.net.ConnectException : Erreur lors de l&apos;ouverture du socket vers le serveur localhost/127.0.0.1 sur le port 50 000 avec le message : Connection refused. ERRORCODE=-4499, SQLSTATE=08001
	at com.ibm.db2.jcc.am.bd.a(bd.java:319)
	at com.ibm.db2.jcc.am.bd.a(bd.java:337)
	at com.ibm.db2.jcc.t4.xb.a(xb.java:378)
	at com.ibm.db2.jcc.t4.xb.&lt;init&gt;(xb.java:76)
	at com.ibm.db2.jcc.t4.a.y(a.java:263)
	at com.ibm.db2.jcc.t4.b.a(b.java:1787)
	at com.ibm.db2.jcc.am.jb.a(jb.java:540)
	at com.ibm.db2.jcc.am.jb.&lt;init&gt;(jb.java:496)
	at com.ibm.db2.jcc.t4.b.&lt;init&gt;(b.java:308)
	at com.ibm.db2.jcc.DB2SimpleDataSource.getConnection(DB2SimpleDataSource.java:214)
	at com.ibm.db2.jcc.DB2Driver.connect(DB2Driver.java:224)
	at java.sql.DriverManager.getConnection(DriverManager.java:582)
	at java.sql.DriverManager.getConnection(DriverManager.java:185)
	at com.ibm.support.electronic.cache.dao.CachedObjectDAOImpl.getConnection(CachedObjectDAOImpl.java:443)
Caused by: java.net.ConnectException: Connection refused
	at java.net.PlainSocketImpl.socketConnect(Native Method)
	at java.net.PlainSocketImpl.doConnect(PlainSocketImpl.java:333)
	at java.net.PlainSocketImpl.connectToAddress(PlainSocketImpl.java:195)
	at java.net.PlainSocketImpl.connect(PlainSocketImpl.java:182)
	at java.net.SocksSocketImpl.connect(SocksSocketImpl.java:366)
	at java.net.Socket.connect(Socket.java:529)
	at com.ibm.db2.jcc.t4.y.run(y.java:34)
	at java.security.AccessController.doPrivileged(Native Method)
	at com.ibm.db2.jcc.t4.xb.a(xb.java:372)
</error>
  </testcase>
  <testcase classname="com.ibm.support.electronic.cache.stresstests.CachedObjectDAOImplStressTest" name="test_deleteByCacheSet" time="0.041">
    <error message="CachedObjectDAOImpl#getConnection" type="com.ibm.support.electronic.cache.PersistenceException">com.ibm.support.electronic.cache.PersistenceException: CachedObjectDAOImpl#getConnection
	at com.ibm.support.electronic.cache.dao.CachedObjectDAOImpl.getConnection(CachedObjectDAOImpl.java:449)
	at com.ibm.support.electronic.cache.dao.CachedObjectDAOImpl.save(CachedObjectDAOImpl.java:332)
	at com.ibm.support.electronic.cache.stresstests.CachedObjectDAOImplStressTest$2.run(CachedObjectDAOImplStressTest.java:141)
Caused by: com.ibm.db2.jcc.am.yn: [jcc][t4][2043][11550][3.57.82] Exception java.net.ConnectException : Erreur lors de l&apos;ouverture du socket vers le serveur localhost/127.0.0.1 sur le port 50 000 avec le message : Connection refused. ERRORCODE=-4499, SQLSTATE=08001
	at com.ibm.db2.jcc.am.bd.a(bd.java:319)
	at com.ibm.db2.jcc.am.bd.a(bd.java:337)
	at com.ibm.db2.jcc.t4.xb.a(xb.java:378)
	at com.ibm.db2.jcc.t4.xb.&lt;init&gt;(xb.java:76)
	at com.ibm.db2.jcc.t4.a.y(a.java:263)
	at com.ibm.db2.jcc.t4.b.a(b.java:1787)
	at com.ibm.db2.jcc.am.jb.a(jb.java:540)
	at com.ibm.db2.jcc.am.jb.&lt;init&gt;(jb.java:496)
	at com.ibm.db2.jcc.t4.b.&lt;init&gt;(b.java:308)
	at com.ibm.db2.jcc.DB2SimpleDataSource.getConnection(DB2SimpleDataSource.java:214)
	at com.ibm.db2.jcc.DB2Driver.connect(DB2Driver.java:224)
	at java.sql.DriverManager.getConnection(DriverManager.java:582)
	at java.sql.DriverManager.getConnection(DriverManager.java:185)
	at com.ibm.support.electronic.cache.dao.CachedObjectDAOImpl.getConnection(CachedObjectDAOImpl.java:443)
Caused by: java.net.ConnectException: Connection refused
	at java.net.PlainSocketImpl.socketConnect(Native Method)
	at java.net.PlainSocketImpl.doConnect(PlainSocketImpl.java:333)
	at java.net.PlainSocketImpl.connectToAddress(PlainSocketImpl.java:195)
	at java.net.PlainSocketImpl.connect(PlainSocketImpl.java:182)
	at java.net.SocksSocketImpl.connect(SocksSocketImpl.java:366)
	at java.net.Socket.connect(Socket.java:529)
	at com.ibm.db2.jcc.t4.y.run(y.java:34)
	at java.security.AccessController.doPrivileged(Native Method)
	at com.ibm.db2.jcc.t4.xb.a(xb.java:372)
</error>
  </testcase>
  <testcase classname="com.ibm.support.electronic.cache.stresstests.MemoryCacheImplStressTest" name="test_put" time="0.016" />
  <testcase classname="com.ibm.support.electronic.cache.stresstests.MemoryCacheImplStressTest" name="test_clear" time="1.173" />
  <testcase classname="com.ibm.support.electronic.cache.stresstests.MemoryCacheImplStressTest" name="test_getReplaceableCachedObject" time="0.052" />
  <testcase classname="com.ibm.support.electronic.cache.stresstests.CacheManagerImplStressTest" name="test_save" time="0.0030">
    <error message="[jcc][t4][2043][11550][3.57.82] Exception java.net.ConnectException : Erreur lors de l&apos;ouverture du socket vers le serveur localhost/127.0.0.1 sur le port 50 000 avec le message : Connection refused. ERRORCODE=-4499, SQLSTATE=08001" type="com.ibm.db2.jcc.am.yn">com.ibm.db2.jcc.am.yn: [jcc][t4][2043][11550][3.57.82] Exception java.net.ConnectException : Erreur lors de l&apos;ouverture du socket vers le serveur localhost/127.0.0.1 sur le port 50 000 avec le message : Connection refused. ERRORCODE=-4499, SQLSTATE=08001
	at com.ibm.db2.jcc.am.bd.a(bd.java:319)
	at com.ibm.db2.jcc.am.bd.a(bd.java:337)
	at com.ibm.db2.jcc.t4.xb.a(xb.java:378)
	at com.ibm.db2.jcc.t4.xb.&lt;init&gt;(xb.java:76)
	at com.ibm.db2.jcc.t4.a.y(a.java:263)
	at com.ibm.db2.jcc.t4.b.a(b.java:1787)
	at com.ibm.db2.jcc.am.jb.a(jb.java:540)
	at com.ibm.db2.jcc.am.jb.&lt;init&gt;(jb.java:496)
	at com.ibm.db2.jcc.t4.b.&lt;init&gt;(b.java:308)
	at com.ibm.db2.jcc.DB2SimpleDataSource.getConnection(DB2SimpleDataSource.java:214)
	at com.ibm.db2.jcc.DB2Driver.connect(DB2Driver.java:224)
	at java.sql.DriverManager.getConnection(DriverManager.java:582)
	at java.sql.DriverManager.getConnection(DriverManager.java:185)
	at com.ibm.support.electronic.cache.stresstests.TestHelper.getConnection(TestHelper.java:101)
	at com.ibm.support.electronic.cache.stresstests.TestHelper.clear(TestHelper.java:37)
	at com.ibm.support.electronic.cache.stresstests.CacheManagerImplStressTest.setUp(CacheManagerImplStressTest.java:46)
Caused by: java.net.ConnectException: Connection refused
	at java.net.PlainSocketImpl.socketConnect(Native Method)
	at java.net.PlainSocketImpl.doConnect(PlainSocketImpl.java:333)
	at java.net.PlainSocketImpl.connectToAddress(PlainSocketImpl.java:195)
	at java.net.PlainSocketImpl.connect(PlainSocketImpl.java:182)
	at java.net.SocksSocketImpl.connect(SocksSocketImpl.java:366)
	at java.net.Socket.connect(Socket.java:529)
	at com.ibm.db2.jcc.t4.y.run(y.java:34)
	at java.security.AccessController.doPrivileged(Native Method)
	at com.ibm.db2.jcc.t4.xb.a(xb.java:372)
</error>
  </testcase>
  <system-out><![CDATA[Run printStatistics() for  50 times takes 20ms
Run put()/get()/remove() for  1000 times takes 15ms
Run put()/get()/clear() for  1000 times takes 1172ms
Run put()/getReplaceableCachedObject() for  1000 times takes 52ms
]]></system-out>
  <system-err><![CDATA[]]></system-err>
</testsuite>
