<?xml version="1.0" encoding="UTF-8" ?>
<testsuite errors="279" failures="0" hostname="ysera" name="com.topcoder.management.deliverable.AllTests" tests="665" time="3.938" timestamp="2010-11-16T23:35:11">
  <properties>
[...]
</properties>
  <testcase classname="com.topcoder.management.deliverable.AuditedDeliverableStructureTests" name="testConstructor1_Accuracy" time="0.002" />
  <testcase classname="com.topcoder.management.deliverable.AuditedDeliverableStructureTests" name="testConstructor2_InvalidLong1" time="0.002" />
  <testcase classname="com.topcoder.management.deliverable.AuditedDeliverableStructureTests" name="testConstructor2_InvalidLong2" time="0.0" />
  <testcase classname="com.topcoder.management.deliverable.AuditedDeliverableStructureTests" name="testConstructor2_Accuracy1" time="0.0" />
  <testcase classname="com.topcoder.management.deliverable.AuditedDeliverableStructureTests" name="testSetId_Invalid1" time="0.0" />
  <testcase classname="com.topcoder.management.deliverable.AuditedDeliverableStructureTests" name="testSetId_Invalid2" time="0.0" />
  <testcase classname="com.topcoder.management.deliverable.AuditedDeliverableStructureTests" name="testSetId_Accuracy1" time="0.0" />
  <testcase classname="com.topcoder.management.deliverable.AuditedDeliverableStructureTests" name="testGetId_Accuracy1" time="0.001" />
  <testcase classname="com.topcoder.management.deliverable.AuditedDeliverableStructureTests" name="testSetCreationUser_Accuracy1" time="0.0" />
  <testcase classname="com.topcoder.management.deliverable.AuditedDeliverableStructureTests" name="testGetCreationUser_Accuracy1" time="0.0" />
  <testcase classname="com.topcoder.management.deliverable.AuditedDeliverableStructureTests" name="testSetCreationTimestamp_Accuracy1" time="0.0" />
  <testcase classname="com.topcoder.management.deliverable.AuditedDeliverableStructureTests" name="testGetCreationTimestamp_Accuracy1" time="0.001" />
  <testcase classname="com.topcoder.management.deliverable.AuditedDeliverableStructureTests" name="testSetModificationUser_Accuracy1" time="0.0" />
  <testcase classname="com.topcoder.management.deliverable.AuditedDeliverableStructureTests" name="testGetModificationUser_Accuracy1" time="0.0" />
  <testcase classname="com.topcoder.management.deliverable.AuditedDeliverableStructureTests" name="testSetModificationTimestamp_Accuracy1" time="0.0" />
  <testcase classname="com.topcoder.management.deliverable.AuditedDeliverableStructureTests" name="testGetModificationTimestamp_Accuracy1" time="0.001" />
  <testcase classname="com.topcoder.management.deliverable.AuditedDeliverableStructureTests" name="testIsValidToPersist_Accuracy1" time="0.0" />
  <testcase classname="com.topcoder.management.deliverable.AuditedDeliverableStructureTests" name="testIsValidToPersist_Accuracy2" time="0.0" />
  <testcase classname="com.topcoder.management.deliverable.AuditedDeliverableStructureTests" name="testIsValidToPersist_Accuracy3" time="0.0" />
  <testcase classname="com.topcoder.management.deliverable.AuditedDeliverableStructureTests" name="testIsValidToPersist_Accuracy4" time="0.0" />
  <testcase classname="com.topcoder.management.deliverable.AuditedDeliverableStructureTests" name="testIsValidToPersist_Accuracy5" time="0.0" />
  <testcase classname="com.topcoder.management.deliverable.AuditedDeliverableStructureTests" name="testIsValidToPersist_Accuracy6" time="0.0" />
  <testcase classname="com.topcoder.management.deliverable.DeliverableTests" name="testConstructor1_InvalidLong1" time="0.001" />
  <testcase classname="com.topcoder.management.deliverable.DeliverableTests" name="testConstructor1_InvalidLong2" time="0.0" />
  <testcase classname="com.topcoder.management.deliverable.DeliverableTests" name="testConstructor1_InvalidLong3" time="0.001" />
  <testcase classname="com.topcoder.management.deliverable.DeliverableTests" name="testConstructor1_InvalidLong4" time="0.0" />
  <testcase classname="com.topcoder.management.deliverable.DeliverableTests" name="testConstructor1_InvalidLong5" time="0.0" />
  <testcase classname="com.topcoder.management.deliverable.DeliverableTests" name="testConstructor1_InvalidLong6" time="0.0" />
  <testcase classname="com.topcoder.management.deliverable.DeliverableTests" name="testConstructor1_InvalidLong7" time="0.0" />
  <testcase classname="com.topcoder.management.deliverable.DeliverableTests" name="testConstructor1_InvalidLong8" time="0.0" />
  <testcase classname="com.topcoder.management.deliverable.DeliverableTests" name="testConstructor1_Valid1" time="0.0" />
  <testcase classname="com.topcoder.management.deliverable.DeliverableTests" name="testConstructor1_Valid2" time="0.0" />
  <testcase classname="com.topcoder.management.deliverable.DeliverableTests" name="testConstructor1_Accuracy1" time="0.0" />
  <testcase classname="com.topcoder.management.deliverable.DeliverableTests" name="testConstructor1_Accuracy2" time="0.0" />
  <testcase classname="com.topcoder.management.deliverable.DeliverableTests" name="testGetProject_Accuracy1" time="0.0" />
  <testcase classname="com.topcoder.management.deliverable.DeliverableTests" name="testGetProject_Accuracy2" time="0.0" />
  <testcase classname="com.topcoder.management.deliverable.DeliverableTests" name="testGetPhase_Accuracy1" time="0.0" />
  <testcase classname="com.topcoder.management.deliverable.DeliverableTests" name="testGetPhase_Accuracy2" time="0.0" />
  <testcase classname="com.topcoder.management.deliverable.DeliverableTests" name="testGetResource_Accuracy1" time="0.0" />
  <testcase classname="com.topcoder.management.deliverable.DeliverableTests" name="testGetResource_Accuracy2" time="0.0" />
  <testcase classname="com.topcoder.management.deliverable.DeliverableTests" name="testGetSubmission_Accuracy1" time="0.0" />
  <testcase classname="com.topcoder.management.deliverable.DeliverableTests" name="testGetSubmission_Accuracy2" time="0.0" />
  <testcase classname="com.topcoder.management.deliverable.DeliverableTests" name="testIsRequired_Accuracy1" time="0.0" />
  <testcase classname="com.topcoder.management.deliverable.DeliverableTests" name="testIsRequired_Accuracy2" time="0.0" />
  <testcase classname="com.topcoder.management.deliverable.DeliverableTests" name="testSetCompletionDate_Null" time="0.0" />
  <testcase classname="com.topcoder.management.deliverable.DeliverableTests" name="testSetCompletionDate_Accuracy1" time="0.0" />
  <testcase classname="com.topcoder.management.deliverable.DeliverableTests" name="testGetCompletionDate_Accuracy2" time="0.0" />
  <testcase classname="com.topcoder.management.deliverable.DeliverableTests" name="testIsComplete_Accuracy1" time="0.001" />
  <testcase classname="com.topcoder.management.deliverable.DeliverableTests" name="testIsComplete_Accuracy2" time="0.0" />
  <testcase classname="com.topcoder.management.deliverable.DeliverableTests" name="testIsPerSubmission_Accuracy1" time="0.0" />
  <testcase classname="com.topcoder.management.deliverable.DeliverableTests" name="testIsPerSubmission_Accuracy2" time="0.0" />
  <testcase classname="com.topcoder.management.deliverable.IdAlreadySetExceptionTests" name="testConstructor1" time="0.001" />
  <testcase classname="com.topcoder.management.deliverable.NamedDeliverableStructureTests" name="testConstructor2_InvalidLong1" time="0.0" />
  <testcase classname="com.topcoder.management.deliverable.NamedDeliverableStructureTests" name="testConstructor2_InvalidLong2" time="0.0" />
  <testcase classname="com.topcoder.management.deliverable.NamedDeliverableStructureTests" name="testConstructor2_Accuracy1" time="0.0" />
  <testcase classname="com.topcoder.management.deliverable.NamedDeliverableStructureTests" name="testIsValidToPersist_Accuracy1" time="0.0" />
  <testcase classname="com.topcoder.management.deliverable.NamedDeliverableStructureTests" name="testIsValidToPersist_Accuracy2" time="0.0" />
  <testcase classname="com.topcoder.management.deliverable.NamedDeliverableStructureTests" name="testIsValidToPersist_Accuracy3" time="0.0" />
  <testcase classname="com.topcoder.management.deliverable.NamedDeliverableStructureTests" name="testIsValidToPersist_Accuracy4" time="0.0" />
  <testcase classname="com.topcoder.management.deliverable.NamedDeliverableStructureTests" name="testIsValidToPersist_Accuracy5" time="0.0" />
  <testcase classname="com.topcoder.management.deliverable.NamedDeliverableStructureTests" name="testConstructor1_Accuracy1" time="0.0" />
  <testcase classname="com.topcoder.management.deliverable.NamedDeliverableStructureTests" name="testConstructor1_Accuracy2" time="0.001" />
  <testcase classname="com.topcoder.management.deliverable.NamedDeliverableStructureTests" name="testConstructor3_InvalidLong1" time="0.0" />
  <testcase classname="com.topcoder.management.deliverable.NamedDeliverableStructureTests" name="testConstructor3_InvalidLong2" time="0.0" />
  <testcase classname="com.topcoder.management.deliverable.NamedDeliverableStructureTests" name="testConstructor3_Accuracy1" time="0.001" />
  <testcase classname="com.topcoder.management.deliverable.NamedDeliverableStructureTests" name="testSetName_Accuracy1" time="0.0" />
  <testcase classname="com.topcoder.management.deliverable.NamedDeliverableStructureTests" name="testGetName_Accuracy1" time="0.0" />
  <testcase classname="com.topcoder.management.deliverable.NamedDeliverableStructureTests" name="testSetDescription_Accuracy1" time="0.0" />
  <testcase classname="com.topcoder.management.deliverable.NamedDeliverableStructureTests" name="testGetDescription_Accuracy1" time="0.001" />
  <testcase classname="com.topcoder.management.deliverable.PersistenceDeliverableManagerTests" name="testConstructor1_Null1" time="0.122">
    <error message="com/topcoder/util/objectfactory/InvalidClassSpecificationException" type="java.lang.NoClassDefFoundError">java.lang.NoClassDefFoundError: com/topcoder/util/objectfactory/InvalidClassSpecificationException
	at com.topcoder.management.deliverable.PersistenceDeliverableManagerTests.setUp(PersistenceDeliverableManagerTests.java:90)
Caused by: java.lang.ClassNotFoundException: com.topcoder.util.objectfactory.InvalidClassSpecificationException
	at java.net.URLClassLoader$1.run(URLClassLoader.java:217)
	at java.security.AccessController.doPrivileged(Native Method)
	at java.net.URLClassLoader.findClass(URLClassLoader.java:205)
	at java.lang.ClassLoader.loadClass(ClassLoader.java:321)
	at sun.misc.Launcher$AppClassLoader.loadClass(Launcher.java:294)
	at java.lang.ClassLoader.loadClass(ClassLoader.java:266)
</error>
  </testcase>
  <testcase classname="com.topcoder.management.deliverable.PersistenceDeliverableManagerTests" name="testConstructor1_Null2" time="0.101">
    <error message="com/topcoder/util/objectfactory/InvalidClassSpecificationException" type="java.lang.NoClassDefFoundError">java.lang.NoClassDefFoundError: com/topcoder/util/objectfactory/InvalidClassSpecificationException
	at com.topcoder.management.deliverable.PersistenceDeliverableManagerTests.setUp(PersistenceDeliverableManagerTests.java:90)
Caused by: java.lang.ClassNotFoundException: com.topcoder.util.objectfactory.InvalidClassSpecificationException
	at java.net.URLClassLoader$1.run(URLClassLoader.java:217)
	at java.security.AccessController.doPrivileged(Native Method)
	at java.net.URLClassLoader.findClass(URLClassLoader.java:205)
	at java.lang.ClassLoader.loadClass(ClassLoader.java:321)
	at sun.misc.Launcher$AppClassLoader.loadClass(Launcher.java:294)
	at java.lang.ClassLoader.loadClass(ClassLoader.java:266)
</error>
  </testcase>
  <testcase classname="com.topcoder.management.deliverable.PersistenceDeliverableManagerTests" name="testConstructor1_Null3" time="0.073">
    <error message="com/topcoder/util/objectfactory/InvalidClassSpecificationException" type="java.lang.NoClassDefFoundError">java.lang.NoClassDefFoundError: com/topcoder/util/objectfactory/InvalidClassSpecificationException
	at com.topcoder.management.deliverable.PersistenceDeliverableManagerTests.setUp(PersistenceDeliverableManagerTests.java:90)
Caused by: java.lang.ClassNotFoundException: com.topcoder.util.objectfactory.InvalidClassSpecificationException
	at java.net.URLClassLoader$1.run(URLClassLoader.java:217)
	at java.security.AccessController.doPrivileged(Native Method)
	at java.net.URLClassLoader.findClass(URLClassLoader.java:205)
	at java.lang.ClassLoader.loadClass(ClassLoader.java:321)
	at sun.misc.Launcher$AppClassLoader.loadClass(Launcher.java:294)
	at java.lang.ClassLoader.loadClass(ClassLoader.java:266)
</error>
  </testcase>
  <testcase classname="com.topcoder.management.deliverable.PersistenceDeliverableManagerTests" name="testConstructor1_Null4" time="0.092">
    <error message="com/topcoder/util/objectfactory/InvalidClassSpecificationException" type="java.lang.NoClassDefFoundError">java.lang.NoClassDefFoundError: com/topcoder/util/objectfactory/InvalidClassSpecificationException
	at com.topcoder.management.deliverable.PersistenceDeliverableManagerTests.setUp(PersistenceDeliverableManagerTests.java:90)
Caused by: java.lang.ClassNotFoundException: com.topcoder.util.objectfactory.InvalidClassSpecificationException
	at java.net.URLClassLoader$1.run(URLClassLoader.java:217)
	at java.security.AccessController.doPrivileged(Native Method)
	at java.net.URLClassLoader.findClass(URLClassLoader.java:205)
	at java.lang.ClassLoader.loadClass(ClassLoader.java:321)
	at sun.misc.Launcher$AppClassLoader.loadClass(Launcher.java:294)
	at java.lang.ClassLoader.loadClass(ClassLoader.java:266)
</error>
  </testcase>
  <testcase classname="com.topcoder.management.deliverable.PersistenceDeliverableManagerTests" name="testConstructor1_Valid" time="0.038">
    <error message="com/topcoder/util/objectfactory/InvalidClassSpecificationException" type="java.lang.NoClassDefFoundError">java.lang.NoClassDefFoundError: com/topcoder/util/objectfactory/InvalidClassSpecificationException
	at com.topcoder.management.deliverable.PersistenceDeliverableManagerTests.setUp(PersistenceDeliverableManagerTests.java:90)
Caused by: java.lang.ClassNotFoundException: com.topcoder.util.objectfactory.InvalidClassSpecificationException
	at java.net.URLClassLoader$1.run(URLClassLoader.java:217)
	at java.security.AccessController.doPrivileged(Native Method)
	at java.net.URLClassLoader.findClass(URLClassLoader.java:205)
	at java.lang.ClassLoader.loadClass(ClassLoader.java:321)
	at sun.misc.Launcher$AppClassLoader.loadClass(Launcher.java:294)
	at java.lang.ClassLoader.loadClass(ClassLoader.java:266)
</error>
  </testcase>
  <testcase classname="com.topcoder.management.deliverable.PersistenceDeliverableManagerTests" name="testConstructor1_InvalidDeliverableCheckers1" time="0.037">
    <error message="com/topcoder/util/objectfactory/InvalidClassSpecificationException" type="java.lang.NoClassDefFoundError">java.lang.NoClassDefFoundError: com/topcoder/util/objectfactory/InvalidClassSpecificationException
	at com.topcoder.management.deliverable.PersistenceDeliverableManagerTests.setUp(PersistenceDeliverableManagerTests.java:90)
Caused by: java.lang.ClassNotFoundException: com.topcoder.util.objectfactory.InvalidClassSpecificationException
	at java.net.URLClassLoader$1.run(URLClassLoader.java:217)
	at java.security.AccessController.doPrivileged(Native Method)
	at java.net.URLClassLoader.findClass(URLClassLoader.java:205)
	at java.lang.ClassLoader.loadClass(ClassLoader.java:321)
	at sun.misc.Launcher$AppClassLoader.loadClass(Launcher.java:294)
	at java.lang.ClassLoader.loadClass(ClassLoader.java:266)
</error>
  </testcase>
  <testcase classname="com.topcoder.management.deliverable.PersistenceDeliverableManagerTests" name="testConstructor1_InvalidDeliverableCheckers2" time="0.04">
    <error message="com/topcoder/util/objectfactory/InvalidClassSpecificationException" type="java.lang.NoClassDefFoundError">java.lang.NoClassDefFoundError: com/topcoder/util/objectfactory/InvalidClassSpecificationException
	at com.topcoder.management.deliverable.PersistenceDeliverableManagerTests.setUp(PersistenceDeliverableManagerTests.java:90)
Caused by: java.lang.ClassNotFoundException: com.topcoder.util.objectfactory.InvalidClassSpecificationException
	at java.net.URLClassLoader$1.run(URLClassLoader.java:217)
	at java.security.AccessController.doPrivileged(Native Method)
	at java.net.URLClassLoader.findClass(URLClassLoader.java:205)
	at java.lang.ClassLoader.loadClass(ClassLoader.java:321)
	at sun.misc.Launcher$AppClassLoader.loadClass(Launcher.java:294)
	at java.lang.ClassLoader.loadClass(ClassLoader.java:266)
</error>
  </testcase>
  <testcase classname="com.topcoder.management.deliverable.PersistenceDeliverableManagerTests" name="testConstructor1_InvalidDeliverableCheckers3" time="0.027">
    <error message="com/topcoder/util/objectfactory/InvalidClassSpecificationException" type="java.lang.NoClassDefFoundError">java.lang.NoClassDefFoundError: com/topcoder/util/objectfactory/InvalidClassSpecificationException
	at com.topcoder.management.deliverable.PersistenceDeliverableManagerTests.setUp(PersistenceDeliverableManagerTests.java:90)
Caused by: java.lang.ClassNotFoundException: com.topcoder.util.objectfactory.InvalidClassSpecificationException
	at java.net.URLClassLoader$1.run(URLClassLoader.java:217)
	at java.security.AccessController.doPrivileged(Native Method)
	at java.net.URLClassLoader.findClass(URLClassLoader.java:205)
	at java.lang.ClassLoader.loadClass(ClassLoader.java:321)
	at sun.misc.Launcher$AppClassLoader.loadClass(Launcher.java:294)
	at java.lang.ClassLoader.loadClass(ClassLoader.java:266)
</error>
  </testcase>
  <testcase classname="com.topcoder.management.deliverable.PersistenceDeliverableManagerTests" name="testConstructor2_Null1" time="0.017">
    <error message="com/topcoder/util/objectfactory/InvalidClassSpecificationException" type="java.lang.NoClassDefFoundError">java.lang.NoClassDefFoundError: com/topcoder/util/objectfactory/InvalidClassSpecificationException
	at com.topcoder.management.deliverable.PersistenceDeliverableManagerTests.setUp(PersistenceDeliverableManagerTests.java:90)
Caused by: java.lang.ClassNotFoundException: com.topcoder.util.objectfactory.InvalidClassSpecificationException
	at java.net.URLClassLoader$1.run(URLClassLoader.java:217)
	at java.security.AccessController.doPrivileged(Native Method)
	at java.net.URLClassLoader.findClass(URLClassLoader.java:205)
	at java.lang.ClassLoader.loadClass(ClassLoader.java:321)
	at sun.misc.Launcher$AppClassLoader.loadClass(Launcher.java:294)
	at java.lang.ClassLoader.loadClass(ClassLoader.java:266)
</error>
  </testcase>
  <testcase classname="com.topcoder.management.deliverable.PersistenceDeliverableManagerTests" name="testConstructor2_Null2" time="0.018">
    <error message="com/topcoder/util/objectfactory/InvalidClassSpecificationException" type="java.lang.NoClassDefFoundError">java.lang.NoClassDefFoundError: com/topcoder/util/objectfactory/InvalidClassSpecificationException
	at com.topcoder.management.deliverable.PersistenceDeliverableManagerTests.setUp(PersistenceDeliverableManagerTests.java:90)
Caused by: java.lang.ClassNotFoundException: com.topcoder.util.objectfactory.InvalidClassSpecificationException
	at java.net.URLClassLoader$1.run(URLClassLoader.java:217)
	at java.security.AccessController.doPrivileged(Native Method)
	at java.net.URLClassLoader.findClass(URLClassLoader.java:205)
	at java.lang.ClassLoader.loadClass(ClassLoader.java:321)
	at sun.misc.Launcher$AppClassLoader.loadClass(Launcher.java:294)
	at java.lang.ClassLoader.loadClass(ClassLoader.java:266)
</error>
  </testcase>
  <testcase classname="com.topcoder.management.deliverable.PersistenceDeliverableManagerTests" name="testConstructor2_Null3" time="0.019">
    <error message="com/topcoder/util/objectfactory/InvalidClassSpecificationException" type="java.lang.NoClassDefFoundError">java.lang.NoClassDefFoundError: com/topcoder/util/objectfactory/InvalidClassSpecificationException
	at com.topcoder.management.deliverable.PersistenceDeliverableManagerTests.setUp(PersistenceDeliverableManagerTests.java:90)
Caused by: java.lang.ClassNotFoundException: com.topcoder.util.objectfactory.InvalidClassSpecificationException
	at java.net.URLClassLoader$1.run(URLClassLoader.java:217)
	at java.security.AccessController.doPrivileged(Native Method)
	at java.net.URLClassLoader.findClass(URLClassLoader.java:205)
	at java.lang.ClassLoader.loadClass(ClassLoader.java:321)
	at sun.misc.Launcher$AppClassLoader.loadClass(Launcher.java:294)
	at java.lang.ClassLoader.loadClass(ClassLoader.java:266)
</error>
  </testcase>
  <testcase classname="com.topcoder.management.deliverable.PersistenceDeliverableManagerTests" name="testConstructor2_searchBundleManagerEmpty1" time="0.019">
    <error message="com/topcoder/util/objectfactory/InvalidClassSpecificationException" type="java.lang.NoClassDefFoundError">java.lang.NoClassDefFoundError: com/topcoder/util/objectfactory/InvalidClassSpecificationException
	at com.topcoder.management.deliverable.PersistenceDeliverableManagerTests.setUp(PersistenceDeliverableManagerTests.java:90)
Caused by: java.lang.ClassNotFoundException: com.topcoder.util.objectfactory.InvalidClassSpecificationException
	at java.net.URLClassLoader$1.run(URLClassLoader.java:217)
	at java.security.AccessController.doPrivileged(Native Method)
	at java.net.URLClassLoader.findClass(URLClassLoader.java:205)
	at java.lang.ClassLoader.loadClass(ClassLoader.java:321)
	at sun.misc.Launcher$AppClassLoader.loadClass(Launcher.java:294)
	at java.lang.ClassLoader.loadClass(ClassLoader.java:266)
</error>
  </testcase>
  <testcase classname="com.topcoder.management.deliverable.PersistenceDeliverableManagerTests" name="testConstructor2_searchBundleManagerEmpty2" time="0.02">
    <error message="com/topcoder/util/objectfactory/InvalidClassSpecificationException" type="java.lang.NoClassDefFoundError">java.lang.NoClassDefFoundError: com/topcoder/util/objectfactory/InvalidClassSpecificationException
	at com.topcoder.management.deliverable.PersistenceDeliverableManagerTests.setUp(PersistenceDeliverableManagerTests.java:90)
Caused by: java.lang.ClassNotFoundException: com.topcoder.util.objectfactory.InvalidClassSpecificationException
	at java.net.URLClassLoader$1.run(URLClassLoader.java:217)
	at java.security.AccessController.doPrivileged(Native Method)
	at java.net.URLClassLoader.findClass(URLClassLoader.java:205)
	at java.lang.ClassLoader.loadClass(ClassLoader.java:321)
	at sun.misc.Launcher$AppClassLoader.loadClass(Launcher.java:294)
	at java.lang.ClassLoader.loadClass(ClassLoader.java:266)
</error>
  </testcase>
  <testcase classname="com.topcoder.management.deliverable.PersistenceDeliverableManagerTests" name="testSearchDeliverablesWithSubmissionFilter_Null1" time="0.018">
    <error message="com/topcoder/util/objectfactory/InvalidClassSpecificationException" type="java.lang.NoClassDefFoundError">java.lang.NoClassDefFoundError: com/topcoder/util/objectfactory/InvalidClassSpecificationException
	at com.topcoder.management.deliverable.PersistenceDeliverableManagerTests.setUp(PersistenceDeliverableManagerTests.java:90)
Caused by: java.lang.ClassNotFoundException: com.topcoder.util.objectfactory.InvalidClassSpecificationException
	at java.net.URLClassLoader$1.run(URLClassLoader.java:217)
	at java.security.AccessController.doPrivileged(Native Method)
	at java.net.URLClassLoader.findClass(URLClassLoader.java:205)
	at java.lang.ClassLoader.loadClass(ClassLoader.java:321)
	at sun.misc.Launcher$AppClassLoader.loadClass(Launcher.java:294)
	at java.lang.ClassLoader.loadClass(ClassLoader.java:266)
</error>
  </testcase>
  <testcase classname="com.topcoder.management.deliverable.PersistenceDeliverableManagerTests" name="testSearchDeliverablesWithSubmissionFilter_Accuracy" time="0.021">
    <error message="com/topcoder/util/objectfactory/InvalidClassSpecificationException" type="java.lang.NoClassDefFoundError">java.lang.NoClassDefFoundError: com/topcoder/util/objectfactory/InvalidClassSpecificationException
	at com.topcoder.management.deliverable.PersistenceDeliverableManagerTests.setUp(PersistenceDeliverableManagerTests.java:90)
Caused by: java.lang.ClassNotFoundException: com.topcoder.util.objectfactory.InvalidClassSpecificationException
	at java.net.URLClassLoader$1.run(URLClassLoader.java:217)
	at java.security.AccessController.doPrivileged(Native Method)
	at java.net.URLClassLoader.findClass(URLClassLoader.java:205)
	at java.lang.ClassLoader.loadClass(ClassLoader.java:321)
	at sun.misc.Launcher$AppClassLoader.loadClass(Launcher.java:294)
	at java.lang.ClassLoader.loadClass(ClassLoader.java:266)
</error>
  </testcase>
  <testcase classname="com.topcoder.management.deliverable.PersistenceDeliverableManagerTests" name="testSearchDeliverablesFilter_Null1" time="0.038">
    <error message="com/topcoder/util/objectfactory/InvalidClassSpecificationException" type="java.lang.NoClassDefFoundError">java.lang.NoClassDefFoundError: com/topcoder/util/objectfactory/InvalidClassSpecificationException
	at com.topcoder.management.deliverable.PersistenceDeliverableManagerTests.setUp(PersistenceDeliverableManagerTests.java:90)
Caused by: java.lang.ClassNotFoundException: com.topcoder.util.objectfactory.InvalidClassSpecificationException
	at java.net.URLClassLoader$1.run(URLClassLoader.java:217)
	at java.security.AccessController.doPrivileged(Native Method)
	at java.net.URLClassLoader.findClass(URLClassLoader.java:205)
	at java.lang.ClassLoader.loadClass(ClassLoader.java:321)
	at sun.misc.Launcher$AppClassLoader.loadClass(Launcher.java:294)
	at java.lang.ClassLoader.loadClass(ClassLoader.java:266)
</error>
  </testcase>
  <testcase classname="com.topcoder.management.deliverable.PersistenceDeliverableManagerTests" name="testSearchDeliverablesByDeliverableId" time="0.029">
    <error message="com/topcoder/util/objectfactory/InvalidClassSpecificationException" type="java.lang.NoClassDefFoundError">java.lang.NoClassDefFoundError: com/topcoder/util/objectfactory/InvalidClassSpecificationException
	at com.topcoder.management.deliverable.PersistenceDeliverableManagerTests.setUp(PersistenceDeliverableManagerTests.java:90)
Caused by: java.lang.ClassNotFoundException: com.topcoder.util.objectfactory.InvalidClassSpecificationException
	at java.net.URLClassLoader$1.run(URLClassLoader.java:217)
	at java.security.AccessController.doPrivileged(Native Method)
	at java.net.URLClassLoader.findClass(URLClassLoader.java:205)
	at java.lang.ClassLoader.loadClass(ClassLoader.java:321)
	at sun.misc.Launcher$AppClassLoader.loadClass(Launcher.java:294)
	at java.lang.ClassLoader.loadClass(ClassLoader.java:266)
</error>
  </testcase>
  <testcase classname="com.topcoder.management.deliverable.PersistenceDeliverableManagerTests" name="testSearchDeliverablesByName" time="0.033">
    <error message="com/topcoder/util/objectfactory/InvalidClassSpecificationException" type="java.lang.NoClassDefFoundError">java.lang.NoClassDefFoundError: com/topcoder/util/objectfactory/InvalidClassSpecificationException
	at com.topcoder.management.deliverable.PersistenceDeliverableManagerTests.setUp(PersistenceDeliverableManagerTests.java:90)
Caused by: java.lang.ClassNotFoundException: com.topcoder.util.objectfactory.InvalidClassSpecificationException
	at java.net.URLClassLoader$1.run(URLClassLoader.java:217)
	at java.security.AccessController.doPrivileged(Native Method)
	at java.net.URLClassLoader.findClass(URLClassLoader.java:205)
	at java.lang.ClassLoader.loadClass(ClassLoader.java:321)
	at sun.misc.Launcher$AppClassLoader.loadClass(Launcher.java:294)
	at java.lang.ClassLoader.loadClass(ClassLoader.java:266)
</error>
  </testcase>
  <testcase classname="com.topcoder.management.deliverable.PersistenceDeliverableManagerTests" name="testSearchDeliverablesByProjectId" time="0.016">
    <error message="com/topcoder/util/objectfactory/InvalidClassSpecificationException" type="java.lang.NoClassDefFoundError">java.lang.NoClassDefFoundError: com/topcoder/util/objectfactory/InvalidClassSpecificationException
	at com.topcoder.management.deliverable.PersistenceDeliverableManagerTests.setUp(PersistenceDeliverableManagerTests.java:90)
Caused by: java.lang.ClassNotFoundException: com.topcoder.util.objectfactory.InvalidClassSpecificationException
	at java.net.URLClassLoader$1.run(URLClassLoader.java:217)
	at java.security.AccessController.doPrivileged(Native Method)
	at java.net.URLClassLoader.findClass(URLClassLoader.java:205)
	at java.lang.ClassLoader.loadClass(ClassLoader.java:321)
	at sun.misc.Launcher$AppClassLoader.loadClass(Launcher.java:294)
	at java.lang.ClassLoader.loadClass(ClassLoader.java:266)
</error>
  </testcase>
  <testcase classname="com.topcoder.management.deliverable.PersistenceDeliverableManagerTests" name="testSearchDeliverablesByPhaseId" time="0.016">
    <error message="com/topcoder/util/objectfactory/InvalidClassSpecificationException" type="java.lang.NoClassDefFoundError">java.lang.NoClassDefFoundError: com/topcoder/util/objectfactory/InvalidClassSpecificationException
	at com.topcoder.management.deliverable.PersistenceDeliverableManagerTests.setUp(PersistenceDeliverableManagerTests.java:90)
Caused by: java.lang.ClassNotFoundException: com.topcoder.util.objectfactory.InvalidClassSpecificationException
	at java.net.URLClassLoader$1.run(URLClassLoader.java:217)
	at java.security.AccessController.doPrivileged(Native Method)
	at java.net.URLClassLoader.findClass(URLClassLoader.java:205)
	at java.lang.ClassLoader.loadClass(ClassLoader.java:321)
	at sun.misc.Launcher$AppClassLoader.loadClass(Launcher.java:294)
	at java.lang.ClassLoader.loadClass(ClassLoader.java:266)
</error>
  </testcase>
  <testcase classname="com.topcoder.management.deliverable.PersistenceDeliverableManagerTests" name="testSearchDeliverablesByResourceRoleId" time="0.016">
    <error message="com/topcoder/util/objectfactory/InvalidClassSpecificationException" type="java.lang.NoClassDefFoundError">java.lang.NoClassDefFoundError: com/topcoder/util/objectfactory/InvalidClassSpecificationException
	at com.topcoder.management.deliverable.PersistenceDeliverableManagerTests.setUp(PersistenceDeliverableManagerTests.java:90)
Caused by: java.lang.ClassNotFoundException: com.topcoder.util.objectfactory.InvalidClassSpecificationException
	at java.net.URLClassLoader$1.run(URLClassLoader.java:217)
	at java.security.AccessController.doPrivileged(Native Method)
	at java.net.URLClassLoader.findClass(URLClassLoader.java:205)
	at java.lang.ClassLoader.loadClass(ClassLoader.java:321)
	at sun.misc.Launcher$AppClassLoader.loadClass(Launcher.java:294)
	at java.lang.ClassLoader.loadClass(ClassLoader.java:266)
</error>
  </testcase>
  <testcase classname="com.topcoder.management.deliverable.PersistenceDeliverableManagerTests" name="testSearchDeliverablesByRequired" time="0.016">
    <error message="com/topcoder/util/objectfactory/InvalidClassSpecificationException" type="java.lang.NoClassDefFoundError">java.lang.NoClassDefFoundError: com/topcoder/util/objectfactory/InvalidClassSpecificationException
	at com.topcoder.management.deliverable.PersistenceDeliverableManagerTests.setUp(PersistenceDeliverableManagerTests.java:90)
Caused by: java.lang.ClassNotFoundException: com.topcoder.util.objectfactory.InvalidClassSpecificationException
	at java.net.URLClassLoader$1.run(URLClassLoader.java:217)
	at java.security.AccessController.doPrivileged(Native Method)
	at java.net.URLClassLoader.findClass(URLClassLoader.java:205)
	at java.lang.ClassLoader.loadClass(ClassLoader.java:321)
	at sun.misc.Launcher$AppClassLoader.loadClass(Launcher.java:294)
	at java.lang.ClassLoader.loadClass(ClassLoader.java:266)
</error>
  </testcase>
  <testcase classname="com.topcoder.management.deliverable.PersistenceDeliverableManagerTests" name="testSearchDeliverablesWithSubmissionFilterByDeliverableId" time="0.021">
    <error message="com/topcoder/util/objectfactory/InvalidClassSpecificationException" type="java.lang.NoClassDefFoundError">java.lang.NoClassDefFoundError: com/topcoder/util/objectfactory/InvalidClassSpecificationException
	at com.topcoder.management.deliverable.PersistenceDeliverableManagerTests.setUp(PersistenceDeliverableManagerTests.java:90)
Caused by: java.lang.ClassNotFoundException: com.topcoder.util.objectfactory.InvalidClassSpecificationException
	at java.net.URLClassLoader$1.run(URLClassLoader.java:217)
	at java.security.AccessController.doPrivileged(Native Method)
	at java.net.URLClassLoader.findClass(URLClassLoader.java:205)
	at java.lang.ClassLoader.loadClass(ClassLoader.java:321)
	at sun.misc.Launcher$AppClassLoader.loadClass(Launcher.java:294)
	at java.lang.ClassLoader.loadClass(ClassLoader.java:266)
</error>
  </testcase>
  <testcase classname="com.topcoder.management.deliverable.PersistenceDeliverableManagerTests" name="testSearchDeliverablesWithSubmissionFilterByName" time="0.016">
    <error message="com/topcoder/util/objectfactory/InvalidClassSpecificationException" type="java.lang.NoClassDefFoundError">java.lang.NoClassDefFoundError: com/topcoder/util/objectfactory/InvalidClassSpecificationException
	at com.topcoder.management.deliverable.PersistenceDeliverableManagerTests.setUp(PersistenceDeliverableManagerTests.java:90)
Caused by: java.lang.ClassNotFoundException: com.topcoder.util.objectfactory.InvalidClassSpecificationException
	at java.net.URLClassLoader$1.run(URLClassLoader.java:217)
	at java.security.AccessController.doPrivileged(Native Method)
	at java.net.URLClassLoader.findClass(URLClassLoader.java:205)
	at java.lang.ClassLoader.loadClass(ClassLoader.java:321)
	at sun.misc.Launcher$AppClassLoader.loadClass(Launcher.java:294)
	at java.lang.ClassLoader.loadClass(ClassLoader.java:266)
</error>
  </testcase>
  <testcase classname="com.topcoder.management.deliverable.PersistenceDeliverableManagerTests" name="testSearchDeliverablesWithSubmissionFilterByProjectId" time="0.016">
    <error message="com/topcoder/util/objectfactory/InvalidClassSpecificationException" type="java.lang.NoClassDefFoundError">java.lang.NoClassDefFoundError: com/topcoder/util/objectfactory/InvalidClassSpecificationException
	at com.topcoder.management.deliverable.PersistenceDeliverableManagerTests.setUp(PersistenceDeliverableManagerTests.java:90)
Caused by: java.lang.ClassNotFoundException: com.topcoder.util.objectfactory.InvalidClassSpecificationException
	at java.net.URLClassLoader$1.run(URLClassLoader.java:217)
	at java.security.AccessController.doPrivileged(Native Method)
	at java.net.URLClassLoader.findClass(URLClassLoader.java:205)
	at java.lang.ClassLoader.loadClass(ClassLoader.java:321)
	at sun.misc.Launcher$AppClassLoader.loadClass(Launcher.java:294)
	at java.lang.ClassLoader.loadClass(ClassLoader.java:266)
</error>
  </testcase>
  <testcase classname="com.topcoder.management.deliverable.PersistenceDeliverableManagerTests" name="testSearchDeliverablesWithSubmissionFilterByPhaseId" time="0.016">
    <error message="com/topcoder/util/objectfactory/InvalidClassSpecificationException" type="java.lang.NoClassDefFoundError">java.lang.NoClassDefFoundError: com/topcoder/util/objectfactory/InvalidClassSpecificationException
	at com.topcoder.management.deliverable.PersistenceDeliverableManagerTests.setUp(PersistenceDeliverableManagerTests.java:90)
Caused by: java.lang.ClassNotFoundException: com.topcoder.util.objectfactory.InvalidClassSpecificationException
	at java.net.URLClassLoader$1.run(URLClassLoader.java:217)
	at java.security.AccessController.doPrivileged(Native Method)
	at java.net.URLClassLoader.findClass(URLClassLoader.java:205)
	at java.lang.ClassLoader.loadClass(ClassLoader.java:321)
	at sun.misc.Launcher$AppClassLoader.loadClass(Launcher.java:294)
	at java.lang.ClassLoader.loadClass(ClassLoader.java:266)
</error>
  </testcase>
  <testcase classname="com.topcoder.management.deliverable.PersistenceDeliverableManagerTests" name="testSearchDeliverablesWithSubmissionFilterByResourceRoleId" time="0.017">
    <error message="com/topcoder/util/objectfactory/InvalidClassSpecificationException" type="java.lang.NoClassDefFoundError">java.lang.NoClassDefFoundError: com/topcoder/util/objectfactory/InvalidClassSpecificationException
	at com.topcoder.management.deliverable.PersistenceDeliverableManagerTests.setUp(PersistenceDeliverableManagerTests.java:90)
Caused by: java.lang.ClassNotFoundException: com.topcoder.util.objectfactory.InvalidClassSpecificationException
	at java.net.URLClassLoader$1.run(URLClassLoader.java:217)
	at java.security.AccessController.doPrivileged(Native Method)
	at java.net.URLClassLoader.findClass(URLClassLoader.java:205)
	at java.lang.ClassLoader.loadClass(ClassLoader.java:321)
	at sun.misc.Launcher$AppClassLoader.loadClass(Launcher.java:294)
	at java.lang.ClassLoader.loadClass(ClassLoader.java:266)
</error>
  </testcase>
  <testcase classname="com.topcoder.management.deliverable.PersistenceDeliverableManagerTests" name="testSearchDeliverablesWithSubmissionFilterBySubmissionId" time="0.017">
    <error message="com/topcoder/util/objectfactory/InvalidClassSpecificationException" type="java.lang.NoClassDefFoundError">java.lang.NoClassDefFoundError: com/topcoder/util/objectfactory/InvalidClassSpecificationException
	at com.topcoder.management.deliverable.PersistenceDeliverableManagerTests.setUp(PersistenceDeliverableManagerTests.java:90)
Caused by: java.lang.ClassNotFoundException: com.topcoder.util.objectfactory.InvalidClassSpecificationException
	at java.net.URLClassLoader$1.run(URLClassLoader.java:217)
	at java.security.AccessController.doPrivileged(Native Method)
	at java.net.URLClassLoader.findClass(URLClassLoader.java:205)
	at java.lang.ClassLoader.loadClass(ClassLoader.java:321)
	at sun.misc.Launcher$AppClassLoader.loadClass(Launcher.java:294)
	at java.lang.ClassLoader.loadClass(ClassLoader.java:266)
</error>
  </testcase>
  <testcase classname="com.topcoder.management.deliverable.PersistenceUploadManagerTests" name="testConstructor1_Null1" time="0.017">
    <error message="com/topcoder/util/objectfactory/InvalidClassSpecificationException" type="java.lang.NoClassDefFoundError">java.lang.NoClassDefFoundError: com/topcoder/util/objectfactory/InvalidClassSpecificationException
	at com.topcoder.management.deliverable.PersistenceUploadManagerTests.setUp(PersistenceUploadManagerTests.java:141)
Caused by: java.lang.ClassNotFoundException: com.topcoder.util.objectfactory.InvalidClassSpecificationException
	at java.net.URLClassLoader$1.run(URLClassLoader.java:217)
	at java.security.AccessController.doPrivileged(Native Method)
	at java.net.URLClassLoader.findClass(URLClassLoader.java:205)
	at java.lang.ClassLoader.loadClass(ClassLoader.java:321)
	at sun.misc.Launcher$AppClassLoader.loadClass(Launcher.java:294)
	at java.lang.ClassLoader.loadClass(ClassLoader.java:266)
</error>
  </testcase>
  <testcase classname="com.topcoder.management.deliverable.PersistenceUploadManagerTests" name="testConstructor1_Null2" time="0.017">
    <error message="com/topcoder/util/objectfactory/InvalidClassSpecificationException" type="java.lang.NoClassDefFoundError">java.lang.NoClassDefFoundError: com/topcoder/util/objectfactory/InvalidClassSpecificationException
	at com.topcoder.management.deliverable.PersistenceUploadManagerTests.setUp(PersistenceUploadManagerTests.java:141)
Caused by: java.lang.ClassNotFoundException: com.topcoder.util.objectfactory.InvalidClassSpecificationException
	at java.net.URLClassLoader$1.run(URLClassLoader.java:217)
	at java.security.AccessController.doPrivileged(Native Method)
	at java.net.URLClassLoader.findClass(URLClassLoader.java:205)
	at java.lang.ClassLoader.loadClass(ClassLoader.java:321)
	at sun.misc.Launcher$AppClassLoader.loadClass(Launcher.java:294)
	at java.lang.ClassLoader.loadClass(ClassLoader.java:266)
</error>
  </testcase>
  <testcase classname="com.topcoder.management.deliverable.PersistenceUploadManagerTests" name="testConstructor1_Null3" time="0.017">
    <error message="com/topcoder/util/objectfactory/InvalidClassSpecificationException" type="java.lang.NoClassDefFoundError">java.lang.NoClassDefFoundError: com/topcoder/util/objectfactory/InvalidClassSpecificationException
	at com.topcoder.management.deliverable.PersistenceUploadManagerTests.setUp(PersistenceUploadManagerTests.java:141)
Caused by: java.lang.ClassNotFoundException: com.topcoder.util.objectfactory.InvalidClassSpecificationException
	at java.net.URLClassLoader$1.run(URLClassLoader.java:217)
	at java.security.AccessController.doPrivileged(Native Method)
	at java.net.URLClassLoader.findClass(URLClassLoader.java:205)
	at java.lang.ClassLoader.loadClass(ClassLoader.java:321)
	at sun.misc.Launcher$AppClassLoader.loadClass(Launcher.java:294)
	at java.lang.ClassLoader.loadClass(ClassLoader.java:266)
</error>
  </testcase>
  <testcase classname="com.topcoder.management.deliverable.PersistenceUploadManagerTests" name="testConstructor1_Null4" time="0.017">
    <error message="com/topcoder/util/objectfactory/InvalidClassSpecificationException" type="java.lang.NoClassDefFoundError">java.lang.NoClassDefFoundError: com/topcoder/util/objectfactory/InvalidClassSpecificationException
	at com.topcoder.management.deliverable.PersistenceUploadManagerTests.setUp(PersistenceUploadManagerTests.java:141)
Caused by: java.lang.ClassNotFoundException: com.topcoder.util.objectfactory.InvalidClassSpecificationException
	at java.net.URLClassLoader$1.run(URLClassLoader.java:217)
	at java.security.AccessController.doPrivileged(Native Method)
	at java.net.URLClassLoader.findClass(URLClassLoader.java:205)
	at java.lang.ClassLoader.loadClass(ClassLoader.java:321)
	at sun.misc.Launcher$AppClassLoader.loadClass(Launcher.java:294)
	at java.lang.ClassLoader.loadClass(ClassLoader.java:266)
</error>
  </testcase>
  <testcase classname="com.topcoder.management.deliverable.PersistenceUploadManagerTests" name="testConstructor1_Valid" time="0.018">
    <error message="com/topcoder/util/objectfactory/InvalidClassSpecificationException" type="java.lang.NoClassDefFoundError">java.lang.NoClassDefFoundError: com/topcoder/util/objectfactory/InvalidClassSpecificationException
	at com.topcoder.management.deliverable.PersistenceUploadManagerTests.setUp(PersistenceUploadManagerTests.java:141)
Caused by: java.lang.ClassNotFoundException: com.topcoder.util.objectfactory.InvalidClassSpecificationException
	at java.net.URLClassLoader$1.run(URLClassLoader.java:217)
	at java.security.AccessController.doPrivileged(Native Method)
	at java.net.URLClassLoader.findClass(URLClassLoader.java:205)
	at java.lang.ClassLoader.loadClass(ClassLoader.java:321)
	at sun.misc.Launcher$AppClassLoader.loadClass(Launcher.java:294)
	at java.lang.ClassLoader.loadClass(ClassLoader.java:266)
</error>
  </testcase>
  <testcase classname="com.topcoder.management.deliverable.PersistenceUploadManagerTests" name="testConstructor2_Null1" time="0.02">
    <error message="com/topcoder/util/objectfactory/InvalidClassSpecificationException" type="java.lang.NoClassDefFoundError">java.lang.NoClassDefFoundError: com/topcoder/util/objectfactory/InvalidClassSpecificationException
	at com.topcoder.management.deliverable.PersistenceUploadManagerTests.setUp(PersistenceUploadManagerTests.java:141)
Caused by: java.lang.ClassNotFoundException: com.topcoder.util.objectfactory.InvalidClassSpecificationException
	at java.net.URLClassLoader$1.run(URLClassLoader.java:217)
	at java.security.AccessController.doPrivileged(Native Method)
	at java.net.URLClassLoader.findClass(URLClassLoader.java:205)
	at java.lang.ClassLoader.loadClass(ClassLoader.java:321)
	at sun.misc.Launcher$AppClassLoader.loadClass(Launcher.java:294)
	at java.lang.ClassLoader.loadClass(ClassLoader.java:266)
</error>
  </testcase>
  <testcase classname="com.topcoder.management.deliverable.PersistenceUploadManagerTests" name="testConstructor2_Null2" time="0.018">
    <error message="com/topcoder/util/objectfactory/InvalidClassSpecificationException" type="java.lang.NoClassDefFoundError">java.lang.NoClassDefFoundError: com/topcoder/util/objectfactory/InvalidClassSpecificationException
	at com.topcoder.management.deliverable.PersistenceUploadManagerTests.setUp(PersistenceUploadManagerTests.java:141)
Caused by: java.lang.ClassNotFoundException: com.topcoder.util.objectfactory.InvalidClassSpecificationException
	at java.net.URLClassLoader$1.run(URLClassLoader.java:217)
	at java.security.AccessController.doPrivileged(Native Method)
	at java.net.URLClassLoader.findClass(URLClassLoader.java:205)
	at java.lang.ClassLoader.loadClass(ClassLoader.java:321)
	at sun.misc.Launcher$AppClassLoader.loadClass(Launcher.java:294)
	at java.lang.ClassLoader.loadClass(ClassLoader.java:266)
</error>
  </testcase>
  <testcase classname="com.topcoder.management.deliverable.PersistenceUploadManagerTests" name="testConstructor1_Null5" time="0.015">
    <error message="com/topcoder/util/objectfactory/InvalidClassSpecificationException" type="java.lang.NoClassDefFoundError">java.lang.NoClassDefFoundError: com/topcoder/util/objectfactory/InvalidClassSpecificationException
	at com.topcoder.management.deliverable.PersistenceUploadManagerTests.setUp(PersistenceUploadManagerTests.java:141)
Caused by: java.lang.ClassNotFoundException: com.topcoder.util.objectfactory.InvalidClassSpecificationException
	at java.net.URLClassLoader$1.run(URLClassLoader.java:217)
	at java.security.AccessController.doPrivileged(Native Method)
	at java.net.URLClassLoader.findClass(URLClassLoader.java:205)
	at java.lang.ClassLoader.loadClass(ClassLoader.java:321)
	at sun.misc.Launcher$AppClassLoader.loadClass(Launcher.java:294)
	at java.lang.ClassLoader.loadClass(ClassLoader.java:266)
</error>
  </testcase>
  <testcase classname="com.topcoder.management.deliverable.PersistenceUploadManagerTests" name="testConstructor1_Null6" time="0.014">
    <error message="com/topcoder/util/objectfactory/InvalidClassSpecificationException" type="java.lang.NoClassDefFoundError">java.lang.NoClassDefFoundError: com/topcoder/util/objectfactory/InvalidClassSpecificationException
	at com.topcoder.management.deliverable.PersistenceUploadManagerTests.setUp(PersistenceUploadManagerTests.java:141)
Caused by: java.lang.ClassNotFoundException: com.topcoder.util.objectfactory.InvalidClassSpecificationException
	at java.net.URLClassLoader$1.run(URLClassLoader.java:217)
	at java.security.AccessController.doPrivileged(Native Method)
	at java.net.URLClassLoader.findClass(URLClassLoader.java:205)
	at java.lang.ClassLoader.loadClass(ClassLoader.java:321)
	at sun.misc.Launcher$AppClassLoader.loadClass(Launcher.java:294)
	at java.lang.ClassLoader.loadClass(ClassLoader.java:266)
</error>
  </testcase>
  <testcase classname="com.topcoder.management.deliverable.PersistenceUploadManagerTests" name="testConstructor1_Null7" time="0.018">
    <error message="com/topcoder/util/objectfactory/InvalidClassSpecificationException" type="java.lang.NoClassDefFoundError">java.lang.NoClassDefFoundError: com/topcoder/util/objectfactory/InvalidClassSpecificationException
	at com.topcoder.management.deliverable.PersistenceUploadManagerTests.setUp(PersistenceUploadManagerTests.java:141)
Caused by: java.lang.ClassNotFoundException: com.topcoder.util.objectfactory.InvalidClassSpecificationException
	at java.net.URLClassLoader$1.run(URLClassLoader.java:217)
	at java.security.AccessController.doPrivileged(Native Method)
	at java.net.URLClassLoader.findClass(URLClassLoader.java:205)
	at java.lang.ClassLoader.loadClass(ClassLoader.java:321)
	at sun.misc.Launcher$AppClassLoader.loadClass(Launcher.java:294)
	at java.lang.ClassLoader.loadClass(ClassLoader.java:266)
</error>
  </testcase>
  <testcase classname="com.topcoder.management.deliverable.PersistenceUploadManagerTests" name="testConstructor1_Null8" time="0.015">
    <error message="com/topcoder/util/objectfactory/InvalidClassSpecificationException" type="java.lang.NoClassDefFoundError">java.lang.NoClassDefFoundError: com/topcoder/util/objectfactory/InvalidClassSpecificationException
	at com.topcoder.management.deliverable.PersistenceUploadManagerTests.setUp(PersistenceUploadManagerTests.java:141)
Caused by: java.lang.ClassNotFoundException: com.topcoder.util.objectfactory.InvalidClassSpecificationException
	at java.net.URLClassLoader$1.run(URLClassLoader.java:217)
	at java.security.AccessController.doPrivileged(Native Method)
	at java.net.URLClassLoader.findClass(URLClassLoader.java:205)
	at java.lang.ClassLoader.loadClass(ClassLoader.java:321)
	at sun.misc.Launcher$AppClassLoader.loadClass(Launcher.java:294)
	at java.lang.ClassLoader.loadClass(ClassLoader.java:266)
</error>
  </testcase>
  <testcase classname="com.topcoder.management.deliverable.PersistenceUploadManagerTests" name="testCreateUpload_Null1" time="0.015">
    <error message="com/topcoder/util/objectfactory/InvalidClassSpecificationException" type="java.lang.NoClassDefFoundError">java.lang.NoClassDefFoundError: com/topcoder/util/objectfactory/InvalidClassSpecificationException
	at com.topcoder.management.deliverable.PersistenceUploadManagerTests.setUp(PersistenceUploadManagerTests.java:141)
Caused by: java.lang.ClassNotFoundException: com.topcoder.util.objectfactory.InvalidClassSpecificationException
	at java.net.URLClassLoader$1.run(URLClassLoader.java:217)
	at java.security.AccessController.doPrivileged(Native Method)
	at java.net.URLClassLoader.findClass(URLClassLoader.java:205)
	at java.lang.ClassLoader.loadClass(ClassLoader.java:321)
	at sun.misc.Launcher$AppClassLoader.loadClass(Launcher.java:294)
	at java.lang.ClassLoader.loadClass(ClassLoader.java:266)
</error>
  </testcase>
  <testcase classname="com.topcoder.management.deliverable.PersistenceUploadManagerTests" name="testCreateUpload_Null2" time="0.015">
    <error message="com/topcoder/util/objectfactory/InvalidClassSpecificationException" type="java.lang.NoClassDefFoundError">java.lang.NoClassDefFoundError: com/topcoder/util/objectfactory/InvalidClassSpecificationException
	at com.topcoder.management.deliverable.PersistenceUploadManagerTests.setUp(PersistenceUploadManagerTests.java:141)
Caused by: java.lang.ClassNotFoundException: com.topcoder.util.objectfactory.InvalidClassSpecificationException
	at java.net.URLClassLoader$1.run(URLClassLoader.java:217)
	at java.security.AccessController.doPrivileged(Native Method)
	at java.net.URLClassLoader.findClass(URLClassLoader.java:205)
	at java.lang.ClassLoader.loadClass(ClassLoader.java:321)
	at sun.misc.Launcher$AppClassLoader.loadClass(Launcher.java:294)
	at java.lang.ClassLoader.loadClass(ClassLoader.java:266)
</error>
  </testcase>
  <testcase classname="com.topcoder.management.deliverable.PersistenceUploadManagerTests" name="testCreateUpload_Invalid1" time="0.016">
    <error message="com/topcoder/util/objectfactory/InvalidClassSpecificationException" type="java.lang.NoClassDefFoundError">java.lang.NoClassDefFoundError: com/topcoder/util/objectfactory/InvalidClassSpecificationException
	at com.topcoder.management.deliverable.PersistenceUploadManagerTests.setUp(PersistenceUploadManagerTests.java:141)
Caused by: java.lang.ClassNotFoundException: com.topcoder.util.objectfactory.InvalidClassSpecificationException
	at java.net.URLClassLoader$1.run(URLClassLoader.java:217)
	at java.security.AccessController.doPrivileged(Native Method)
	at java.net.URLClassLoader.findClass(URLClassLoader.java:205)
	at java.lang.ClassLoader.loadClass(ClassLoader.java:321)
	at sun.misc.Launcher$AppClassLoader.loadClass(Launcher.java:294)
	at java.lang.ClassLoader.loadClass(ClassLoader.java:266)
</error>
  </testcase>
  <testcase classname="com.topcoder.management.deliverable.PersistenceUploadManagerTests" name="testCreateUpload_Accuracy1" time="0.015">
    <error message="com/topcoder/util/objectfactory/InvalidClassSpecificationException" type="java.lang.NoClassDefFoundError">java.lang.NoClassDefFoundError: com/topcoder/util/objectfactory/InvalidClassSpecificationException
	at com.topcoder.management.deliverable.PersistenceUploadManagerTests.setUp(PersistenceUploadManagerTests.java:141)
Caused by: java.lang.ClassNotFoundException: com.topcoder.util.objectfactory.InvalidClassSpecificationException
	at java.net.URLClassLoader$1.run(URLClassLoader.java:217)
	at java.security.AccessController.doPrivileged(Native Method)
	at java.net.URLClassLoader.findClass(URLClassLoader.java:205)
	at java.lang.ClassLoader.loadClass(ClassLoader.java:321)
	at sun.misc.Launcher$AppClassLoader.loadClass(Launcher.java:294)
	at java.lang.ClassLoader.loadClass(ClassLoader.java:266)
</error>
  </testcase>
  <testcase classname="com.topcoder.management.deliverable.PersistenceUploadManagerTests" name="testUpdateUpload_Null1" time="0.014">
    <error message="com/topcoder/util/objectfactory/InvalidClassSpecificationException" type="java.lang.NoClassDefFoundError">java.lang.NoClassDefFoundError: com/topcoder/util/objectfactory/InvalidClassSpecificationException
	at com.topcoder.management.deliverable.PersistenceUploadManagerTests.setUp(PersistenceUploadManagerTests.java:141)
Caused by: java.lang.ClassNotFoundException: com.topcoder.util.objectfactory.InvalidClassSpecificationException
	at java.net.URLClassLoader$1.run(URLClassLoader.java:217)
	at java.security.AccessController.doPrivileged(Native Method)
	at java.net.URLClassLoader.findClass(URLClassLoader.java:205)
	at java.lang.ClassLoader.loadClass(ClassLoader.java:321)
	at sun.misc.Launcher$AppClassLoader.loadClass(Launcher.java:294)
	at java.lang.ClassLoader.loadClass(ClassLoader.java:266)
</error>
  </testcase>
  <testcase classname="com.topcoder.management.deliverable.PersistenceUploadManagerTests" name="testUpdateUpload_Null2" time="0.032">
    <error message="com/topcoder/util/objectfactory/InvalidClassSpecificationException" type="java.lang.NoClassDefFoundError">java.lang.NoClassDefFoundError: com/topcoder/util/objectfactory/InvalidClassSpecificationException
	at com.topcoder.management.deliverable.PersistenceUploadManagerTests.setUp(PersistenceUploadManagerTests.java:141)
Caused by: java.lang.ClassNotFoundException: com.topcoder.util.objectfactory.InvalidClassSpecificationException
	at java.net.URLClassLoader$1.run(URLClassLoader.java:217)
	at java.security.AccessController.doPrivileged(Native Method)
	at java.net.URLClassLoader.findClass(URLClassLoader.java:205)
	at java.lang.ClassLoader.loadClass(ClassLoader.java:321)
	at sun.misc.Launcher$AppClassLoader.loadClass(Launcher.java:294)
	at java.lang.ClassLoader.loadClass(ClassLoader.java:266)
</error>
  </testcase>
  <testcase classname="com.topcoder.management.deliverable.PersistenceUploadManagerTests" name="testUpdateUpload_Invalid1" time="0.031">
    <error message="com/topcoder/util/objectfactory/InvalidClassSpecificationException" type="java.lang.NoClassDefFoundError">java.lang.NoClassDefFoundError: com/topcoder/util/objectfactory/InvalidClassSpecificationException
	at com.topcoder.management.deliverable.PersistenceUploadManagerTests.setUp(PersistenceUploadManagerTests.java:141)
Caused by: java.lang.ClassNotFoundException: com.topcoder.util.objectfactory.InvalidClassSpecificationException
	at java.net.URLClassLoader$1.run(URLClassLoader.java:217)
	at java.security.AccessController.doPrivileged(Native Method)
	at java.net.URLClassLoader.findClass(URLClassLoader.java:205)
	at java.lang.ClassLoader.loadClass(ClassLoader.java:321)
	at sun.misc.Launcher$AppClassLoader.loadClass(Launcher.java:294)
	at java.lang.ClassLoader.loadClass(ClassLoader.java:266)
</error>
  </testcase>
  <testcase classname="com.topcoder.management.deliverable.PersistenceUploadManagerTests" name="testUpdateUpload_Accuracy1" time="0.013">
    <error message="com/topcoder/util/objectfactory/InvalidClassSpecificationException" type="java.lang.NoClassDefFoundError">java.lang.NoClassDefFoundError: com/topcoder/util/objectfactory/InvalidClassSpecificationException
	at com.topcoder.management.deliverable.PersistenceUploadManagerTests.setUp(PersistenceUploadManagerTests.java:141)
Caused by: java.lang.ClassNotFoundException: com.topcoder.util.objectfactory.InvalidClassSpecificationException
	at java.net.URLClassLoader$1.run(URLClassLoader.java:217)
	at java.security.AccessController.doPrivileged(Native Method)
	at java.net.URLClassLoader.findClass(URLClassLoader.java:205)
	at java.lang.ClassLoader.loadClass(ClassLoader.java:321)
	at sun.misc.Launcher$AppClassLoader.loadClass(Launcher.java:294)
	at java.lang.ClassLoader.loadClass(ClassLoader.java:266)
</error>
  </testcase>
  <testcase classname="com.topcoder.management.deliverable.PersistenceUploadManagerTests" name="testRemoveUpload_Null1" time="0.012">
    <error message="com/topcoder/util/objectfactory/InvalidClassSpecificationException" type="java.lang.NoClassDefFoundError">java.lang.NoClassDefFoundError: com/topcoder/util/objectfactory/InvalidClassSpecificationException
	at com.topcoder.management.deliverable.PersistenceUploadManagerTests.setUp(PersistenceUploadManagerTests.java:141)
Caused by: java.lang.ClassNotFoundException: com.topcoder.util.objectfactory.InvalidClassSpecificationException
	at java.net.URLClassLoader$1.run(URLClassLoader.java:217)
	at java.security.AccessController.doPrivileged(Native Method)
	at java.net.URLClassLoader.findClass(URLClassLoader.java:205)
	at java.lang.ClassLoader.loadClass(ClassLoader.java:321)
	at sun.misc.Launcher$AppClassLoader.loadClass(Launcher.java:294)
	at java.lang.ClassLoader.loadClass(ClassLoader.java:266)
</error>
  </testcase>
  <testcase classname="com.topcoder.management.deliverable.PersistenceUploadManagerTests" name="testRemoveUpload_Null2" time="0.013">
    <error message="com/topcoder/util/objectfactory/InvalidClassSpecificationException" type="java.lang.NoClassDefFoundError">java.lang.NoClassDefFoundError: com/topcoder/util/objectfactory/InvalidClassSpecificationException
	at com.topcoder.management.deliverable.PersistenceUploadManagerTests.setUp(PersistenceUploadManagerTests.java:141)
Caused by: java.lang.ClassNotFoundException: com.topcoder.util.objectfactory.InvalidClassSpecificationException
	at java.net.URLClassLoader$1.run(URLClassLoader.java:217)
	at java.security.AccessController.doPrivileged(Native Method)
	at java.net.URLClassLoader.findClass(URLClassLoader.java:205)
	at java.lang.ClassLoader.loadClass(ClassLoader.java:321)
	at sun.misc.Launcher$AppClassLoader.loadClass(Launcher.java:294)
	at java.lang.ClassLoader.loadClass(ClassLoader.java:266)
</error>
  </testcase>
  <testcase classname="com.topcoder.management.deliverable.PersistenceUploadManagerTests" name="testRemoveUpload_Invalid1" time="0.014">
    <error message="com/topcoder/util/objectfactory/InvalidClassSpecificationException" type="java.lang.NoClassDefFoundError">java.lang.NoClassDefFoundError: com/topcoder/util/objectfactory/InvalidClassSpecificationException
	at com.topcoder.management.deliverable.PersistenceUploadManagerTests.setUp(PersistenceUploadManagerTests.java:141)
Caused by: java.lang.ClassNotFoundException: com.topcoder.util.objectfactory.InvalidClassSpecificationException
	at java.net.URLClassLoader$1.run(URLClassLoader.java:217)
	at java.security.AccessController.doPrivileged(Native Method)
	at java.net.URLClassLoader.findClass(URLClassLoader.java:205)
	at java.lang.ClassLoader.loadClass(ClassLoader.java:321)
	at sun.misc.Launcher$AppClassLoader.loadClass(Launcher.java:294)
	at java.lang.ClassLoader.loadClass(ClassLoader.java:266)
</error>
  </testcase>
  <testcase classname="com.topcoder.management.deliverable.PersistenceUploadManagerTests" name="testRemoveUpload_Accuracy1" time="0.012">
    <error message="com/topcoder/util/objectfactory/InvalidClassSpecificationException" type="java.lang.NoClassDefFoundError">java.lang.NoClassDefFoundError: com/topcoder/util/objectfactory/InvalidClassSpecificationException
	at com.topcoder.management.deliverable.PersistenceUploadManagerTests.setUp(PersistenceUploadManagerTests.java:141)
Caused by: java.lang.ClassNotFoundException: com.topcoder.util.objectfactory.InvalidClassSpecificationException
	at java.net.URLClassLoader$1.run(URLClassLoader.java:217)
	at java.security.AccessController.doPrivileged(Native Method)
	at java.net.URLClassLoader.findClass(URLClassLoader.java:205)
	at java.lang.ClassLoader.loadClass(ClassLoader.java:321)
	at sun.misc.Launcher$AppClassLoader.loadClass(Launcher.java:294)
	at java.lang.ClassLoader.loadClass(ClassLoader.java:266)
</error>
  </testcase>
  <testcase classname="com.topcoder.management.deliverable.PersistenceUploadManagerTests" name="testGetUpload_Invalid" time="0.035">
    <error message="com/topcoder/util/objectfactory/InvalidClassSpecificationException" type="java.lang.NoClassDefFoundError">java.lang.NoClassDefFoundError: com/topcoder/util/objectfactory/InvalidClassSpecificationException
	at com.topcoder.management.deliverable.PersistenceUploadManagerTests.setUp(PersistenceUploadManagerTests.java:141)
Caused by: java.lang.ClassNotFoundException: com.topcoder.util.objectfactory.InvalidClassSpecificationException
	at java.net.URLClassLoader$1.run(URLClassLoader.java:217)
	at java.security.AccessController.doPrivileged(Native Method)
	at java.net.URLClassLoader.findClass(URLClassLoader.java:205)
	at java.lang.ClassLoader.loadClass(ClassLoader.java:321)
	at sun.misc.Launcher$AppClassLoader.loadClass(Launcher.java:294)
	at java.lang.ClassLoader.loadClass(ClassLoader.java:266)
</error>
  </testcase>
  <testcase classname="com.topcoder.management.deliverable.PersistenceUploadManagerTests" name="testGetUpload_Accuracy" time="0.035">
    <error message="com/topcoder/util/objectfactory/InvalidClassSpecificationException" type="java.lang.NoClassDefFoundError">java.lang.NoClassDefFoundError: com/topcoder/util/objectfactory/InvalidClassSpecificationException
	at com.topcoder.management.deliverable.PersistenceUploadManagerTests.setUp(PersistenceUploadManagerTests.java:141)
Caused by: java.lang.ClassNotFoundException: com.topcoder.util.objectfactory.InvalidClassSpecificationException
	at java.net.URLClassLoader$1.run(URLClassLoader.java:217)
	at java.security.AccessController.doPrivileged(Native Method)
	at java.net.URLClassLoader.findClass(URLClassLoader.java:205)
	at java.lang.ClassLoader.loadClass(ClassLoader.java:321)
	at sun.misc.Launcher$AppClassLoader.loadClass(Launcher.java:294)
	at java.lang.ClassLoader.loadClass(ClassLoader.java:266)
</error>
  </testcase>
  <testcase classname="com.topcoder.management.deliverable.PersistenceUploadManagerTests" name="testSearchUpload_Null" time="0.024">
    <error message="com/topcoder/util/objectfactory/InvalidClassSpecificationException" type="java.lang.NoClassDefFoundError">java.lang.NoClassDefFoundError: com/topcoder/util/objectfactory/InvalidClassSpecificationException
	at com.topcoder.management.deliverable.PersistenceUploadManagerTests.setUp(PersistenceUploadManagerTests.java:141)
Caused by: java.lang.ClassNotFoundException: com.topcoder.util.objectfactory.InvalidClassSpecificationException
	at java.net.URLClassLoader$1.run(URLClassLoader.java:217)
	at java.security.AccessController.doPrivileged(Native Method)
	at java.net.URLClassLoader.findClass(URLClassLoader.java:205)
	at java.lang.ClassLoader.loadClass(ClassLoader.java:321)
	at sun.misc.Launcher$AppClassLoader.loadClass(Launcher.java:294)
	at java.lang.ClassLoader.loadClass(ClassLoader.java:266)
</error>
  </testcase>
  <testcase classname="com.topcoder.management.deliverable.PersistenceUploadManagerTests" name="testCreateUploadType_Null1" time="0.013">
    <error message="com/topcoder/util/objectfactory/InvalidClassSpecificationException" type="java.lang.NoClassDefFoundError">java.lang.NoClassDefFoundError: com/topcoder/util/objectfactory/InvalidClassSpecificationException
	at com.topcoder.management.deliverable.PersistenceUploadManagerTests.setUp(PersistenceUploadManagerTests.java:141)
Caused by: java.lang.ClassNotFoundException: com.topcoder.util.objectfactory.InvalidClassSpecificationException
	at java.net.URLClassLoader$1.run(URLClassLoader.java:217)
	at java.security.AccessController.doPrivileged(Native Method)
	at java.net.URLClassLoader.findClass(URLClassLoader.java:205)
	at java.lang.ClassLoader.loadClass(ClassLoader.java:321)
	at sun.misc.Launcher$AppClassLoader.loadClass(Launcher.java:294)
	at java.lang.ClassLoader.loadClass(ClassLoader.java:266)
</error>
  </testcase>
  <testcase classname="com.topcoder.management.deliverable.PersistenceUploadManagerTests" name="testCreateUploadType_Null2" time="0.011">
    <error message="com/topcoder/util/objectfactory/InvalidClassSpecificationException" type="java.lang.NoClassDefFoundError">java.lang.NoClassDefFoundError: com/topcoder/util/objectfactory/InvalidClassSpecificationException
	at com.topcoder.management.deliverable.PersistenceUploadManagerTests.setUp(PersistenceUploadManagerTests.java:141)
Caused by: java.lang.ClassNotFoundException: com.topcoder.util.objectfactory.InvalidClassSpecificationException
	at java.net.URLClassLoader$1.run(URLClassLoader.java:217)
	at java.security.AccessController.doPrivileged(Native Method)
	at java.net.URLClassLoader.findClass(URLClassLoader.java:205)
	at java.lang.ClassLoader.loadClass(ClassLoader.java:321)
	at sun.misc.Launcher$AppClassLoader.loadClass(Launcher.java:294)
	at java.lang.ClassLoader.loadClass(ClassLoader.java:266)
</error>
  </testcase>
  <testcase classname="com.topcoder.management.deliverable.PersistenceUploadManagerTests" name="testCreateUploadType_Invalid1" time="0.01">
    <error message="com/topcoder/util/objectfactory/InvalidClassSpecificationException" type="java.lang.NoClassDefFoundError">java.lang.NoClassDefFoundError: com/topcoder/util/objectfactory/InvalidClassSpecificationException
	at com.topcoder.management.deliverable.PersistenceUploadManagerTests.setUp(PersistenceUploadManagerTests.java:141)
Caused by: java.lang.ClassNotFoundException: com.topcoder.util.objectfactory.InvalidClassSpecificationException
	at java.net.URLClassLoader$1.run(URLClassLoader.java:217)
	at java.security.AccessController.doPrivileged(Native Method)
	at java.net.URLClassLoader.findClass(URLClassLoader.java:205)
	at java.lang.ClassLoader.loadClass(ClassLoader.java:321)
	at sun.misc.Launcher$AppClassLoader.loadClass(Launcher.java:294)
	at java.lang.ClassLoader.loadClass(ClassLoader.java:266)
</error>
  </testcase>
  <testcase classname="com.topcoder.management.deliverable.PersistenceUploadManagerTests" name="testCreateUploadType_Accuracy1" time="0.011">
    <error message="com/topcoder/util/objectfactory/InvalidClassSpecificationException" type="java.lang.NoClassDefFoundError">java.lang.NoClassDefFoundError: com/topcoder/util/objectfactory/InvalidClassSpecificationException
	at com.topcoder.management.deliverable.PersistenceUploadManagerTests.setUp(PersistenceUploadManagerTests.java:141)
Caused by: java.lang.ClassNotFoundException: com.topcoder.util.objectfactory.InvalidClassSpecificationException
	at java.net.URLClassLoader$1.run(URLClassLoader.java:217)
	at java.security.AccessController.doPrivileged(Native Method)
	at java.net.URLClassLoader.findClass(URLClassLoader.java:205)
	at java.lang.ClassLoader.loadClass(ClassLoader.java:321)
	at sun.misc.Launcher$AppClassLoader.loadClass(Launcher.java:294)
	at java.lang.ClassLoader.loadClass(ClassLoader.java:266)
</error>
  </testcase>
  <testcase classname="com.topcoder.management.deliverable.PersistenceUploadManagerTests" name="testUpdateUploadType_Null1" time="0.01">
    <error message="com/topcoder/util/objectfactory/InvalidClassSpecificationException" type="java.lang.NoClassDefFoundError">java.lang.NoClassDefFoundError: com/topcoder/util/objectfactory/InvalidClassSpecificationException
	at com.topcoder.management.deliverable.PersistenceUploadManagerTests.setUp(PersistenceUploadManagerTests.java:141)
Caused by: java.lang.ClassNotFoundException: com.topcoder.util.objectfactory.InvalidClassSpecificationException
	at java.net.URLClassLoader$1.run(URLClassLoader.java:217)
	at java.security.AccessController.doPrivileged(Native Method)
	at java.net.URLClassLoader.findClass(URLClassLoader.java:205)
	at java.lang.ClassLoader.loadClass(ClassLoader.java:321)
	at sun.misc.Launcher$AppClassLoader.loadClass(Launcher.java:294)
	at java.lang.ClassLoader.loadClass(ClassLoader.java:266)
</error>
  </testcase>
  <testcase classname="com.topcoder.management.deliverable.PersistenceUploadManagerTests" name="testUpdateUploadType_Null2" time="0.01">
    <error message="com/topcoder/util/objectfactory/InvalidClassSpecificationException" type="java.lang.NoClassDefFoundError">java.lang.NoClassDefFoundError: com/topcoder/util/objectfactory/InvalidClassSpecificationException
	at com.topcoder.management.deliverable.PersistenceUploadManagerTests.setUp(PersistenceUploadManagerTests.java:141)
Caused by: java.lang.ClassNotFoundException: com.topcoder.util.objectfactory.InvalidClassSpecificationException
	at java.net.URLClassLoader$1.run(URLClassLoader.java:217)
	at java.security.AccessController.doPrivileged(Native Method)
	at java.net.URLClassLoader.findClass(URLClassLoader.java:205)
	at java.lang.ClassLoader.loadClass(ClassLoader.java:321)
	at sun.misc.Launcher$AppClassLoader.loadClass(Launcher.java:294)
	at java.lang.ClassLoader.loadClass(ClassLoader.java:266)
</error>
  </testcase>
  <testcase classname="com.topcoder.management.deliverable.PersistenceUploadManagerTests" name="testUpdateUploadType_Invalid1" time="0.011">
    <error message="com/topcoder/util/objectfactory/InvalidClassSpecificationException" type="java.lang.NoClassDefFoundError">java.lang.NoClassDefFoundError: com/topcoder/util/objectfactory/InvalidClassSpecificationException
	at com.topcoder.management.deliverable.PersistenceUploadManagerTests.setUp(PersistenceUploadManagerTests.java:141)
Caused by: java.lang.ClassNotFoundException: com.topcoder.util.objectfactory.InvalidClassSpecificationException
	at java.net.URLClassLoader$1.run(URLClassLoader.java:217)
	at java.security.AccessController.doPrivileged(Native Method)
	at java.net.URLClassLoader.findClass(URLClassLoader.java:205)
	at java.lang.ClassLoader.loadClass(ClassLoader.java:321)
	at sun.misc.Launcher$AppClassLoader.loadClass(Launcher.java:294)
	at java.lang.ClassLoader.loadClass(ClassLoader.java:266)
</error>
  </testcase>
  <testcase classname="com.topcoder.management.deliverable.PersistenceUploadManagerTests" name="testUpdateUploadType_Accuracy1" time="0.01">
    <error message="com/topcoder/util/objectfactory/InvalidClassSpecificationException" type="java.lang.NoClassDefFoundError">java.lang.NoClassDefFoundError: com/topcoder/util/objectfactory/InvalidClassSpecificationException
	at com.topcoder.management.deliverable.PersistenceUploadManagerTests.setUp(PersistenceUploadManagerTests.java:141)
Caused by: java.lang.ClassNotFoundException: com.topcoder.util.objectfactory.InvalidClassSpecificationException
	at java.net.URLClassLoader$1.run(URLClassLoader.java:217)
	at java.security.AccessController.doPrivileged(Native Method)
	at java.net.URLClassLoader.findClass(URLClassLoader.java:205)
	at java.lang.ClassLoader.loadClass(ClassLoader.java:321)
	at sun.misc.Launcher$AppClassLoader.loadClass(Launcher.java:294)
	at java.lang.ClassLoader.loadClass(ClassLoader.java:266)
</error>
  </testcase>
  <testcase classname="com.topcoder.management.deliverable.PersistenceUploadManagerTests" name="testRemoveUploadType_Null1" time="0.01">
    <error message="com/topcoder/util/objectfactory/InvalidClassSpecificationException" type="java.lang.NoClassDefFoundError">java.lang.NoClassDefFoundError: com/topcoder/util/objectfactory/InvalidClassSpecificationException
	at com.topcoder.management.deliverable.PersistenceUploadManagerTests.setUp(PersistenceUploadManagerTests.java:141)
Caused by: java.lang.ClassNotFoundException: com.topcoder.util.objectfactory.InvalidClassSpecificationException
	at java.net.URLClassLoader$1.run(URLClassLoader.java:217)
	at java.security.AccessController.doPrivileged(Native Method)
	at java.net.URLClassLoader.findClass(URLClassLoader.java:205)
	at java.lang.ClassLoader.loadClass(ClassLoader.java:321)
	at sun.misc.Launcher$AppClassLoader.loadClass(Launcher.java:294)
	at java.lang.ClassLoader.loadClass(ClassLoader.java:266)
</error>
  </testcase>
  <testcase classname="com.topcoder.management.deliverable.PersistenceUploadManagerTests" name="testRemoveUploadType_Null2" time="0.011">
    <error message="com/topcoder/util/objectfactory/InvalidClassSpecificationException" type="java.lang.NoClassDefFoundError">java.lang.NoClassDefFoundError: com/topcoder/util/objectfactory/InvalidClassSpecificationException
	at com.topcoder.management.deliverable.PersistenceUploadManagerTests.setUp(PersistenceUploadManagerTests.java:141)
Caused by: java.lang.ClassNotFoundException: com.topcoder.util.objectfactory.InvalidClassSpecificationException
	at java.net.URLClassLoader$1.run(URLClassLoader.java:217)
	at java.security.AccessController.doPrivileged(Native Method)
	at java.net.URLClassLoader.findClass(URLClassLoader.java:205)
	at java.lang.ClassLoader.loadClass(ClassLoader.java:321)
	at sun.misc.Launcher$AppClassLoader.loadClass(Launcher.java:294)
	at java.lang.ClassLoader.loadClass(ClassLoader.java:266)
</error>
  </testcase>
  <testcase classname="com.topcoder.management.deliverable.PersistenceUploadManagerTests" name="testRemoveUploadType_Invalid1" time="0.01">
    <error message="com/topcoder/util/objectfactory/InvalidClassSpecificationException" type="java.lang.NoClassDefFoundError">java.lang.NoClassDefFoundError: com/topcoder/util/objectfactory/InvalidClassSpecificationException
	at com.topcoder.management.deliverable.PersistenceUploadManagerTests.setUp(PersistenceUploadManagerTests.java:141)
Caused by: java.lang.ClassNotFoundException: com.topcoder.util.objectfactory.InvalidClassSpecificationException
	at java.net.URLClassLoader$1.run(URLClassLoader.java:217)
	at java.security.AccessController.doPrivileged(Native Method)
	at java.net.URLClassLoader.findClass(URLClassLoader.java:205)
	at java.lang.ClassLoader.loadClass(ClassLoader.java:321)
	at sun.misc.Launcher$AppClassLoader.loadClass(Launcher.java:294)
	at java.lang.ClassLoader.loadClass(ClassLoader.java:266)
</error>
  </testcase>
  <testcase classname="com.topcoder.management.deliverable.PersistenceUploadManagerTests" name="testRemoveUploadType_Accuracy1" time="0.01">
    <error message="com/topcoder/util/objectfactory/InvalidClassSpecificationException" type="java.lang.NoClassDefFoundError">java.lang.NoClassDefFoundError: com/topcoder/util/objectfactory/InvalidClassSpecificationException
	at com.topcoder.management.deliverable.PersistenceUploadManagerTests.setUp(PersistenceUploadManagerTests.java:141)
Caused by: java.lang.ClassNotFoundException: com.topcoder.util.objectfactory.InvalidClassSpecificationException
	at java.net.URLClassLoader$1.run(URLClassLoader.java:217)
	at java.security.AccessController.doPrivileged(Native Method)
	at java.net.URLClassLoader.findClass(URLClassLoader.java:205)
	at java.lang.ClassLoader.loadClass(ClassLoader.java:321)
	at sun.misc.Launcher$AppClassLoader.loadClass(Launcher.java:294)
	at java.lang.ClassLoader.loadClass(ClassLoader.java:266)
</error>
  </testcase>
  <testcase classname="com.topcoder.management.deliverable.PersistenceUploadManagerTests" name="testGetAllUploadTypes_Accuracy" time="0.01">
    <error message="com/topcoder/util/objectfactory/InvalidClassSpecificationException" type="java.lang.NoClassDefFoundError">java.lang.NoClassDefFoundError: com/topcoder/util/objectfactory/InvalidClassSpecificationException
	at com.topcoder.management.deliverable.PersistenceUploadManagerTests.setUp(PersistenceUploadManagerTests.java:141)
Caused by: java.lang.ClassNotFoundException: com.topcoder.util.objectfactory.InvalidClassSpecificationException
	at java.net.URLClassLoader$1.run(URLClassLoader.java:217)
	at java.security.AccessController.doPrivileged(Native Method)
	at java.net.URLClassLoader.findClass(URLClassLoader.java:205)
	at java.lang.ClassLoader.loadClass(ClassLoader.java:321)
	at sun.misc.Launcher$AppClassLoader.loadClass(Launcher.java:294)
	at java.lang.ClassLoader.loadClass(ClassLoader.java:266)
</error>
  </testcase>
  <testcase classname="com.topcoder.management.deliverable.PersistenceUploadManagerTests" name="testCreateUploadStatus_Null1" time="0.01">
    <error message="com/topcoder/util/objectfactory/InvalidClassSpecificationException" type="java.lang.NoClassDefFoundError">java.lang.NoClassDefFoundError: com/topcoder/util/objectfactory/InvalidClassSpecificationException
	at com.topcoder.management.deliverable.PersistenceUploadManagerTests.setUp(PersistenceUploadManagerTests.java:141)
Caused by: java.lang.ClassNotFoundException: com.topcoder.util.objectfactory.InvalidClassSpecificationException
	at java.net.URLClassLoader$1.run(URLClassLoader.java:217)
	at java.security.AccessController.doPrivileged(Native Method)
	at java.net.URLClassLoader.findClass(URLClassLoader.java:205)
	at java.lang.ClassLoader.loadClass(ClassLoader.java:321)
	at sun.misc.Launcher$AppClassLoader.loadClass(Launcher.java:294)
	at java.lang.ClassLoader.loadClass(ClassLoader.java:266)
</error>
  </testcase>
  <testcase classname="com.topcoder.management.deliverable.PersistenceUploadManagerTests" name="testCreateUploadStatus_Null2" time="0.01">
    <error message="com/topcoder/util/objectfactory/InvalidClassSpecificationException" type="java.lang.NoClassDefFoundError">java.lang.NoClassDefFoundError: com/topcoder/util/objectfactory/InvalidClassSpecificationException
	at com.topcoder.management.deliverable.PersistenceUploadManagerTests.setUp(PersistenceUploadManagerTests.java:141)
Caused by: java.lang.ClassNotFoundException: com.topcoder.util.objectfactory.InvalidClassSpecificationException
	at java.net.URLClassLoader$1.run(URLClassLoader.java:217)
	at java.security.AccessController.doPrivileged(Native Method)
	at java.net.URLClassLoader.findClass(URLClassLoader.java:205)
	at java.lang.ClassLoader.loadClass(ClassLoader.java:321)
	at sun.misc.Launcher$AppClassLoader.loadClass(Launcher.java:294)
	at java.lang.ClassLoader.loadClass(ClassLoader.java:266)
</error>
  </testcase>
  <testcase classname="com.topcoder.management.deliverable.PersistenceUploadManagerTests" name="testCreateUploadStatus_Invalid1" time="0.019">
    <error message="com/topcoder/util/objectfactory/InvalidClassSpecificationException" type="java.lang.NoClassDefFoundError">java.lang.NoClassDefFoundError: com/topcoder/util/objectfactory/InvalidClassSpecificationException
	at com.topcoder.management.deliverable.PersistenceUploadManagerTests.setUp(PersistenceUploadManagerTests.java:141)
Caused by: java.lang.ClassNotFoundException: com.topcoder.util.objectfactory.InvalidClassSpecificationException
	at java.net.URLClassLoader$1.run(URLClassLoader.java:217)
	at java.security.AccessController.doPrivileged(Native Method)
	at java.net.URLClassLoader.findClass(URLClassLoader.java:205)
	at java.lang.ClassLoader.loadClass(ClassLoader.java:321)
	at sun.misc.Launcher$AppClassLoader.loadClass(Launcher.java:294)
	at java.lang.ClassLoader.loadClass(ClassLoader.java:266)
</error>
  </testcase>
  <testcase classname="com.topcoder.management.deliverable.PersistenceUploadManagerTests" name="testCreateUploadStatus_Accuracy1" time="0.021">
    <error message="com/topcoder/util/objectfactory/InvalidClassSpecificationException" type="java.lang.NoClassDefFoundError">java.lang.NoClassDefFoundError: com/topcoder/util/objectfactory/InvalidClassSpecificationException
	at com.topcoder.management.deliverable.PersistenceUploadManagerTests.setUp(PersistenceUploadManagerTests.java:141)
Caused by: java.lang.ClassNotFoundException: com.topcoder.util.objectfactory.InvalidClassSpecificationException
	at java.net.URLClassLoader$1.run(URLClassLoader.java:217)
	at java.security.AccessController.doPrivileged(Native Method)
	at java.net.URLClassLoader.findClass(URLClassLoader.java:205)
	at java.lang.ClassLoader.loadClass(ClassLoader.java:321)
	at sun.misc.Launcher$AppClassLoader.loadClass(Launcher.java:294)
	at java.lang.ClassLoader.loadClass(ClassLoader.java:266)
</error>
  </testcase>
[...]
	at java.net.URLClassLoader.access$000(URLClassLoader.java:73)
	at java.net.URLClassLoader$1.run(URLClassLoader.java:212)
	at java.security.AccessController.doPrivileged(Native Method)
	at java.net.URLClassLoader.findClass(URLClassLoader.java:205)
	at java.lang.ClassLoader.loadClass(ClassLoader.java:321)
	at sun.misc.Launcher$AppClassLoader.loadClass(Launcher.java:294)
	at java.lang.ClassLoader.loadClass(ClassLoader.java:266)
	at com.topcoder.management.deliverable.stresstests.StressTestPersistenceUploadManager.setUp(StressTestPersistenceUploadManager.java:71)
Caused by: java.lang.ClassNotFoundException: com.topcoder.util.collection.typesafeenum.Enum
	at java.net.URLClassLoader$1.run(URLClassLoader.java:217)
	at java.security.AccessController.doPrivileged(Native Method)
	at java.net.URLClassLoader.findClass(URLClassLoader.java:205)
	at java.lang.ClassLoader.loadClass(ClassLoader.java:321)
	at sun.misc.Launcher$AppClassLoader.loadClass(Launcher.java:294)
	at java.lang.ClassLoader.loadClass(ClassLoader.java:266)
</error>
  </testcase>
  <testcase classname="com.topcoder.management.deliverable.stresstests.StressTestPersistenceUploadManager" name="testCreateUploadType" time="0.0">
    <error message="com/topcoder/util/log/Level" type="java.lang.NoClassDefFoundError">java.lang.NoClassDefFoundError: com/topcoder/util/log/Level
	at com.topcoder.management.deliverable.stresstests.StressTestPersistenceUploadManager.setUp(StressTestPersistenceUploadManager.java:71)
</error>
  </testcase>
  <testcase classname="com.topcoder.management.deliverable.stresstests.StressTestPersistenceUploadManager" name="testUpdateUploadType" time="0.0">
    <error message="com/topcoder/util/log/Level" type="java.lang.NoClassDefFoundError">java.lang.NoClassDefFoundError: com/topcoder/util/log/Level
	at com.topcoder.management.deliverable.stresstests.StressTestPersistenceUploadManager.setUp(StressTestPersistenceUploadManager.java:71)
</error>
  </testcase>
  <testcase classname="com.topcoder.management.deliverable.stresstests.StressTestPersistenceUploadManager" name="testRemoveUploadType" time="0.001">
    <error message="com/topcoder/util/log/Level" type="java.lang.NoClassDefFoundError">java.lang.NoClassDefFoundError: com/topcoder/util/log/Level
	at com.topcoder.management.deliverable.stresstests.StressTestPersistenceUploadManager.setUp(StressTestPersistenceUploadManager.java:71)
</error>
  </testcase>
  <testcase classname="com.topcoder.management.deliverable.stresstests.StressTestPersistenceUploadManager" name="testGetAllUploadTypes" time="0.0">
    <error message="com/topcoder/util/log/Level" type="java.lang.NoClassDefFoundError">java.lang.NoClassDefFoundError: com/topcoder/util/log/Level
	at com.topcoder.management.deliverable.stresstests.StressTestPersistenceUploadManager.setUp(StressTestPersistenceUploadManager.java:71)
</error>
  </testcase>
  <testcase classname="com.topcoder.management.deliverable.stresstests.StressTestPersistenceUploadManager" name="testCreateUploadStatus" time="0.0">
    <error message="com/topcoder/util/log/Level" type="java.lang.NoClassDefFoundError">java.lang.NoClassDefFoundError: com/topcoder/util/log/Level
	at com.topcoder.management.deliverable.stresstests.StressTestPersistenceUploadManager.setUp(StressTestPersistenceUploadManager.java:71)
</error>
  </testcase>
  <testcase classname="com.topcoder.management.deliverable.stresstests.StressTestPersistenceUploadManager" name="testUpdateUploadStatus" time="0.0">
    <error message="com/topcoder/util/log/Level" type="java.lang.NoClassDefFoundError">java.lang.NoClassDefFoundError: com/topcoder/util/log/Level
	at com.topcoder.management.deliverable.stresstests.StressTestPersistenceUploadManager.setUp(StressTestPersistenceUploadManager.java:71)
</error>
  </testcase>
  <testcase classname="com.topcoder.management.deliverable.stresstests.StressTestPersistenceUploadManager" name="testRemoveUploadStatus" time="0.0">
    <error message="com/topcoder/util/log/Level" type="java.lang.NoClassDefFoundError">java.lang.NoClassDefFoundError: com/topcoder/util/log/Level
	at com.topcoder.management.deliverable.stresstests.StressTestPersistenceUploadManager.setUp(StressTestPersistenceUploadManager.java:71)
</error>
  </testcase>
  <testcase classname="com.topcoder.management.deliverable.stresstests.StressTestPersistenceUploadManager" name="testGetAllUploadStatuses" time="0.0">
    <error message="com/topcoder/util/log/Level" type="java.lang.NoClassDefFoundError">java.lang.NoClassDefFoundError: com/topcoder/util/log/Level
	at com.topcoder.management.deliverable.stresstests.StressTestPersistenceUploadManager.setUp(StressTestPersistenceUploadManager.java:71)
</error>
  </testcase>
  <testcase classname="com.topcoder.management.deliverable.stresstests.StressTestPersistenceUploadManager" name="testCreateSubmissionStatus" time="0.0">
    <error message="com/topcoder/util/log/Level" type="java.lang.NoClassDefFoundError">java.lang.NoClassDefFoundError: com/topcoder/util/log/Level
	at com.topcoder.management.deliverable.stresstests.StressTestPersistenceUploadManager.setUp(StressTestPersistenceUploadManager.java:71)
</error>
  </testcase>
  <testcase classname="com.topcoder.management.deliverable.stresstests.StressTestPersistenceUploadManager" name="testUpdateSubmissionStatus" time="0.0">
    <error message="com/topcoder/util/log/Level" type="java.lang.NoClassDefFoundError">java.lang.NoClassDefFoundError: com/topcoder/util/log/Level
	at com.topcoder.management.deliverable.stresstests.StressTestPersistenceUploadManager.setUp(StressTestPersistenceUploadManager.java:71)
</error>
  </testcase>
  <testcase classname="com.topcoder.management.deliverable.stresstests.StressTestPersistenceUploadManager" name="testGetAllSubmissionStatuses" time="0.0">
    <error message="com/topcoder/util/log/Level" type="java.lang.NoClassDefFoundError">java.lang.NoClassDefFoundError: com/topcoder/util/log/Level
	at com.topcoder.management.deliverable.stresstests.StressTestPersistenceUploadManager.setUp(StressTestPersistenceUploadManager.java:71)
</error>
  </testcase>
  <testcase classname="com.topcoder.management.deliverable.stresstests.StressTestPersistenceUploadManager" name="testCreateSubmissionType" time="0.0">
    <error message="com/topcoder/util/log/Level" type="java.lang.NoClassDefFoundError">java.lang.NoClassDefFoundError: com/topcoder/util/log/Level
	at com.topcoder.management.deliverable.stresstests.StressTestPersistenceUploadManager.setUp(StressTestPersistenceUploadManager.java:71)
</error>
  </testcase>
  <testcase classname="com.topcoder.management.deliverable.stresstests.StressTestPersistenceUploadManager" name="testUpdateSubmissionType" time="0.0">
    <error message="com/topcoder/util/log/Level" type="java.lang.NoClassDefFoundError">java.lang.NoClassDefFoundError: com/topcoder/util/log/Level
	at com.topcoder.management.deliverable.stresstests.StressTestPersistenceUploadManager.setUp(StressTestPersistenceUploadManager.java:71)
</error>
  </testcase>
  <testcase classname="com.topcoder.management.deliverable.stresstests.StressTestPersistenceUploadManager" name="testRemoveSubmissionType" time="0.0">
    <error message="com/topcoder/util/log/Level" type="java.lang.NoClassDefFoundError">java.lang.NoClassDefFoundError: com/topcoder/util/log/Level
	at com.topcoder.management.deliverable.stresstests.StressTestPersistenceUploadManager.setUp(StressTestPersistenceUploadManager.java:71)
</error>
  </testcase>
  <testcase classname="com.topcoder.management.deliverable.stresstests.StressTestPersistenceUploadManager" name="testCreateUpload" time="0.0">
    <error message="com/topcoder/util/log/Level" type="java.lang.NoClassDefFoundError">java.lang.NoClassDefFoundError: com/topcoder/util/log/Level
	at com.topcoder.management.deliverable.stresstests.StressTestPersistenceUploadManager.setUp(StressTestPersistenceUploadManager.java:71)
</error>
  </testcase>
  <testcase classname="com.topcoder.management.deliverable.stresstests.StressTestPersistenceUploadManager" name="testUpdateUpload" time="0.0">
    <error message="com/topcoder/util/log/Level" type="java.lang.NoClassDefFoundError">java.lang.NoClassDefFoundError: com/topcoder/util/log/Level
	at com.topcoder.management.deliverable.stresstests.StressTestPersistenceUploadManager.setUp(StressTestPersistenceUploadManager.java:71)
</error>
  </testcase>
  <testcase classname="com.topcoder.management.deliverable.stresstests.StressTestPersistenceUploadManager" name="testRemoveUpload" time="0.001">
    <error message="com/topcoder/util/log/Level" type="java.lang.NoClassDefFoundError">java.lang.NoClassDefFoundError: com/topcoder/util/log/Level
	at com.topcoder.management.deliverable.stresstests.StressTestPersistenceUploadManager.setUp(StressTestPersistenceUploadManager.java:71)
</error>
  </testcase>
  <testcase classname="com.topcoder.management.deliverable.stresstests.StressTestPersistenceUploadManager" name="testGetUpload" time="0.0">
    <error message="com/topcoder/util/log/Level" type="java.lang.NoClassDefFoundError">java.lang.NoClassDefFoundError: com/topcoder/util/log/Level
	at com.topcoder.management.deliverable.stresstests.StressTestPersistenceUploadManager.setUp(StressTestPersistenceUploadManager.java:71)
</error>
  </testcase>
  <testcase classname="com.topcoder.management.deliverable.stresstests.StressTestPersistenceUploadManager" name="testCreateSubmission" time="0.0">
    <error message="com/topcoder/util/log/Level" type="java.lang.NoClassDefFoundError">java.lang.NoClassDefFoundError: com/topcoder/util/log/Level
	at com.topcoder.management.deliverable.stresstests.StressTestPersistenceUploadManager.setUp(StressTestPersistenceUploadManager.java:71)
</error>
  </testcase>
  <testcase classname="com.topcoder.management.deliverable.stresstests.StressTestPersistenceUploadManager" name="testUpdateSubmission" time="0.001">
    <error message="com/topcoder/util/log/Level" type="java.lang.NoClassDefFoundError">java.lang.NoClassDefFoundError: com/topcoder/util/log/Level
	at com.topcoder.management.deliverable.stresstests.StressTestPersistenceUploadManager.setUp(StressTestPersistenceUploadManager.java:71)
</error>
  </testcase>
  <testcase classname="com.topcoder.management.deliverable.stresstests.StressTestPersistenceUploadManager" name="testRemoveSubmission" time="0.0">
    <error message="com/topcoder/util/log/Level" type="java.lang.NoClassDefFoundError">java.lang.NoClassDefFoundError: com/topcoder/util/log/Level
	at com.topcoder.management.deliverable.stresstests.StressTestPersistenceUploadManager.setUp(StressTestPersistenceUploadManager.java:71)
</error>
  </testcase>
  <testcase classname="com.topcoder.management.deliverable.stresstests.StressTestPersistenceUploadManager" name="testGetSubmission" time="0.001">
    <error message="com/topcoder/util/log/Level" type="java.lang.NoClassDefFoundError">java.lang.NoClassDefFoundError: com/topcoder/util/log/Level
	at com.topcoder.management.deliverable.stresstests.StressTestPersistenceUploadManager.setUp(StressTestPersistenceUploadManager.java:71)
</error>
  </testcase>
  <testcase classname="com.topcoder.management.deliverable.stresstests.StressTestPersistenceUploadManager" name="testGetAllSubmissionTypees" time="0.0">
    <error message="com/topcoder/util/log/Level" type="java.lang.NoClassDefFoundError">java.lang.NoClassDefFoundError: com/topcoder/util/log/Level
	at com.topcoder.management.deliverable.stresstests.StressTestPersistenceUploadManager.setUp(StressTestPersistenceUploadManager.java:71)
</error>
  </testcase>
  <testcase classname="com.topcoder.management.deliverable.stresstests.StressTestPersistenceUploadManager" name="testSearchSubmissions" time="0.001">
    <error message="com/topcoder/util/log/Level" type="java.lang.NoClassDefFoundError">java.lang.NoClassDefFoundError: com/topcoder/util/log/Level
	at com.topcoder.management.deliverable.stresstests.StressTestPersistenceUploadManager.setUp(StressTestPersistenceUploadManager.java:71)
</error>
  </testcase>
  <testcase classname="com.topcoder.management.deliverable.stresstests.StressTestPersistenceUploadManager" name="testSearchUploads" time="0.0">
    <error message="com/topcoder/util/log/Level" type="java.lang.NoClassDefFoundError">java.lang.NoClassDefFoundError: com/topcoder/util/log/Level
	at com.topcoder.management.deliverable.stresstests.StressTestPersistenceUploadManager.setUp(StressTestPersistenceUploadManager.java:71)
</error>
  </testcase>
  <testcase classname="com.topcoder.management.deliverable.stresstests.StressTestPersistenceDeliverableManager" name="testSearchDeliverablesWithSubmissions" time="0.007">
    <error message="Unexpected errors- " type="com.topcoder.db.connectionfactory.ConfigurationException">com.topcoder.db.connectionfactory.ConfigurationException: Unexpected errors- 
	at com.topcoder.db.connectionfactory.DBConnectionFactoryImpl.&lt;init&gt;(DBConnectionFactoryImpl.java:278)
	at com.topcoder.management.deliverable.stresstests.StressTestPersistenceDeliverableManager.setUp(StressTestPersistenceDeliverableManager.java:74)
Caused by: java.lang.reflect.InvocationTargetException
	at java.lang.reflect.Constructor.newInstance(Constructor.java:532)
	at com.topcoder.db.connectionfactory.DBConnectionFactoryImpl.createObject(DBConnectionFactoryImpl.java:453)
	at com.topcoder.db.connectionfactory.DBConnectionFactoryImpl.&lt;init&gt;(DBConnectionFactoryImpl.java:262)
Caused by: java.lang.ClassNotFoundException: The class name com.informix.jdbc.IfxDriver is invalid.
	at com.topcoder.db.connectionfactory.producers.JDBCConnectionProducer.&lt;init&gt;(JDBCConnectionProducer.java:317)
Caused by: java.lang.ClassNotFoundException: com.informix.jdbc.IfxDriver
	at java.net.URLClassLoader$1.run(URLClassLoader.java:217)
	at java.security.AccessController.doPrivileged(Native Method)
	at java.net.URLClassLoader.findClass(URLClassLoader.java:205)
	at java.lang.ClassLoader.loadClass(ClassLoader.java:321)
	at sun.misc.Launcher$AppClassLoader.loadClass(Launcher.java:294)
	at java.lang.ClassLoader.loadClass(ClassLoader.java:266)
	at java.lang.Class.forName0(Native Method)
	at java.lang.Class.forName(Class.java:186)
	at com.topcoder.db.connectionfactory.producers.JDBCConnectionProducer.&lt;init&gt;(JDBCConnectionProducer.java:315)
</error>
  </testcase>
  <testcase classname="com.topcoder.management.deliverable.stresstests.StressTestPersistenceDeliverableManager" name="testSearchDeliverables" time="0.019">
    <error message="Unexpected errors- " type="com.topcoder.db.connectionfactory.ConfigurationException">com.topcoder.db.connectionfactory.ConfigurationException: Unexpected errors- 
	at com.topcoder.db.connectionfactory.DBConnectionFactoryImpl.&lt;init&gt;(DBConnectionFactoryImpl.java:278)
	at com.topcoder.management.deliverable.stresstests.StressTestPersistenceDeliverableManager.setUp(StressTestPersistenceDeliverableManager.java:74)
Caused by: java.lang.reflect.InvocationTargetException
	at java.lang.reflect.Constructor.newInstance(Constructor.java:532)
	at com.topcoder.db.connectionfactory.DBConnectionFactoryImpl.createObject(DBConnectionFactoryImpl.java:453)
	at com.topcoder.db.connectionfactory.DBConnectionFactoryImpl.&lt;init&gt;(DBConnectionFactoryImpl.java:262)
Caused by: java.lang.ClassNotFoundException: The class name com.informix.jdbc.IfxDriver is invalid.
	at com.topcoder.db.connectionfactory.producers.JDBCConnectionProducer.&lt;init&gt;(JDBCConnectionProducer.java:317)
Caused by: java.lang.ClassNotFoundException: com.informix.jdbc.IfxDriver
	at java.net.URLClassLoader$1.run(URLClassLoader.java:217)
	at java.security.AccessController.doPrivileged(Native Method)
	at java.net.URLClassLoader.findClass(URLClassLoader.java:205)
	at java.lang.ClassLoader.loadClass(ClassLoader.java:321)
	at sun.misc.Launcher$AppClassLoader.loadClass(Launcher.java:294)
	at java.lang.ClassLoader.loadClass(ClassLoader.java:266)
	at java.lang.Class.forName0(Native Method)
	at java.lang.Class.forName(Class.java:186)
	at com.topcoder.db.connectionfactory.producers.JDBCConnectionProducer.&lt;init&gt;(JDBCConnectionProducer.java:315)
</error>
  </testcase>
  <testcase classname="com.topcoder.management.deliverable.stresstests.StressTestPersistenceDeliverableManager" name="testConstructor" time="0.007">
    <error message="Unexpected errors- " type="com.topcoder.db.connectionfactory.ConfigurationException">com.topcoder.db.connectionfactory.ConfigurationException: Unexpected errors- 
	at com.topcoder.db.connectionfactory.DBConnectionFactoryImpl.&lt;init&gt;(DBConnectionFactoryImpl.java:278)
	at com.topcoder.management.deliverable.stresstests.StressTestPersistenceDeliverableManager.setUp(StressTestPersistenceDeliverableManager.java:74)
Caused by: java.lang.reflect.InvocationTargetException
	at java.lang.reflect.Constructor.newInstance(Constructor.java:532)
	at com.topcoder.db.connectionfactory.DBConnectionFactoryImpl.createObject(DBConnectionFactoryImpl.java:453)
	at com.topcoder.db.connectionfactory.DBConnectionFactoryImpl.&lt;init&gt;(DBConnectionFactoryImpl.java:262)
Caused by: java.lang.ClassNotFoundException: The class name com.informix.jdbc.IfxDriver is invalid.
	at com.topcoder.db.connectionfactory.producers.JDBCConnectionProducer.&lt;init&gt;(JDBCConnectionProducer.java:317)
Caused by: java.lang.ClassNotFoundException: com.informix.jdbc.IfxDriver
	at java.net.URLClassLoader$1.run(URLClassLoader.java:217)
	at java.security.AccessController.doPrivileged(Native Method)
	at java.net.URLClassLoader.findClass(URLClassLoader.java:205)
	at java.lang.ClassLoader.loadClass(ClassLoader.java:321)
	at sun.misc.Launcher$AppClassLoader.loadClass(Launcher.java:294)
	at java.lang.ClassLoader.loadClass(ClassLoader.java:266)
	at java.lang.Class.forName0(Native Method)
	at java.lang.Class.forName(Class.java:186)
	at com.topcoder.db.connectionfactory.producers.JDBCConnectionProducer.&lt;init&gt;(JDBCConnectionProducer.java:315)
</error>
  </testcase>
  <system-out><![CDATA[]]></system-out>
  <system-err><![CDATA[An error occurred while trying to retrieve the com.topcoder.management.deliverable.PersistenceDeliverableManager log:
com.topcoder.util.log.LogException: com.topcoder.util.config.UnknownNamespaceException: com.topcoder.util.log is unknown
	at com.topcoder.util.log.LogFactory.getLogWithExceptions(LogFactory.java:392)
	at com.topcoder.util.log.LogFactory.getLog(LogFactory.java:294)
	at com.topcoder.management.deliverable.PersistenceDeliverableManager.<clinit>(PersistenceDeliverableManager.java:98)
	at com.topcoder.management.deliverable.failuretests.PersistenceDeliverableManagerTest.setUp(PersistenceDeliverableManagerTest.java:48)
	at junit.framework.TestCase.runBare(TestCase.java:132)
	at junit.framework.TestResult$1.protect(TestResult.java:110)
	at junit.framework.TestResult.runProtected(TestResult.java:128)
	at junit.framework.TestResult.run(TestResult.java:113)
	at junit.framework.TestCase.run(TestCase.java:124)
	at junit.framework.TestSuite.runTest(TestSuite.java:232)
	at junit.framework.TestSuite.run(TestSuite.java:227)
	at junit.framework.TestSuite.runTest(TestSuite.java:232)
	at junit.framework.TestSuite.run(TestSuite.java:227)
	at junit.framework.TestSuite.runTest(TestSuite.java:232)
	at junit.framework.TestSuite.run(TestSuite.java:227)
	at org.apache.tools.ant.taskdefs.optional.junit.JUnitTestRunner.run(JUnitTestRunner.java:420)
	at org.apache.tools.ant.taskdefs.optional.junit.JUnitTestRunner.launch(JUnitTestRunner.java:911)
	at org.apache.tools.ant.taskdefs.optional.junit.JUnitTestRunner.main(JUnitTestRunner.java:768)
Caused by: com.topcoder.util.config.UnknownNamespaceException: com.topcoder.util.log is unknown
	at com.topcoder.util.config.DefaultConfigManager.getPropertyObject(DefaultConfigManager.java:429)
	at com.topcoder.util.config.DefaultConfigManager.getString(DefaultConfigManager.java:449)
	at com.topcoder.util.log.LogFactory.getLogWithExceptions(LogFactory.java:381)
	... 17 more
The basic console logger will be used instead.
]]></system-err>
</testsuite>
